多米尼克・拉伯：政府不能为西班牙的隔离决定道歉
多米尼克・拉伯为政府决定在短时间内重新引入西班牙的检疫措施进行了辩护。
部长们星期六宣布，到午夜时分没有从西班牙及其岛屿返回的度假者将被迫自我隔离 14 天。
这个国家已经列入了唐宁街安全访问的 “旅游走廊” 国家名单，但最近冠状病毒病例的激增引发了人们对第二波疾病的担忧。
星期天，外交大臣为突然重新实施限制措施辩解，认为这是 "实时反应" ，以应对该区域报告的感染病例的令人担忧的激增。
他说，当时的情况在昨天下午进行了评估， "我们尽快作出决定" 。
“我们不能为此道歉，” 他补充说。
"我们必须能够采取迅速、果断的行动，特别是针对本地化的行动，或针对西班牙或某一特定国家的国际行动，我们认为我们必须采取行动" 。
“否则，我们可能会再次感染英国，可能会在这里第二次出现，然后再一次关闭。”
西班牙的交通部长被迫隔离
该决定是在西班牙记录了 900 多个新的每日 Covid - 19 案件两天后作出的。
外交大臣承认，许多旅游者没有时间取消或改变他们的计划。
他说：“我知道这对那些在西班牙或一直在考虑的人来说是破坏性的，但我们必须能够迅速采取果断的行动来保护英国。”
“我们已经取得了这样的进展，使病毒下降，并防止病毒在英国重新夺取。”
阴影健康秘书乔纳森・阿什沃斯谴责政府对这项措施的 “坦率地说” 的处理。
他说，唐宁街的突然决定让度假者 “感到困惑和不安”。
工党议员对 Sophy Ridge 说：“我理解他们为什么做出了决定，但当然，在过去 24 小时里做出这一决定的方式实在是太离谱了。
他说：“西班牙的度假者们感到困惑和不安，有的人准备去西班牙度假，像特内西这样的岛屿，他们很困惑，他们不知道他们的雇主是否允许他们接受两个星期的隔离。
"政府只是说，" 我们希望雇主合作 " 。
“在过去的 24 小时里做出这一决定的方式实在是太离谱了。”
西班牙的检疫名单对度假者意味着什么？
他敦促部长们提供 "明确" ，说明那些被要求隔离的人是否会得到财政支助，如果他们的雇主在隔离期间拒绝支付。
他补充说，还需要明确的信息， "对于那些目前在西班牙的度假者来说，他们每年都有适当的积蓄，为他们的家庭假日感到困惑和苦恼" 。
他强调说：“这一决定的沟通方式显然引起了焦虑。”
拉伯先生说，在新的指导下，任何工人都不应该受到雇主的惩罚，包括被解雇。
他说：“我们正在改变规则 — — 关于度假者和旅行者的法律改变了 — — 当然，我们希望雇主们能向那些因法律而不得不隔离的员工展示他们所需要的灵活性。
“如果有人遵循有关隔离和自我隔离的法律，他们就不会受到惩罚。”
美国的 “失败” 阻碍了对冠状病毒药物的搜索
英国方案的专家警告说，全球生产有用的抗坏血酸药物的努力正受到美国的阻碍，因为研究人员正在以 “任意、温和的方式” 测试药物。
英国的康复试验方案涉及数百名英国医院的 12 ， 000 名病人，该方案已经确定了一个有前途的新药物，以解决这一疾病，并强调了另外两个人 ---- 以前被认为是潜在的拯救者 ---- 是无用的。
但是，美国医疗体系未能与这一产出相匹配，这意味着其他有前途的治疗方法可能已经被广泛使用，但仍有待评估。
特别是，康复血浆（从 Covid - 19 患者身上提取的血浆，其中含有能保护他人免受这种疾病影响的抗体）仍有待在大规模随机试验中进行适当的检测。
“成千上万的人已经在美国获得了康复血浆，但这些治疗不是随机的，” 恢复方案的创始人之一马丁・兰德雷教授说。
“他们只是给个人康复血浆，希望它能奏效。大量已经给出，他们仍然不知道它是否有助于或伤害或没有影响，” 补充 Landray , 在建立大规模药物试验专家 .
美国没有进行大规模的随机试验，最终提供了不良的药品
随机药物试验是确定有用药物的黄金标准。
他们消除了可能使临床医生判断的无意识偏见。
成千上万的人得到了一种药物，成千上万的人得到了安慰剂。
没有人知道他们得到了什么。
然后比较结果和治疗效果。
通过这种方式，恢复能够证明类固醇地塞米松减少了三分之一的 Covid - 19 患者在呼吸机上的死亡 .
它还表明，大量的基氯药物 — — 以及药物 lopinavir 和 ritonavir 的联合疗法 — — 对挽救患者的生命没有任何影响。
至关重要的是，这些试验需要大量的病人，没有一家医院有足够的时间进行这种研究。
英国有一个关键优势 — — 一个集中的国家卫生服务机构。
相比之下，美国的医疗服务是支离破碎的，它在指出可能的治疗方面唯一的成功是强调了昂贵的药物治疗对一些科维德 - 19 患者加速康复的效用。
兰德雷补充说：“在美国有很多小的药物试验，涉及到几十名或几百名病人，但没有任何物质。”
“他们未能进行大规模的随机试验，最终提供了不良的药物。这使得药物的实践更加糟糕，患者的结果也更加糟糕。”
兰德雷说，在使用康复血浆时，这种失败特别令人恼怒，许多医生认为这可能在治疗严重疾病的 Covid - 19 患者方面发挥关键作用。
他补充说：“如果你看看美国，那么大量的这种治疗方法就被任意使用了。与那里发生的事情相比，英国的优势超出了衡量。”
传染病专家 Peter Horby 教授和恢复方案的其他创始人说：
“有报告称，有 20 , 000 名患者在队列中获得了康复血浆，但这些患者中没有一个是随机的。如果他们将这些患者置于随机试验中，我们现在就会对康复血浆的有效性有一个明确的答案。”
Horby 补充说，英国的复苏已经启动了对康复血浆的随机试验，但预计今年晚些时候不会有结果。
沙门氏菌的爆发使 23 个州的 212 人患病
7 月 25 日（ UPI ） ---- 疾病控制和预防中心正在调查沙门氏菌的爆发，在 23 个州有 212 人患病。
在星期五的新闻发布会上，疾病防治中心报告说，自从上星期二发生疫情以来，已有 87 人患病。
该机构称，在 6 月 19 日至 7 月 11 日期间，人们开始出现与沙门氏菌菌株有关的症状，这些症状可能需要两到四个星期才能显示症状。
自疫情爆发以来，已有 31 人住院治疗，但没有死亡的报告。
疾病防治中心认为，尚未确定沙门氏菌菌株的具体来源。
它没有发布任何反对食用或消费特定食品的建议，也没有指定可能出售受污染产品的零售商。
俄勒冈州有最多的沙门氏菌病例，有 51 例感染，而犹他州紧随其后的是 40 例报告病例。
根据 CDC 的数据，沙门氏菌是一种细菌，食源性疾病，每年造成 135 万人感染， 26500 人住院， 420 人死亡。
沙门氏菌感染最常见的症状是腹泻、发烧和胃，这些症状可以在接触后 6 小时至 6 天之间开始。
这种疾病通常持续 4 至 7 天，大多数人在没有治疗的情况下康复，但有些病例需要住院治疗。
在加州的狗公园里，一对夫妇在吃午饭时没有戴口罩。
有面具，然后就满了攻击。
一对加州夫妇和他们的小狗一起在狗公园吃午饭，当一个愤怒的女人在吃饭时拒绝掩盖他们的时候，他们就会对他们进行喷洒。
奥布莱恩和丈夫贾雷特・凯利说，他们在周四在圣地亚哥的 Dusty Rhodes 狗公园里抓了一口，他们的 3 个月大的狗被拖着。
当一个 “随机的老太太” 走近时，这两个人的面具就会消失，他们称他们为 “白痴”，因为他们没有掩盖，即使 “你不能同时戴面具和吃饭”。
奥勃良告诉这名妇女离开公园，停止骚扰她，这时，这名妇女释放了一对夫妇。
一名旁观者拍摄的录像片段从凯利开始，从这名妇女身上喷出来，并为他的麻烦而给他打了一剂药。
当攻击者带着她的狗走开时，奥勃良可以听到在背景下哭泣的声音。
奥勃良在 Facebook 上分享了这个视频，并告诉美国广播公司 10 她想去看那个女人 “去监狱”。
在加利福尼亚州，即使在新鲜空气中，口罩也是强制性的。
这些面具只能在选定的几次，包括在吃饭或饮酒时被移除。
然而，国家的冠状病毒准则中没有任何地方说旁观者可以使用非致命性武器来执行这一政策。
即使在目前的 “面具羞辱” 时代，这仍然是一种犯罪，处以 1 ， 000 美元或 3 年以下的罚款。
平，免费教育 Indore Egg Seller Paras Raykar ，其购物车被推翻，据称超过 100 卢比
据指称，在 Indore 的公民官员星期四推翻了 Raykar 的手推车。
两天后，一名 13 岁的鸡蛋商的手推车被社会媒体推翻， Indore 的男孩在社交媒体上发现了压倒性的支持，帮助他们从损失中恢复过来，并设法重新开始他们的业务。
这个男孩的家庭还声称，包括国会领导人拉胡尔・甘地和德里首席部长阿尔文德・基列瓦尔在内的政客们已经向他们伸出了手，并表示支持
男孩的家庭也得到了一套公寓，并愿意照顾家庭中孩子的教育费用。
据指称，帕拉斯・雷卡尔的手推车在周四被 Indore 的公民官员推翻，在那里，行政当局执行了 "左翼" 规则，在冠状病毒流行的情况下，在商店中错开营业。
在一个视频中，男孩声称，官员们在上午警告他，将他的手推车或支付 100 卢比作为贿赂，因为贿赂已经在社交媒体上传播。
当他拒绝时，官员们把他的手推车翻过来，摧毁了所有的鸡蛋，男孩说。
这个男孩还声称，他的日常销售由于大流行病而下降，他的存货损失将给他带来额外的财政负担，在视频中。
自周四以来，这个男孩的家庭一直受到全国人民的支持，其中许多人提供了现金和实物帮助。
这个家庭也得到了当地人的帮助。
虽然前首席部长 Digvijaya Singh 提供了财政支持和帮助，使儿童进入大学，但来自 Indore 、 Ramesh Mendola 的 BJP 司法机构已保证向该儿童提供 Pradhan Mantri Awas Yojana 的一所房子。
印多尔新闻俱乐部还向男孩提供口粮和钱。
国会领导人拉胡尔・甘地的办公室和德里首席部长阿尔文德・基列瓦尔也提供了帮助。
“我们被全国人民的支持所压倒。
(BJP 司法协助) Ramesh Mendola 在 Pradhan Mantri Awas Yojana 之下保证了一套公寓。
他还提供了一个周期和 2500 卢比。
Digvijaya Singh 提供了 10000 卢比，并保证照顾这两个孩子的教育。
拉胡尔・甘地的办公室也呼吁并提供支持。
德里首席部长 Arvind Kejriwal 的一名妇女打电话并提供帮助。
他的祖父说：“印度也提供了支持。”
美国内政大臣普里蒂・帕特尔要求从 Twitter 和 Instagram 解释 “可恶的” 威利・推特
普里蒂・帕特尔要求推特和 Instagram 解释威利所做的 “可恶的” 职位的时间长度。
警方目前正在调查在格里姆艺术家的社会媒体账户上张贴的一系列反犹太主义评论。
内政大臣在星期天发表了讲话：“威利的反犹太主义职位令人憎恶。
“他们不应该在 Twitter 和 Instagram 上呆这么久，我已经要求他们做一个完整的解释。
“社交媒体公司必须更快地采取行动，从他们的平台上消除这种可怕的仇恨。”
推特被指控 “忽视反犹太主义”，因为威利的推特在首次发布后的 12 小时内仍清晰可见。
此后，一些推特被删除， 41 岁的人已被该网站发布了 7 天禁令。
推特之前说，威利的帐户暂时被锁定为 “违反我们的仇恨行为政策”，而 Facebook 则表示 “在 Instagram 没有仇恨言论的地方”。
大都会警察局周六说：“Met 非常严肃地对待所有反犹太主义的报道。相关材料正在评估中。”
与此同时，威利的管理公司 A - List Management “切断了与明星的一切联系”。
这位艺术家的前任经理约翰・伍尔夫是犹太人，他在 Twitter 上写道：“在威利的反犹太主义推特之后，我们今天在 @ A _ ListMGMT 与他断绝了一切联系。反犹太主义在社会中没有立足之地。”
他早些时候曾说过，他不支持或宽恕威利张贴的内容，但他将私下与他交谈，并 “帮助教育他”。
然而，在 Instagram 的一个视频中，威利似乎说是他与他的管理层断绝了联系。
其他议员批评 Twitter 允许 Twitter 保持可见。
工党议员 Jess Phillips 在上周六说：“刚才看到了威利的所有东西。为什么地球上的 Twitter 会留下如此明目张胆的反犹太主义和仇恨？它打击了所有危险的打击，犹太人得到了你没有得到的东西，他们控制住了，他们认为自己更好 … … 这是危险的东西。当然应该下来。”
议员尼尔・科伊尔补充说： "他的管理层似乎能够更快地采取行动，" 推特 "再次强调，立法 (包括《在线武器法案》) 应确保社会媒体平台不被用来传播仇恨" 。
政府反犹太主义问题独立顾问约翰？曼恩 (John Mann) 说，这些 tweets “恰恰证明了为什么法律需要改变，以合理的考虑。”
与此同时，反对反犹太主义运动要求警方调查威利的内容，并呼吁他的社交媒体关闭 “防止更多的反犹太毒液”。
威利，被称为格里姆的教父，他的真名是理查德・考伊，他在 2018 年获得了音乐服务的 MBE 。
Kudlow 说，下一个冠状病毒刺激法案将包括更多的检查，延长驱逐期限
白宫经济顾问拉里・库洛 (Larry Kudlow) 周日承诺，联邦政府将延长暂停驱逐的期限，并将另一轮检查作为下一个冠状病毒刺激计划的一部分。
在白宫希望削减工资税的一周后， Kudlow 的评论被国会击落。
“有一个 $ 1 , 200 支票即将到来。这将是新的一揽子计划的一部分。我更愿意减薪，在那张支票的顶部，” Kudlow 在 CNN 的 “联盟的国家说 .
“但是，这也许在政治上行不通。”
虽然没有正式宣布任何协议，但财政部长史蒂夫・姆努钦和白宫办公厅主任马克・梅多斯最近一直在国会大厦，与国会领导人讨论新的一揽子救助计划的细节。
在结束联邦政府提供的 600 美元的失业救济金方面， Kudlow 认为，额外的钱正在伤害小企业雇用工人。
他说：“我们接到了大量的调查、电话和投诉，这些电话和投诉都是小商店和企业，餐馆不能雇佣人。”
“他们走得太远了。也许去年三月，有必要这样做，但实际上，人们没有回来工作会产生后果。”
在《福克斯星期天新闻》的当天早些时候，马努钦说：“我认为工人和美国人理解这个概念，即你不应该付出更多的钱呆在家里而不是工作。”
马努钦说，新的法案将提供更多的失业救济金，但他指出，这将低于根据《 CARES 法》发放的款项。
他说有些工人的收入超过了他们的工作收入。
因此，当企业重新开放时，一些雇员没有返回工作的动力。
这位秘书说，特朗普政府和参议院的共和党议员在同一网页上有 1 万亿美元的一揽子计划，但他指出，为了迅速通过一项法案，与民主党谈判的难度更大的问题可能会被推迟到另一项法案中去。
女王和亚当・兰伯特：布莱恩 5 月庆祝罗杰・泰勒的生日
女王传说今天与滚石乐队的前锋米克・贾格尔分享他的生日，他现在 77 岁了。
今年 7 月 19 日，布莱恩 5 月 19 日庆祝了他的 73 岁生日，并感谢歌迷们的生日祝福
这位摇滚明星在他和他的妻子安妮塔・多布森的旁边写了一句话：“为我做的生日宴会 — — 我们打扮得呆在家里！”
埃及法院将谋杀三名儿童的人提交精神病评估
在星期天，南 Minya 检方的司法部长 Tamer Motea 判处一名农民四天监禁，等待调查他为什么谋杀了他的三个孩子，同时还将他提交给一个精神病委员会。
7 月 24 日， 56 岁的 Mohamed Ali 把他的孩子 Khadiga ， 4 岁， Mena ， 8 岁，和 Omar ， 6 岁，在 Mallawi 火车站的一列移动火车前。
在调查期间，阿里被发现是不协调的，导致怀疑他患有精神崩溃。
他的妻子否认她有任何问题，并将他的行为归因于心理问题。
Massart Mallawi 的村民没有谈论这一事件，只向儿童家庭表示慰问。
10 月，全国儿童和母亲委员会顾问 Khalid Darwish 说，大约 93% 的埃及儿童遭受暴力。
他补充说，起诉是消除虐待儿童的最重要支柱之一，并强调了理事会与公诉人在这方面合作的重要性。
根据国家妇幼保健委员会编写的一份研究报告，儿童在本应安全的地方，如家庭、学校或俱乐部，遭受暴力，并遭受本应照顾他们的人，如父母或教师的暴力。
美联社报道白宫新闻秘书 Kayleigh McEnany 的 “政治” 简报 — — 但记者们一直在问政治问题 — — 美国新闻
美联社指责白宫新闻秘书 Kayleigh McEnany 担心媒体的报道，让她的简报是政治而不是信息，显然忘记了记者选择的问题。
美国最大的通讯社美联社周六发表的一篇文章说，白宫的新闻发布会可能是一个 “打破的传统”，因为麦克恩尼已经为总统面临连任的总统提供了 “一个精简的、全面的广告，一个攻击媒体的场所，一个相对轻松的论坛”，而这是关于政府所做的事情。
这些说法中的最后一个说法是无可争议的，因为在简报会上几乎没有任何新的信息。
美联社没有提到的是，在简报会上几乎没有任何新的信息。
记者们经常利用白宫的压力来吸引人们的注意力，这是 CNN 的吉姆・阿科斯塔完善的艺术形式。
他们超越了典型的对抗性媒体管理关系，互相重复，提出了仅仅是为了指责唐纳德・特朗普总统的问题。
在某些情况下，他们自己成为新闻，比如 CBS 新闻记者伟佳对特朗普的 “问中国” 的回应是对种族主义的一个不太微妙的暗示：“先生，你为什么特别对我说？”
7 月 6 日的简报提供了一个最好的例子，说明简报会如何不再是美国人有意义的信息来源。
当天上午，特朗普在推特上说，纳斯卡的电视收视率受到了对司机布巴・华莱士的仇恨犯罪的告，以及它决定禁止在其事件中展示南方联盟的旗帜。
可想而知，大多数问题都是关于记者在记者问麦克恩的问题后提出的问题，这些问题的目的是促使她说特朗普支持南方联盟的旗帜。
麦克恩尼没有提供记者想要的答案 — — 这将会伤害特朗普 — — 但她一再回应说，总统没有在南方联盟的旗帜上采取立场，他的信息的要点是，纳斯卡球迷被错误地描述为种族主义分子。
美联社说，她在简报中 “恼怒”。
美联社的报道在本月早些时候由美国广播公司新闻网的记者乔纳森？卡尔 (Jonathan Karl) 发表。
卡尔辩称，“否认现实，利用白宫讲台纯粹出于政治目的，是对公众信任的侵犯。”
然而，麦克恩尼的机智和好斗的风格使她成为一些特朗普支持者的英雄，因为她在 4 月接任新闻秘书后，于 5 月 1 日首次向她通报情况。
在她被任命前一年多的时间里，他们都缺席了。
与华盛顿政治生活的其他方面一样，白宫新闻秘书与媒体的关系在特朗普时代发生了巨大变化。
这一变化来自双方，并预示着麦克恩尼的到来。
在 2018 年 4 月的白宫通讯员晚宴上，喜剧演员米歇尔・沃尔夫（ Michelle Wolf ）在白宫通讯员的晚宴上烤了前新闻秘书莎拉・哈克比・桑德斯（ Sarah HuckabeeSanders ）。
美联社白宫记者吉尔・科文在第一次简报时对麦克恩说：“你保证永远不会从那个讲台上向我们撒谎吗？”
福克斯新闻政治分析家休 (Brit Hume) 现年 50 岁，他是美国广播公司 (ABC) 首席白宫通讯员。
这是因为他们反对特朗普的焦点，他本周说，在福克斯的塔克・卡尔森・托普的节目中，记者们忽视了收集政策消息。
“这不仅仅是一个有意义的游戏，” 休姆说，“这不仅仅是一个有意义的游戏。”
" 这不仅仅是试图使公职人员难堪，而是要取信息。
在加州抗议期间，法院放火焚烧
奥克兰警方说，加利福尼亚的新教教徒放火焚烧了一个法院，在周六晚些时候举行了一次和平示威后，一个警察局遭到破坏，并袭击了警察。
奥克兰部门在 Twitter 上说，示威者打碎了窗户，喷漆涂鸦，燃放烟花爆竹，并向军官们发射激光。
几个推特呼吁和平，并要求组织者 "帮助我们为示威者提供安全的空间和安全场所" 。
抗议活动于周六晚上早些时候开始，类似于在俄勒冈州波特兰市成立的一个团体，类似于在俄勒冈波特兰市成立的一个团体。
唐纳德・特朗普总统已经派遣联邦特工镇压自 5 月 25 日乔治・弗洛伊德在明尼阿波利斯死亡以来的夜间抗议活动。
奥克兰的抗议活动开始和平地开始，但后来演变成了暴力。
下午 11 时 30 分，警察宣布了 "非法集会" ，警察要求人群散开。
据报道，大火发生在 Alameda 县高级法院，不久后就发生了火灾。
警方说，抗议者一度 “打破窗户，在居民中高喊种族诽谤”。
该部门的照片显示，碎玻璃和油漆在警察大楼里被打碎了。
联合国高级官员巴基斯坦的访问，列举了飞行问题
伊斯兰堡（美联社） — — 即将上任的联合国大会主席星期天宣布，“由于一些技术性飞行问题”，他将推迟预定访问巴基斯坦。
土耳其外交官 Volkan Bozkir 上个月当选为联合国大会第 75 届会议主席，并定于周日抵达伊斯兰堡。
但在 Twitter 上，他表示，对巴基斯坦首都的访问将不得不等待。
巴基斯坦外交部长沙赫・马哈茂德・库雷希 (Shah Mahmood Queshi) 回应了 Bozkir ，他说：“我期待着欢迎你很快来到巴基斯坦进行建设性和富有成果的
一天早些时候，在宣布此次访问的同时，兴高采烈的奎雷希曾希望他将与包括克什米尔在内的博兹基尔讨论一系列问题。
自 1947 年脱离英国统治以来，巴基斯坦和印度就对争议地区进行了三次战争。
双方经常在克什米尔交火，造成双方部队和平民伤亡。
巴基斯坦希望联合国在根据其决议解决克什米尔问题方面发挥作用，允许居住在喜马拉雅地区的人民决定他们是否愿意与印度、巴基斯坦或他们是否愿意独立。
保罗・帕格巴在曼联封印后暗示了他的未来
曼联球星保罗・帕格巴曾建议他今年夏天在红魔封顶后留在俱乐部。
在弗兰克・兰帕德的切尔西之前， 2 - 0 战胜莱斯特的比赛是曼联的第三。
曼联在 12 场比赛前的比赛中出场了 14 分，但在前四场比赛中出现了一场轰动的比赛。
在过去的两年中， Pogba 曾两次请求离开俱乐部，预计今年夏天将离开俱乐部。
然而，这种大流行病意味着今年夏天很少有俱乐部会花费大量的钱，而没有一个买家可以将转会费和 Pogba 的工资结合起来，以吸引他离开老特拉福德。
在最近几个星期里，这一澄清帮助了 Pogba ，因为他的表演以及他的身体语言都有了改善。
这个法国人已经放弃了最新的暗示，他将在他的 Instagram 在他的 2 - 0 获胜后，在他的 Instagram 报。
虽然 Pogba 可能仅仅是在庆祝俱乐部重返赛场，但许多球迷都将其解释为一个强有力的建议，即他仍将在俱乐部竞争，因为他们将再次与欧洲竞争。
Pogba 有一年的时间来处理他的现有交易，尽管俱乐部可以将他的任期延长 12 个月，这意味着他有两年的时间。
曼联热衷于扩大 Pogba 的交易，他们希望在下个赛季之前澄清他的处境。
Pogba 在俱乐部感到很舒服，并因布鲁诺・费尔南德斯的到来而受到鼓舞。
这位葡萄牙球员在老特拉福德的比赛中获得了启示，他的到来使 Pogba 在一个更深层次的中场位置上踢球，这也改善了他的情绪。
沃特福德在英超联赛中被英超降级
沃特福德的一些球员下来，其他人则在没有时间搁的情况下进入了隧道。
在英超的 5 年中，哨声刚刚吹响，没有人可以说，当这个场合要求他们向阿森纳投掷厨房水槽时，他们就没有打架就走了。
在过去的十年中，这是一个充满了脆性、紧迫感和攻击性的表现，但这一表现在过去的十年中表现得很好，但也来得太晚了，因为这场战斗几乎完全改变了一天的三个目标赤字。
埃米利亚诺・马丁内斯在他的前队友在他的前队友在两个安全目标中被窃听后不久，他就没有出色地挽救了丹尼・威尔贝克的后脚跟。
最后，他们失足了，他们的看守经理海登・穆林林（ Hayden Mullins ）可能会反映出，如果他的团队以前曾展示过类似的应用程序，他将永远不会被移交给
在整个赛季里，他们还不够好，但也没有雇佣他们的组织。
一个糟糕的运动可能不会破坏一个帝国，但是，波佐家族所建立的基金会也不会提供任何形式的保证，他们将从第二层起航。
很难摆脱沃特福德对经理的习惯已经过时了。
他们的下一个永久性 — — 也许是最宽松的 — — 任命将是 8 年来的第 12 次，只有如此多的新鲜空气，新的扫才能扫进去。
特洛伊城面临降级，尽管在阿联酋受到了蔑视。
球员们将离开， Isma  la Sarr 在这里再次表示，他将在 9 月参加冠军足球比赛是不可思议的，而稳定的手应该是一个优先事项。
在一次遭遇米克尔・阿泰塔（ Mikel Arteta ）的遭遇中，繁荣与萧条的票价没有任何稳定，尽管它确实是为了娱乐而做的。
阿泰塔后来说，沃特福德的前锋 “作弊”，虽然他很快就澄清了这是 “赌博，站在前面” 的足球术语。
他们当然需要这样做：任何可能最终就足够的战斗点的建议都很快就会被苏格兰化，他们可能会想知道，如果他们没有被强迫去追赶，事情会发生什么。
相反，他们几乎立即承认了惩罚。
克雷格・道森在 40 秒内就不小心地将 Alexandre Lacazette 塞进了 Alexandre Lacazette ，但它花了近 3 分钟的时间才有信心授予他的点球。
沃特福德聚集在一起，毫不留情地按右手边的电动形式，并通过 Roberto Pereyra 和 Troy Deeney 接近。
但随后，奥班尼昂将基伦・蒂尔尼的注意力放在了一个偏斜的位置上，而在第一次饮酒的比赛中，这场比赛非常古怪，以至于阿泰塔是经理在阿森纳的优势下撕裂了他的球员。
随后，欧米朗控制了蒂尔尼的长球，并将他的一个进球给了他一个进球，他的一个进球是他的一个进球，他将与杰米・沃迪分享，如果本・福斯特在接近尾声的时候没有阻止最后一次机会
沃特福德似乎已经完成了任务，但他们坚持了下来，而且，在大卫・路易斯为 Welbeck 的专辑制作了另一个轻率的禁区挑战之后， Deeney 在分手前就在他自己的点球大战中
德妮在本赛季的大部分时间里受伤了，他在场上拉了自己的位置，并在角斗士模式中度过。
他可能会在第二个时期错过了亚当・马琳娜的机会，而更多的空缺也被拒绝了。
威尔贝克第一次被优秀的马丁内斯所挫败，他证实将在周六的足总杯决赛中首发出场，然后在从萨尔转来转去的时候，整个沃特福德的球队都站在他们的脚边。
但是沃特福德的前景淡了，因为他的下一次努力被击退了，从上到下的灵魂搜索需要广泛。
众所周知，塔霍湖受到气候变化的污染
加利福尼亚州的南湖塔霍 — — 尽管大流行病，甚至在一个工作日，人们仍然在塔霍湖的教皇海滩。
“我喜欢露营，骑自行车，在湖里游泳，” 一个叫达科塔的女孩说。
“这是每个人都想访问的地方。”
这就是为什么 Matt Meunier 的潜水业务仍然强劲，即使在大流行病中也是如此。
他说，他看到 “非常清晰。太浩湖是最干净，最美妙的湖，我想，在全国。”
现在坏消息：塔霍湖并不像 20 多年前搬到这里时那样干净，不像以前那么清晰。
“我们注意到的东西越来越多，” Meunier 说。
“你在岩石上弄到这种奇怪的水藻。”
科学家认为，气候变化影响了水温，从而影响了水温的清晰度。
每年有 1500 万人参观这个湖，还有他们留下的垃圾。
Meunier 说，去清理湖底的潜水旅行发现了旧垃圾。
“当我说旧垃圾时，我指的是 60 年代， 70 年代，” Meunier 说。
“啤酒罐，汽水罐，教堂钥匙罐从过去的日子。”
科学家们每年都会通过投掷白色圆盘来监测塔霍湖的清晰度，然后测量它们能看到的程度。
加州大学戴维斯分校的教授杰夫・施拉德说，这是一个 “重要的指标，说明湖泊是多么健康”。
去年测量时，湖的清晰度约为 80 英尺。
这意味着你可以看到 80 英尺高的圆盘。
但是，考虑到这一点，大约 20 年前，湖泊的清晰度是 100 英尺。
这就是科学家试图扭转的趋势。
但他们正在应对气候变化的影响，湖周围的发展，以及 20 世纪 60 年代在湖中增加的一些东西：一只微小的侵入性虾，用来喂鱼。
它不起作用。
他说：“一旦虾进来了，湖里就没有天然的清洁剂了。”
世界各地的湖泊和水域也面临类似的挑战。
他说：“这里的教训是，如果你不能在塔霍河上做的话，那么全国所有的河流和河口、溪流和湖泊都有什么希望呢？
Meunier 说，他 “充满希望”，因为 “如果我们的大流行病有一线希望，我认为它表明，如果我们缓解这种压力，人类的压力，摆脱它，让它发生，自然就会恢复和愈。现在有了事实。”
由充电器签署的 4 项草案中的 QB Herbert
美国加利福尼亚州的 COSTA MESA 公司 — — 洛杉矶充电器已经签署了其中的 4 份草案，其中包括四分卫贾斯汀・赫伯特，并同意与他们的其他两名成员达成协议。
在星期六，查察队在向训练营地报告物理和设备的时候，就能获得合同。
与赫伯特（ Herbert ）一起入选第六名，他的团队宣布了广泛的接收器乔里德（第五回合）和 KJ Hill （第七轮）的签名，以及第六轮安全 Alohi Gilman 。
他们已经同意了第一轮的比赛，他是在第四轮中被选中的。
赫伯特在俄勒冈州开始了 42 场比赛，创下了 10 ， 541 码的记录，共有 108 次。
上个赛季，他带领球杆参加了 Pat - 12 冠军，在 14 场比赛中投掷了 32 次触击和 6 次拦截。
他的职业生涯以 “玫瑰碗” 的胜利结束了他的职业生涯，他在那里跑了 3 次，并被命名为进攻 MVP 。
赫伯特将与资深的 Tylog 泰勒竞争开始工作。
在菲利普・里弗斯在 14 个赛季后通过自由代理离开后，查察队将有一个新的四分卫。
穆雷是在洛杉矶与新英格兰交易后的第 23 次总选，回到第一轮。
上个赛季，他是第三队的联合新闻全美国选拔赛，他领导了 102 次比赛，其中包括 69 个独奏。
今年夏季，巴萨在 Coutinho 、 Dembele 、 Rakic 和 Vidal 等所有上市交易中都有全部的销量
据报道，巴塞罗那将在今年夏天被称为销售俱乐部。
至少有 12 名一线队的明星被拉西加公司的巨头们所列，他们声称玛卡。
据报告， Philippe Coutinho 被巴塞罗那转移
其中包括英超目标菲利普・库欣霍、 Ousmane Dembele 、 Ivan Rakic 和 Samuel Umtiti 。
Coutinho 和 Umtiti 都与阿森纳的转会联系在一起，巴西也被切尔西盯上了。
虽然曼联和托特纳姆据说是在为拉科的服务而战。
法国世界杯冠军德贝莱最近在诺坎普的比赛中苦苦挣扎，他最近与 PSG 在与 Neymar 的互换交易中联系在一起。
其他被认为多余的玩家包括 Neto 、 Nelson Semedo 、 Junior Firpo 、 Arturo Vidal 、 Martin Braithwaite 、 Carles Alena 、 Rafinha Alcantara 和 Jean - Clair Todibo 。
巴塞罗那希望明确的退出不仅能增加他们的资金，而且还能帮助他们未来的转会业务。
据说 Ousmane Dembele 也是多余的
据西班牙报纸报道，巴萨已经确定了下赛季的转会目标 — — 阿根廷前锋莱夫罗・马丁内斯在他们的热门名单中名列前茅。
但国际米兰仍在继续要求他的 1 ， 100 万英镑的释放条款，然后再与加泰罗尼亚人谈判。
巴萨在购买之前必须卖出，但仍然相信他们可以与意甲联赛达成交易。
巴塞罗那 “为阿森纳的菲利普・库欣霍提供转会，以换取坏男孩 Guendouzi”，因为枪手试图卸下中场球员
汽车在人群中行驶，抗议者在科罗拉多州开枪
在反对种族不公正的示威活动中，一辆汽车在丹佛郊区奥罗拉郊区的郊区被枪杀。
奥罗拉警察局在 Twitter 上说，抗议者周六在 225 号洲际公路上行走时，一辆汽车驶过。
警方说，一名抗议者发射了一枚武器，击中至少一名被送往医院的人。
当局说，车辆被拖走，他们正在调查。
警方说，抗议者还砸碎了法庭的窗户，并在办公室里起火。
当局说，宣布了一个非法集会，警察命令抗议者离开该地区。
在最近反对种族不公正的抗议活动中，紧张局势加剧，因为联邦官员被派去平息俄勒冈州波特兰市的示威。
警方于星期六在西雅图宣布骚乱。
5 月 25 日，明尼苏达州一名黑人男子乔治・弗洛伊德的死亡引发了抗议。
在科罗拉多州，抗议者一直在提请注意以利亚・麦克林的死亡，他在 2019 年 8 月在奥罗拉大街上行走时被警察截住，当时 911 的人报告说他是可疑的。
警察把他安置在一个禁闭室里，医护人员用 500 毫克的氯胺酮，镇静剂，让他平静下来。
他进行了心脏骤停，后来被宣布为脑部死亡，并夺走了生命的支持。
劳工反犹主义者要求被驱逐或面临诉讼
据报道，劳工必须支付 300 万至 800 万英镑的损失。
现在，领袖 Keir Stammer 面临驱逐 Corbyn 先生的压力。
昨晚前政党工作人员说，如果柯比先生被逐出该党，他们将放弃法律诉讼。
工党迄今拒绝就这一需求置评。
然而，工党议员乔恩・特克尔特说：“这是个荒唐的需求。”
柯比恩的支持者说，斯塔默需要把重点放在处理冠状病毒的保守党处理上，而不是将其转移到工党内部。
前工党消息人士告诉《每日邮报》，即使 Stammer 先生确实驱逐了 Corbyn 先生，他们也会采取法律行动。
他说：“我的意思是，他真的让工党再次竞争。
“在政策上还有很长的路要走，但他的开局确实令人印象深刻，他不得不面对这样的局面，即对于许多真正放弃工党的人来说，选民是如此，我认为他们现在更同情地看待这个问题，他们认为他是一个严肃的人物。”
布莱尔确实担心工党仍然被视为提高税收的政党。
他说：“当你加入工党时，我的税收经验真的很谨慎，因为那里的公众并不担心你是否会增税，他们可能担心你会增税，所以你必须注意到这一点。”
Covid - 19 将永久改变世界经济 (意见)
病毒筛查很可能成为我们生活的一部分，就像安全措施在 9 / 11 之后无处不在。
重要的是投资于必要的基础设施，以侦查未来的病毒爆发。
这种投资保护经济，以防对 Covid - 19 的豁免是临时性的。
许多经济体在这一流行病期间采用了德国 Kurzarbeit (短期工作) 补贴的版本。
这项政策使工人的工作时间和工资都减少了，政府补偿了部分工资短缺。
通过保持企业与工人之间的匹配，经济更好地做好了迅速复苏的准备。
必须改善这些政策的执行情况，使之成为我们经济复苏工具包的永久组成部分。
远程工作很可能变得更常见。
我们有一些证据表明，在家工作至少和在办公室工作一样有成效。
然而，许多公司不愿意接受远程工作。
现在许多人尝试了很好的结果，远程工作可能会留在这里。
大流行病危机加快了数字转型的步伐，电子商务进一步扩展，采用远程医疗、视频会议、在线教学和金融技术的速度加快。
拥有国际供应链的公司正在处理短缺和瓶颈问题。
我们很可能会看到这些公司中的许多公司将他们的一些产品重新出售。
不幸的是，这一趋势不会创造很多就业机会，因为大部分生产可能是自动化的。
在危机期间，政府在扮演保险人和投资者的角色后，政府将变得更大。
公共债务将膨胀，给全世界带来金融挑战。
科维德 - 19 流行病的最重要教训是，必须共同努力解决影响全人类的问题。
我们比分裂更团结。
广告牌巨头要求机场、议会提供折扣
哦！今年早些时候，媒体筹集了资金，以提供更多的财政确定性，因为该流行病开始吓到广告客户。
消息人士说，这些公司正在讨论如何通过减少其运营地点的租金，或通过取消或减少最低收入保障来抵消大幅下降，而这通常是在首次签署协议时引入的。
有一个消息来源指出，大型广告牌公司可能已保证其收入预测的 85% 的租金。
有些合同有条款允许他们减少最低限度的担保，如果一个地区的人数减少了一定比例，但不清楚这一条件是否在广告牌公司与其房东之间的任何合同中。
与此同时，这些公司正在向广告商提供巨大的折扣，以填补广告牌上的可用时段，并给他们带来尽可能多的钱。
悉尼《生物多样性公约》和外部郊区的广告牌，通常有 6 个广告，正在努力填补所有可用的插槽。
但一些网站 — — 比如在悉尼机场的 40 x 10 米广告牌 — — 已经升级。
哦！媒体拒绝评论，但在麦格理澳大利亚会议 5 月，它标志着超过 $ 2 , 000 万固定租金费用节省 .
JC Decaux 拒绝对此发表评论。
机场和公共交通是广告牌公司利润丰厚的广告合同。
根据《 2019 年室外媒体协会报告》，包括机场在内的交通收入为 1.694 亿美元，而街头家具和公共汽车和有轨电车的收入为 2.665 亿美元。
JC Decaux 公司与悉尼机场、 Yarra Trams 、珀斯机场和悉尼巴士签订了合同。
哦！媒体在 Qantas 休息室，悉尼机场以外，阿德莱德机场，达尔文机场以及悉尼和墨尔本的火车站等领域都有广告牌。
在这一流行病期间，对墨尔本机场和悉尼 Trains 的投标一直在进行，尚未作出正式决定。
墨尔本是澳大利亚第二大的机场合同，而冠状病毒每年都有数千万人。
在今年 2 月的全年业绩中，媒体称，它从 “苍” 类别中获得了 6590 万美元，主要由悉尼机场的收入组成。
由 Adshel 以前拥有的铁路合同和街头家具组成的 "通勤" 收入为 2.348 亿美元。
根据其 2018 年向澳大利亚证券和投资委员会提交的财务结果， JC Decaux 澳大利亚在 2018 年从运输中获得了 3770 万美元的收入。
但这两个数字今年可能会大幅下降。
标准媒体指数 (Standard Media Index) 称， 6 月份户外广告市场的支出大幅下降了 68% 。
相比之下， 6 月的临时结果显示，数字支出下降了 37% ，而都市电台则下降了 48% 。
6 月份，大都会电视台的支出下降了 34% ，报纸支出下降了 49% ，杂志支出下降了 66% 。
冠状病毒：来自西班牙的旅行者被告知检疫
根据新的冠状病毒旅行规则，从西班牙抵达英国的旅客现在必须隔离 14 天。
他们是在西班牙的冠状病毒病例激增后宣布的，周五报告的病毒病例超过 900 例。
西班牙官员还警告说，第二波可能即将到来，因为主要城市已经看到了病例激增。
包括英国航空公司在内的航空公司都批评新措施是对英国度假者的 “另一个打击”。
目前在西班牙度假的人已被运输署告知遵守当地规则，恢复正常回家，并检查外交部的旅行咨询网站，以获取更多信息。
外交部建议禁止前往西班牙大陆的所有基本旅行，但检疫措施适用于从西班牙大陆、加那利群岛和巴利阿里群岛返回的人，如 Majorca 和 Ibiza 。
外交部的咨询意见对旅行保险有影响。
在受新规则影响的人当中，运输秘书格兰特是周六在西班牙度假的。
预计他将继续按计划进行旅行，并根据关于他返回的指导意见孤立起来。
英国旅行者的检疫措施于 6 月初首次推出。
但在航空和旅游行业的压力下，政府和权力下放的政府公布了豁免规则的国家名单。
英国航空公司表示，对政府旅行建议和规则的最新变化感到 “失望”，尽管航空公司表示，其航班仍在继续运营。
它说，此举 “将数以千计的英国人的旅行计划变成了混乱。”
机场运营人协会说，新措施将 “进一步破坏已经脆弱的航空业重启，这将继续面临其历史上最大的挑战。”
英国最大的旅游运营商 Tui ，周日取消了飞往西班牙大陆和加那利群岛的航班。
目前正在度假的客户将能够返回他们预定的航班回家。
不过，预算航空公司 EasyJet 说，它 “失望”，并将在未来几天内运行一个完整的时间表。
该公司在一份声明中说：“那些不再愿意旅行的客户可以在没有变更费用的情况下转移航班，也可以收到预订价值的凭证。”
英国旅行社协会的发言人说，政府的检疫规则变化 “令人失望”。
他说：“我们建议政府考虑取消某些地区的检疫规则，这些地区的感染率较低，或者是在地理上与西班牙大陆不同的巴利阿里群岛或加那利群岛等地区，以避免对英国入境和出境旅游业造成进一步损害。
迄今为止，西班牙已发现超过 28000 例冠状病毒死亡。
周四，它发现，自关闭以来，感染病例每天都在增加。
加泰罗尼亚已经成为最新的一个打击夜生活的地区。
位于巴塞罗那的富裕的东北部地区命令所有夜总会关闭两个星期，并在更大的巴塞罗那地区实行午夜宵禁。
英国广播公司在马德里的 Guy Hedgecoe 说，年轻人的感染是一个特别令人担忧的问题，因为他们在夜间聚集了大量的城市。
法国警告其公民不要前往加泰罗尼亚，而挪威则表示将开始隔离来自西班牙的人。
政府敦促雇主 “了解那些从西班牙回来的人，他们现在需要自我隔离。”
但是工党的影子内政大臣尼克・托马斯 - 西蒙兹要求政府详细解释它将如何支持受影响的人，并补充说这一消息将 “对那些在西班牙被抓获或正在计划旅行的家庭来说”。
苏格兰首席部长尼古拉・斯托洪格说，这项决定是在周六早些时候审查最新数据后做出的。
她说：“这加强了这一点，即这些问题在短时间内就会改变，所以我的建议是谨慎对待非必要的外国旅行。”
来自汉普郡的约翰？布莱克威尔（ JohnBlackmore ）将与他的妻子和两个年幼的孩子一起飞往西班牙的家庭。
但新规则意味着他不得不取消，因为担心他的妻子的雇主将无法让她在返回后再接受两个星期的隔离。
他说，他认为他们不太可能得到航班的退款，因为它没有被取消。
“我很伤心，” 他对 BBC 说。
“我有一个在西班牙的家庭，他们自圣诞节以来就没有见过他们唯一的孙子。”
来自南约克郡的露易丝？斯托斯塔德 (Lois Stothard) 告诉 BBC ，她已经为她的男朋友 30 岁生日预订了一个假期 — — 因为她的男朋友是在周日的早晨飞出来的 — — 但现在
她说：“我是一个关键的工人 — — 我是一名教师 — — 我的男朋友有工作承诺，所以在我们返回的 14 天内，我们不能隔离。”
“我们无法收回任何资金，要改变公司想要的两倍，我已经支付了费用。我很失望和不安，因为我们打包，准备好了。”
莱斯特高兴地击中了欧洲足球的目标。
杰米・沃迪承认他对错过了欧冠比赛感到失望，但他说莱斯特城实现了他们在赛季初对欧洲的资格。
Foxes 在 12 月的比赛中排名第二，在比赛结束后，足球重新开始了，但他们在前 5 场比赛中只拿下了 4 分，在英超联赛中完成了第五场
在曼联的最后一天，曼联将获得前四的胜利，但 Brendan Rodgers 的球队遭受了 2 - 0 的损失，沃迪说这是最令人不快的方面。
“这是令人失望的，更多的是我们最终输掉这场比赛的方式，” 他在天空体育的全职说。
“但是我们在更衣室里说过，我们的目标是关门大吉，以符合欧洲的资格，我们已经做到了这一点。”
他说：“我们有机会获得欧冠资格，这更美好，但我们将反思它，并在明年恢复强势。
“这很难接受，但我们的主要目标是欧洲，我们已经做到了这一点。”
当他的球队落后的时候，沃迪在 33 岁的时候作为英超最佳射手结束了赛季，得分 23 次。
他向他的队友们致敬，他接受了这个奖项，他说，尽管他的年龄增长了，但在他的最高层仍有大量的里程。
“我很高兴，这一切都是关于团队。我不会在我的位置，我是为目标没有他们，我把相当多的远 .
“我现在休息一会儿，回到下个赛季准备出发。
幸运的是，我没有感觉到我的年龄，我的腿仍然很好，触摸着木头，我没有受伤，所以它保持在这上面，并且像我明年一样强壮。
“那里发生了什么？” UFC 战斗机 Correia 在回到对手错误的想法结束后遭到了猛烈抨击。
巴西裔美国人贝思・科雷亚是 UFC 的老手，但他的失误使她回到了对手 Pannie Kianzad ，并错误地认为这一轮比赛在他们的比赛中结束了，结果被贴上了标签。
这位 37 岁的 Correia 在阿布扎比的底牌上摊牌的第一站即将结束，他似乎错误地将 10 秒的警告误认为是回合的实际结束，然后伸出了一只手套，然后再回到 Kianzad ，回到她的角落。
这位瑞典战士毫不犹豫地投入了资金，用右手对她的对手进行了标记，然后对 Correia 的笼子进行了一系列的打击。
在危险中暂时出现的情况下，巴西人恢复了控制，以抑制威胁，并在回合的实际结束前恢复了 Kianzad 。
“那里发生了什么？我的话，” ESPN 的评论团队听到了。
这仅仅是前平庸冠军得主科雷亚的一个令人沮丧的夜晚的一部分，他在过去的 4 次比赛中获得了一致的失败，这是她在过去的 4 次比赛中的第三次失利，并在 11 - 5 岁的时候创下了她的总体纪录
对伊朗出生的 Kianzad ， 28 岁的 Kianzad 来说，这是在她于 11 月在莫斯科的 UFC 作战之夜战胜杰西卡 - 罗斯・克拉克之后的第二次胜利。
在 UFC 中， Kianzad 现在是 13 - 5 名， 2 - 1 名，因为被称为 “Banzai” 的女性的目标是提高 135bls 的排名。
在当晚的其他地方，澳大利亚的罗伯特・维特克在中量级的主要活动中淘汰了英格兰的达伦・蒂尔，而俄罗斯出生的战斗机 Khamzat Chimaev 在 10 天内赢得了第二轮比赛，这是现代变革力量联盟胜利的最短时期。
拉胡尔・甘地在拉贾斯坦邦问题上的立场
国会的拉胡尔・甘地今天在拉贾斯坦邦的事件中试图动员人民反对印度人民党。
他的印地语帖子使用了他的印度语，敦促人民 “团结，提高我们的民主之声”。
国会计划在星期一就拉贾斯坦邦的局势举行全国性的抗议活动。
该党说，抗议活动将在 Ram Nath Kovind 总统官的 Rashrapati Bhavan 外举行。
在视频中，国会指责印度人民党 “撕毁宪法和摧毁民主”，而整个国家都在与冠状病毒作斗争。
国会说，它在中央邦也做了同样的事情。
“我们要求立即召开一次在我们的宪法权利范围内的集会，” 该党在视频中说。
拉贾斯坦邦州长 Kalraj Mishra 拒绝了一项关于开始举行集会的提议。
第二个是今天提交的，他说他正在审查。
在他的副手 Sachin 飞行员与支持他的大量 MLAS 人反叛后， Gehot 先生的政府陷入了深刻的危机。
该党一直无法取消反叛分子的资格，以降低集会中的多数席位。
被剥夺了他在政党和政府中的职位的飞行员被拉贾斯坦邦高等法院暂时解除了资格，该法院认为，在关于他的权力的更大的宪法问题决定之前，议长不能采取任何行动。
最高法院明天将审议这一问题，最高法院还将决定法院是否可以干预议长的裁决。
国会在 200 名议员中只占大多数。
团队试点要求 30 个 MLAS 的支持，但到目前为止，证据只指向 19 个。
印度人民党有 72 人，包括盟友和家属，目前有 97 人。
如果法院决定支持飞行员，国会可以在 2018 年议会选举后在中心地带成立的三个政府中失去第二政府。
3 月，在 Jyotiraditya Scindia 加入印度人民党后，在中央邦失去了 Kamal Nath 领导的政府。
西雅图的抗议：火灾和胡椒喷雾，成千上万的城市
西雅图 — — 在俄勒冈州波特兰市的抗议者和联邦当局之间数周的不断升级的冲突之后，周六在西雅图动员了约 2 ， 000 人，他们在街上游行，与警察发生冲突。
警方说，有 3 名警察受伤，其中一名因腿部受伤而住院治疗， 16 名抗议者在傍晚时被逮捕。
示威者手持标语，如 “Foss 回家”，大声呼喊 “没有正义，没有和平”，在未来的青年拘留中心的现场停了下来，并点燃了那里的建筑物。一些人打碎了附近企业的窗户。
警察在国会大厦附近的人群中对质，在他们开始将人拘留之前，他们部署了闪光手榴弹和胡椒喷雾。
现年 52 岁的沃什（ Bipasha Mukerjee ）说，她自 5 月份以来一直在街上抗议，并说这让她担心警察的这种侵略性策略。
“这不是我移民到的国家，” Mukherjee 女士说，他 30 多年前从印度来到这里，“感觉我们正在迅速成为一个法西斯主义国家和一个警察国家。”
西雅图的 Michaud Savage 说，抗议活动既针对地方当局，也针对对波特兰的长期抗议活动进行镇压的联邦官员的部署。 Savage 先生说，波特兰的执法策略包括使用催泪瓦斯和人群控制弹药，是危险和不适当的。
萨维奇说：“这是一个非常猛烈的滑梯，” 萨维奇说，他洗了他的胡椒喷雾剂，并从一枚闪光手榴弹上的手臂上的伤口。
5 月，乔治・弗洛伊德在明尼阿波利斯被警察拘留期间死亡，引发了大规模的抗议，在许多城市的街道上吸引了数百万人，但这些示威在大多数城市都有所减少。
西雅图和波特兰，然而，看到了扩展的示威。西雅图的抗议者在某一点上声称国会山附近的几个街区，并宣布一个自治区。经过一连串的枪击后，有导致警察清除该地区，抗议已经平息 .
与此同时，波特兰继续进行抗议，在该市的联邦大楼周围举行了一些最激烈的抗议活动。在特朗普总统发布保护雕像和联邦财产的行政命令后，国土安全部向该市部署了战术小组，开始了一系列冲突，导致受伤的抗议者受伤，监察长进行了调查，并要求地方领导人要求联邦特工人员离开。
该市的抗议人群已经膨胀到数千人，示威活动仍在继续。本周，联邦官员向西雅图部署了一个战术小组，抗议者称这一事态发展是星期六示威的一个原因。
虽然波特兰的抗议活动集中在市中心，但周六的示威活动在市中心的核心地区以东，那里是该市的联邦法院。
堪萨斯城市长欢迎联邦帮助解决谋杀，但对特朗普动机的担忧
堪萨斯城市长昆顿・卢卡斯（ Quinton Lucas ）在上周日质疑特朗普总统向美国城市派遣联邦特工的动机，他说，虽然他欢迎帮助解决中西部城市的一系列谋杀案件，但他认为此举可能更多的是提振特朗普的连任机会。
“我本周非常沮丧，” 奥巴马总统提到了乔治・弗洛伊德的抗议，他提到了 “黑人生活物质运动”，民主党的卢卡斯在最近对种族不平等和警察暴行的抗议中表示。
“堪萨斯城的情况并非如此。我们已经逐年增加 [ 但] 我们需要帮助的是实际上清除一些未解决的谋杀。”
卢卡斯补充说：“让我们试着把重点放在解决谋杀问题上 … … 我认为如果你听最近的声明 … … 我们很乐意在有限的范围内与联邦特工合作。”
尽管他愿意让联邦特工与地方执法机构合作，但卢卡斯说，特朗普的言论 — — 特别是考虑到围绕联邦特工在俄勒冈州波特兰市采用的策略的争议 — — 使他的许多选民对城市街道上有特工的存在表示担忧。
他说：“我们不需要的是更多的燃料来自联邦特工，我认为这是一个激动人心的政治问题。”
特朗普周三宣布，他正在向芝加哥部署 100 名联邦特工，以帮助打击某些犯罪的上升速度 — — 此举标志着白宫干预地方执法的扩张，因为特朗普继续将自己定位为 “法律和秩序” 总统。
周三向芝加哥和其他美国城市宣布的 “激增” 特工是 “传奇行动” 的一部分 — — 他的名字命名为 4 岁的 LeGend Taliferro ，他在上月下旬在堪萨斯城的公寓里睡觉的时候遭到了致命的
虽然派遣联邦特工协助地方执法并不是前所未有的 — — 总检察长比尔・巴尔在 12 月宣布了 7 个城市的类似激增的努力 — — 这 7 个城市曾目睹了暴力的暴力 — — 被派去的联邦特工的类型以及他们的一些策略，引起了州和地方
从纽约到波特兰的一些议员反对特朗普政府将特工派往他们的城市，特别是在报告说，身份不明的联邦特工在波特兰拘留了抗议者，并将他们带走了无标记的车辆。
自 5 月 25 日在明尼阿波利斯警方拘留期间死亡以来，波特兰一直受到警察暴行和系统性种族主义的袭击。
地方当局还抱怨说，这种激增只会加剧紧张局势，而刑事司法专家说，这些努力之所以无法解释，是因为美国经历了前所未有的时刻 — — 一场大流行病、历史性的失业和对种族主义的大规模清算以及警察如何对待有色人种。
为支持苏格兰活动而设立的 1000 万英镑基金
文化、社区和体育赛事的组织者将得到财政支持，而他们仍然受到封锁限制的影响。
苏格兰政府的 1000 万英镑一揽子资助计划也旨在帮助事件供应商。
政府说，它正在考虑如何在未来安全重启事件。
经济部长菲奥娜・候赛说，冠状病毒的流行对这个部门产生了 “毁灭性的影响”。
苏格兰的节日场景和体育赛事，如高地游戏，一直是那些因防止 Covid - 19 的传播而受到限制的人之一。
Heylop 女士说：“虽然我们已经采取了积极的步骤，推动活动可以恢复，但大多数部门在未来一段时间内都无法运作。
“我们与该部门就他们面临的挑战进行了密切和建设性的合作，他们就如何开始安全运作提出了一些创造性的想法。
“除了提供即时支持外，其中一些资金还将用于支持创新，并帮助事件行业的长期复苏。”
事件工业咨询小组说，该部门是最先进入封锁区的部门之一，将是最后一个完全摆脱这一部门的部门之一。
同时也是 SEC 驻格拉斯哥首席执行官的彼得？杜瑟尔 (Peter Duthie) 表示，这些事件每年为苏格兰的经济贡献了 60 亿英镑。
他说：“政府为这一重要部门提供的额外资金是非常受欢迎的，也是非常需要的。
Shivraj Singh Chouhan 在测试中的正面
中央邦首席部长 Shivraj Singh Chouhan 在星期六证实他对 COVID - 19 的测试是积极的，他在周日的早晨说，他 “很好”，并在冠状病毒战争中对一线工人表示赞扬。
首席部长还重申了他昨天的警告，当时他敦促人们遵循社会距离和使用口罩等准则。
“我很好，我的朋友。冠状病毒战士的奉献，谁无私地冒着生命危险，是值得称赞的。我向所有冠状病毒战士的状态致敬，” Chouhan 先生从博帕尔的 Chirayu 医院推特，在那里，他昨天被接纳 .
他说：“保持两米的距离，经常洗手，戴上口罩 - 这是我们避免冠状病毒的最大武器。我呼吁所有人 - 为自己和亲人使用这些武器。”
“你们都要小心，保持安全和健康。这是我向上帝祈祷的，” Chouhan 先生补充道。
上周六， Chouhan 先生曾在 Twitter 上说，尽管他尽了最大的努力避免感染，但他还是对这种病毒测试呈阳性，并警告说，“只要有点粗心，就会引起冠
今天早上， Chouhan 先生说，尽管感染威胁，但 “不必担心”，并敦促那些显示症状的人接受检测。
“如果你被感染，没有必要害怕。不要隐瞒症状，但立即告诉医生，所以治疗可以开始。及时治疗将使你健康，“他说 .
中央邦有将近 27000 个 COVID - 19 病例，其中 7600 多人在活动， 799 人死亡。
在过去几周里，印度的 COVID - 19 病例激增，自 7 月 23 日以来，每天都有超过 45000 例新病例被发现。
确诊的冠状病毒病例总数正在迅速接近 14 例，其中超过 4.67 例是活跃病例， 32 ， 000 多人死亡与该病毒有关。
案件数量的激增，与该国非禁区的封锁准则的交错放宽同时出现，这促使印度在受影响最严重的国家名单上排名第三。
只有美国 (41.78 个案件) 和巴西 (23.94 个案件) 的情况更糟。
坎耶・韦斯特说，他可以打败乔・拜登。
在 Twitter 上播放他的家庭肮脏的衣服后，说唱迷坎耶・坎耶・坎耶・坎耶・坎耶・坎耶・坎耶・坎耶・坎耶・坎耶・坎耶・坎耶・坎耶
在宣布新专辑并透露他试图与妻子 Kim Kardashian 离婚两年后的几天里，坎耶・韦斯特再次将他的注意力转向了他在星期六的 2020 年总统竞选。
如果西方仍然对竞选总统持认真态度，那么写选票可能是他走向胜利的唯一途径，也可能是任何一种表现。
说唱歌手于 7 月 4 日宣布了他的候选资格，在最后期限之前，他至少在六个州申请了候选人资格。
尽管如此，西方仍在向前推进，并向联邦选举委员会提交了适当的文件，并在俄克拉何马州的选票上获得了他的名字。
自那时以来，他举行了一次竞选集会，其间，他在一个身穿防弹背心的人群中讲话，在没有麦克风或讲台的情况下发表演讲。
西方反对堕胎，当他传递亲基督教的信息时，他说他会让媒体 “告诉你我疯了”。
这是真的，而西方的集会在新闻网站和八杂志上被描述为宣传头，精神疾病的证据，或者两者兼而有之。
然而，最近的一项民意调查显示，西方国家在全国范围内的支持率为 2% ，与自由党的乔・乔根森（ Jo Jorgensen ）和绿党的霍伊・霍金斯领先。
虽然他极不可能超过乔・拜登的 48% ，但他在理论上可以从拜登那里获得足够的选票，让他看到唐纳德・特朗普总统连任 — — 双方的一些权威人士怀疑他的计划可能是他的计划。
在地球上 60 万年后，来自火星的岩石在地球上返回家园
本周，一块小岩石将被抛入太空，这是一次最奇怪的星际航行。
一个微小的火星武岩大小的火星武岩将于周四在美国的一个机器人探测器上发射，并将在 7 个月的时间里向这颗红色星球推进。
这个非凡的奥德赛，行星际相当于向纽卡斯尔发送煤炭，将成为美国宇航局即将到来的火星 2020 年探险的一个关键部分。
太空工程师说，由伦敦自然历史博物馆捐赠的岩石将被用来校准机器人探测器上的探测器，并开始寻找地球上过去生命的迹象。
我们的一些火星陨星是非常脆弱的，但我们选择了这个，特别是因为它像旧靴子一样坚硬
“当您打开仪器并开始调整它们，然后再使用它们进行研究时，您将它们校准为将像您将要研究的未知物质一样的材料。
那么，在火星上研究岩石比起源于火星的肿块更好吗？” 自然历史博物馆的陨星馆长卡罗琳・史密斯教授说。
科学家们相信，他们返回火星的岩石起源于地球，史密斯补充说，他也是火星 2020 科学团队的成员。
“在陨星内部的微小气泡与火星的大气层有着完全相同的组成，所以我们知道我们的岩石来自那里。”
据认为，火星陨石是在大约 60 万年至 70 万年前一颗小行星或星坠入地球时产生的，将碎片喷射到太空中。
其中一块碎石横扫太阳系，最终坠毁在地球上。
该陨石 ---- 现在称为 SAU 008 ---- 于 1999 年在阿曼被发现，自那时以来一直在自然历史博物馆的照料下。
在 Perseverance 探测器上安装的仪器中，有一个高精度的激光称为舍洛克，它将用于破译岩石的化学成分，并确定它们是否含有表明火星上曾经存在或仍然存在的生命的有机物质。
加入一个 SAU 008 的目的是为了确保以最大的准确性完成。
史密斯补充说：“我们发送的一块岩石是专门选择的，因为它是化学方面的正确材料，但也是一块非常坚硬的岩石。”
“我们拥有的一些火星陨石非常脆弱。这个陨石和旧靴子一样坚硬。”
一旦坚持不懈地选择了它能找到的最有前途的岩石，它就会把它们倾倒在火星表面的藏处。
然后将由随后的机器人飞行任务来检索，并将其送入太空进行分析。
在 Werribee 附近的 Mambourin 发现有枪伤的男子
一名男子在墨尔本西部被枪击后被送往医院。
警察被叫到 Werribee 附近的 Mambourin ，大约晚上 8 点，他们在那里发现了一个 20 多岁的男子，他的尸体被怀疑是在 Yard St . 的下半身
这名男子因非生命威胁受伤被送进医院。
警方说，调查仍在进行中。
星期天和奥利弗・斯宾塞：“我不会穿好衣服，星期天是休息的。”
星期天是怎么开始的？
我跌倒在楼梯上，跌倒在狗的路上，让我的妻子喝一杯茶。
幸运的是，我们将逃离伦敦到我们在怀特岛的海滨房子。
我们两个人坐在一起，默默地注视着水面。
听起来很平静 … …
是的，到了晚上 8 点，我们两个或三个孩子在门上的一声要求早餐。
给我们的是咸肉和鸡蛋，菜和菇，如果天气好的话，我们就把孩子们踢出去。
我们会游泳，划，或者在美丽的 Quarr Abbey 附近散步，这看上去就像《 Thrones 游戏》里的东西。
在封锁期间？
在最初的两个星期里，我完全否认，我无法相信我的生意被关闭了。
我为自己新种植的花园的生命或死亡而分心。
否则，我一直在厨房里做实验：浓郁的鱼和鱼肉汤，还有一种双层奶油鱼是我的最佳选择。
你是怎样放松的？
我不会穿好衣服，星期天是休息的衣服，半裁剪的运动服底部和一件白色的 T 恤。
吃了一顿烤鸡的午餐后，我会在花园里的一张椅子上探报纸。
我尽量不要喝：它有助于清除我的头在星期一到来之前呼叫 .
是星期天吗？
在我的弟在纽约的 40 岁生日聚会上度过了一个漫长的星期六晚上，在午夜时分，我怀孕的妻子决定我们最好去。
她决心要好好享受自己，告诉人们这毕竟是她的第三个。
我们离开了聚会，她直接进入了劳动。
星期天晚上？
到了晚上 7 点，我们把车开到了朴茨茅斯。
开车了 A3 ，我们在伦敦回来了一周：躺在床上的孩子们，我狗，吃了一碗麦片。
我很高兴离开怀特岛回到城市，我知道如果我不这样做的话，我根本就没有家。
在 Garissa 致命枪击后被捕的肯尼亚警察
肯尼亚的两名警察因枪击事件而被捕，其中两人死亡。
枪击事件发生在加里萨县东部的 Soko Ng ' ombe 市场上，抗议逮捕一名涉嫌谋杀的男子。
这两名受害者被命名为 Aden Abdi Madobe 和 Muhiyadin Adow Shibin 。
肯尼亚警方对枪击事件进行了调查。
这将包括 "法医分析" 。
Garissa MP Aden Duale 称死亡为 "令人发指" ，并在 Facebook 上的一份声明中谴责 "警察暴行" 。
活动家们对大流行病期间的治安问题表示关注。
据大赦国际称，自 3 月以来，肯尼亚官员因未能遵守诸如宵禁和戴口罩等冠状病毒预防措施而杀害了 21 人。
本月早些时候，首都内罗毕的警察发射了催泪瓦斯，并逮捕了几名参加一年一度的萨巴萨巴岛游行的抗议者。
记者说，今年的事件是由于在 Covid - 19 封锁期间对警察的镇压而引起的愤怒。
美国驻中国成都领事馆外的严密安全存在
由于美国工作人员准备离开美国，美国驻中国成都领事馆外的安全存在很紧张。
看到 3 辆移动的卡车进入大楼大院，而穿制服的警察和便衣警察在街道两旁排列，街道两旁都是金属障碍物。
中国《环球时报》的编辑称，美国驻成都领事馆于 7 月 27 日星期一关闭，或在 7 月 27 日星期一上午 10 时 00 分结束。
中国指控成都领事馆的一些人员 "开展不符合其身份的活动" 。
中国外交部发言人王文宾没有透露任何细节，他说，这类活动干涉了中国的事务，损害了中国的安全利益。
中国关闭驻成都领事馆的命令是星期五发布的，目的是为了报复美国关闭在得克萨斯州休斯顿的中国领事馆。
华盛顿命令中国关闭休斯顿办事处，“保护美国知识产权和美国的私人信息”。
在休斯顿的中国领事馆关闭于星期五生效时，一群似乎是美国官员的人被发现通过后门闯入了该设施。
王力宏在周六说，违反国际和双边协定的中国将做出回应，但没有具体说明如何应对。
针锋相对的封锁进一步加剧了两国在贸易和工业间谍活动等问题上的紧张关系。
Safari 公园里的用刀子、螺丝起子和 CHAINSAW 武装起来，就像 “恶作剧的人把武器交给他们”
在默西塞德郡的已知狩猎公园里，灵长类动物的灵长类动物早就知道了。
在默西塞德郡，已经用刀子、螺丝起子、甚至链锯武装起来。
工人们担心恶作剧的人正在武装那些讨厌的灵长类动物，他们知道他们会对任何暂停和撕裂挡风玻璃刮水器和镜子的人进行攻击。
现在，工人们担心他们携带着致命的武器 “笑”，让游客们来支持他们的攻击，而类甚至被人看到在工具箱周围翻来覆去。
一名公园工作人员告诉《星期日泰晤士报》：“我们不确定他们是否得到了一些希望看到他们袭击汽车的客人的武器，或者他们是否在用小卡车和面包车捕鱼。”
“他们会真正地走进人们的工具箱，把它们在身边。人们看到其中一只在着链锯。”
另一位工人说：“是用刀子和螺丝起子找到的。我不知道是不是有些客人把它们放出来了。”
而的攻击是不可避免的，以至于英格兰西北部的机械师们已经很清楚了。
一位销售机修工说，人们知道在公园里有什么期望，今年他有两个顾客成为的牺牲品。
他们补充说，有一分钟的孩子想让猴子上车，而下一个孩子却没有车牌 — — 但这个问题为车库提供了 “好的钱”。
6 月 15 日，在坚持要求麦当劳开车的时候，他的车在 5 英里的狩猎旅程中没有离开他们的车。
这个占地 550 英亩的公园，狮子，老虎，犀牛，野狗和驼，都把武装类人的报告视为一个城市神话。
一位发言人说：“我们相信，这些故事中的许多故事都是夸张的，因为它们已经被改写了，用点来使那些有时被发现的物体显得更加令人激动和令人难以置信。”
2012 年，现代汽车制造商现代公司让 40 只猴子在其新一代的 i30 模型中放松 10 个小时，以证明它对有小孩的家庭有力量。
曼联，切尔西进入 CL ；伯恩茅斯，沃特福德，从 EPL 下来
在周日的英超联赛中，曼联和切尔西以莱斯特为代价，以莱斯特为代价，而伯恩茅斯和沃特福德则被降级为 5 年。
在莱斯特的比赛中，曼联赢得了 2 - 0 的进球，他的进球是布鲁诺・费尔南德斯和杰西・德，让奥勒・贡纳尔・索尔斯克
切尔西在进球后击败了沃尔弗霍姆顿 2 - 0 ，并在梅森山的协助下完成了第四也是最后的欧冠资格赛。
相反，莱斯特将与托特纳姆一起在欧罗巴联赛中踢球，后者在水晶宫吸引了 1 - 1 ，以确保第六位 — — 在沃尔弗汉普顿的目标差异之上。
在第 84 分钟的比赛中，为了避免剩下的两个降级位置的战斗，阿斯顿维拉在第 84 分钟的比赛中得分，然后在一分钟后承认，然后在西汉姆队的比赛中， 1 - 1 的
队长杰克・格里利什在他的童年俱乐部的最后一场比赛中打进了维拉的进球。
伯恩茅斯做了它所要做的，打败了埃弗顿， 3 - 1 ，但最终落后于维拉。
在阿森纳输了 3 - 2 后，沃特福德也被降级为下一个球队。
曼城以 5 比 0 的比分战胜了最后一个位置和已经降级的诺里奇，这场比赛在 10 年后的英超联赛中赢得了最后一场比赛。
凯文・德布恩在赛季中获得了创纪录的 20 次援助，并获得了两次得分。
利物浦在纽卡斯尔的比赛中以 3 比 1 的比分结束了比赛，并在俱乐部记录了 99 分。
另外，南安普敦打败了谢菲尔德曼联 3 - 1 ，他在本赛季的 22 个进球得分。
这让他落后于莱斯特的杰米・沃迪，他赢得了金球奖，成为联盟的最佳射手。
格温妮丝・帕特洛希望孩子们有很好的 “价值”
格温妮丝・帕特洛（ Gwyise Paltrow ）说，她想让孩子们有一个很好的道德操守，因为她试图 “不只是把他们的东西
帕特洛有两个孩子，苹果（ 16 岁）和摩西（ 14 岁），他和前夫克里斯汀・马丁（ Chris Martin ）一起，她希望他们有很好的价值观，而不是靠父母的名声。
“这就是为什么我认为如此重要 … … 培养一个有职业道德的孩子，他们的价值观与你的价值观相一致，或者他们自己的感觉，等等，” 她告诉罗伯・洛在他的播客上。
“事情的真相是门可以为你打开，但如果你想想所有的人谁尝试，它不会发生。”
她补充说：“作为你认为的父母，我所能做的就是教他们正确的错误，教他们什么是工作。我真的尝试了不只是把事情交给他们。”
Paltrow 还采取步骤，让她的孩子尽可能私下生活，并确保他们的社会媒体账户保持私人。
她说：“我不会让他们在任何社交媒体或任何类似的事情上公开露面，我尽量让他们尽可能远离公众。”
“你知道，现在不同了，因为孩子们很像，‘我可以有 YouTube 频道吗？’我就像，‘不，你不能。绝对不行。”
突尼斯内政部长任命新总理，在一个月内组建政府
奥巴马总统办公室称，突尼斯内政部长 Hichem Mechichi 已被任命为下一届政府，因为北非主要政党之间的政治紧张关系。
这位 46 岁的律师接替了本月早些时候辞去总理职务的 Elyes Fakhfakh 。
但是， Mechichi 不是执政党 Kais Saed 总统提出的名字之一。
在周六宣布的一项声明中， Mechichi 说，他将 “努力组建一个满足所有突尼斯人期望的政府”。
在 2011 年革命引发的阿拉伯之春地区起义之后，突尼斯被认为是民主过渡的一个罕见的成功故事。
但其领导人一直在努力满足突尼斯人民的期望，由于 COVID - 19 流行病，该国边界关闭，本已脆弱的经济受到重创。
该疾病在突尼斯造成近 50 人死亡， 1400 多人感染。
作为即将离任的政府的内政部长， Mechichi 一直是赛义德总统的顾问，负责处理法律事务。
他以前是交通部的参谋长，也曾在社会事务部任职。
他现在有一个月的时间组建一个政府，政府将面临议会的信任投票，并需要绝对多数票才能成功。
否则，议会将解散，新的选举将在三个月内举行。
在去年 10 月举行的上次选举中， Ennahdha 党登上榜首，但远远没有达到多数，最终同意加入联合政府。
Fakhfakh 在执政不到 5 个月后，于 7 月 15 日辞职，威胁到该国新的政治僵局，因为它与该流行病的经济影响作斗争。
辞职加深了与恩纳赫达的政治争端，因为有人指控 Fakhfakh 的利益冲突。
自 10 月立法选举以来， 47 岁的即将离任的领导人和恩纳赫达之间的关系一直很紧张。
Fakhfakh 在同一天辞职，该党对他提出了不信任动议。
恩纳赫达最初提名一位独立的总理，但他未能赢得议会的支持，导致总统任命前财政部长 Fakhfakh 担任这一职务。
面对新选举的前景，恩纳赫达最终同意加入联合政府。
泰德・克鲁兹说，佩洛西的目标是 “在问题上铲土，关闭美国”
华盛顿 — — 共和党参议员泰德・克鲁兹（ Ted Cruz ）指责众议院议长佩洛西和众议院民主党人推动了一项冠状病毒救助计划，重点是 “在问题上铲现金，关闭美国”，因为关于下一项措施的谈判仍在继续。
在周日接受 “面对国家” 的采访时，克鲁兹说，该国同时面临着两大危机：全球大流行病夺去了全世界 60 多万人的生命，并在美国发生了 “绝对经济灾难”
但是克鲁兹说，佩洛西（ Pelosi ）在参议员面前 “面对国家”，他 “既不关注这两个人”。
他说：“她的目标是在问题上铲土，关闭美国。”
“特别是，你看看 $ 3 万亿美元的法案，她试图推动，它只是铲钱给她的朋友，而不是真正解决问题。我们的目标应该是美国人想要回去工作。他们希望能够为他们的家庭提供 “。
参议院共和党议员和白宫上周就冠状病毒反应第四阶段的条款进行了谈判，他们预计将花费 1 万亿美元。
上周末，白宫办公厅主任马克・梅华和财政部长斯蒂文・姆努钦回到国会大厦，与参议院工作人员进行了更多的会谈。
议员们最迫切的问题 — — 以及共和党和民主党之间争论的焦点 — — 是失业救济金的到期，而这一问题在本周末开始了。
虽然民主党希望 “第四阶段” 冠状病毒一揽子计划能保持 600 美元的收益，但共和党要求削减开支，并认为一些美国人的失业率比工资高。
克鲁兹说，超过一半的美国人获得了更多的失业救济金，而不是他们在工作的时候，他说他与得克萨斯州的小企业主进行了交谈，他们正在重新雇用员工。
他说：“当然，他们不会回来了，因为联邦政府在某些情况下付给他们两倍的钱呆在家里。”
克鲁兹说，国会应该把重点放在通过一项复苏法案上，这将使美国人更容易通过放宽对小企业的税收和监管来恢复工作：
他说：“一项恢复法案将暂停支付工资税，而不是仅仅铲开数万亿美元，这将使美国的每个人都能提高工资税，这实际上会让人们重新开始工作。”
特朗普总统上周要求下一个一揽子援助计划包括削减工资税，但他说这将不会成为立法的一部分，因为该提案在共和党中受到了影响。
特朗普承认，下一个法案将不削减工资税，但试图将责任归咎于民主党。
克鲁兹上周反对下一个一揽子计划的成本，他说，他没有参加参议院共和党议员的措施。
但他也批评了民主党控制的众议院 5 月份通过的 3 万亿美元法案，并指责他的政治对手蓄意制定一项措施，在 11 月的选举前损害总统。
他说：“民主党唯一的目标是击败唐纳德・特朗普，他们愤世嫉俗地决定打败唐纳德・特朗普的最佳方式是关闭美国的每一个企业，关闭美国的每一个学校。
“你知道， Nancy Pelosi 谈论工作的男女。她的建议是阻止工作的男女工作。”
坎耶・韦斯特在婚姻披露后向妻子金・卡达德里安公开道歉
坎耶西亚已经向金凯亚的妻子道歉，因为他公开了一个 “私事”。
这位说唱歌手在南卡罗来纳州的一次活动中透露，这对夫妇已经考虑将他们的第一个孩子流产。
在经历了动荡的一周后，他对妻子和家人提出了一系列的诉求，西方现在已经向他道歉。
据报道，在怀俄明州的牧场，贾斯汀比伯访问后，西方也对医院进行了几小时的访问。
他说：“我想向我的妻子金致歉，因为他公开了一件私人事情。我没有像她那样把我盖好。”
“金我想说，我知道我伤害了你。请原谅我。谢谢你永远在那里为我。”
西方古怪的推特，包括声称他的妻子试图让他被医生锁在一起，他对他的岳母克里斯・詹纳提出了一系列指控。
他还说，他曾试图与他在 2014 年结婚的卡迪亚西亚离婚。
在担心丈夫的心态时，西方四个孩子的母亲卡迪亚西兰 (Kardashian West) 发表了一份冗长的声明，说她和她的家人 “无力” 干预，并提醒粉丝他患有双相情感障碍。
她说：“他是一个聪明而又复杂的人，他面临着成为艺术家和黑人的压力，他经历了母亲的痛苦损失，不得不面对因他的双极乱而加剧的压力和孤立。”
她补充说，她以前没有讨论过他的状况，因为她 "在他的健康问题上" 非常保护我们的孩子和 Kanye 的隐私权 " 。
她补充说：“但今天，我觉得我应该对此发表评论，因为对心理健康的羞辱和误解。”
在 7 月 19 日的一次活动中，西方提出了他的堕胎要求。
在大野田里的酗酒兄弟：警察
警方称，一名 37 岁的男子因涉嫌杀害他的兄弟而被捕，他的尸体一星期前被发现在北方邦的一个偏远地区被发现。
据官员称，被告告诉警方，他的哥哥酗酒和与家人的女性成员的不当行为导致了他的犯罪。
一个星期前，在一个偏的地区附近的灌木丛中发现了 Bhisham Singh 的尸体，他是大诺伊达 Bisrakh 村的居民。
一名警察发言人说，尸体上有刺伤痕迹，并在 Bisrakh 警察局提出了飞行情报区，并进行了调查。
" 在调查过程中，有证据将警察带到这名男子那里，他死了，他的兄弟 Deepak 和他受到了审问。
在接受调查时， Deepak 承认将他的兄弟刺死。
他告诉警方说， Bhisham 经常消费酒精，在家中制造地毯，并与女性家庭成员发生不当行为，因此他决定杀死他的兄弟。
警方称，被告因谋杀和其他相关指控而被捕。
尽管英国退欧反弹严重，托尼・布莱尔发誓永远不会停止干涉英国政治
托尼・布莱尔承诺不会停止干预英国政治，因为他参与工党和反脱欧运动的强烈反弹。
布莱尔先生已经离职十多年了，他告诉 Sophy Ridge 《天空新闻》，他将 “永远不会” 停止在英国政坛讲话。
然而，这个有争议的政治人物承认，“很多观看这一切的人可能认为我应该停止谈论事情。”
索菲・里奇对布莱尔说：“我总是觉得你不能脱离政治。
“你总是发表关于冠状病毒的报告，或者提出关于英国退欧的论点。
“我只是想知道，如果人们认为，为什么十年后的首相，你还在试图参与政治？
“是不是该抽出一些时间出去，去高尔夫球场。”
前总理拒绝了这一点，并发誓只要他能，就留在英国政坛。
他说：“这不是我想做的事情。很多人可能会认为这正是他应该做的事情，停止谈论事情，但我在乎这个国家。”
“我们正处于一个巨大的变化的世界和我在世界各地建造的研究所的时刻。
“我知道我做了一些前任首相没有做的事情，但在未来，我预计还会有更多的事情要做。”
在接受采访时，布莱尔表示，英国和欧盟仍可以在今年年底之前就英国退欧问题达成交易。
他说：“他们可以达成交易，但即使是我们土地的交易也会很糟糕。”
“这对欧洲来说基本上是好的，因为它将使货物贸易更容易，但在服务问题上对我们很不利。”
这位前工党领导人还告诉天空新闻，英国将在可预见的将来生活在 COVID - 19 ，而不是消除它。
在 Tribute to Kargil Heroes 期间，总理纳伦德拉・莫迪・斯莱斯・斯莱斯・斯莱斯・斯莱斯・斯莱斯
尽管她试图保持友好关系，但巴基斯坦还是试图 “背刺” 印度，总理莫迪今天在卡吉尔战争 21 周年之际向武装部队表示敬意。
莫迪在每月的广播讲话中表示，“巴基斯坦采取了这一错误的冒险计划，以夺取印度的土地，并转移其正在进行的内部冲突。”
他说：“巴基斯坦厚颜无耻地试图占领印度土地，偏离自己的内部动荡。”
" 当时，印度正在努力改善与巴基斯坦的关系。
但是，正如人们所说的那样，邪恶的本质是毫无道理地打击每个人。
这种性质的人只能想到对那些试图做善事的人做坏事。
这就是为什么巴基斯坦不顾印度的友好关系而刺伤印度的原因，” 他说。
他补充说：“你可以想象，当我们的部队从下面与他们战斗的时候，敌人就在山上高悬一线。但是，我们的部队的士气和真实性赢得了山区的胜利。”
“由于我们武装部队的勇气，印度在卡吉尔表现出了强大的力量，” 莫迪说，他回顾了自己对该地区的访问。
Kargil Diwas 每年都在庆祝，标志着印度军队夺回了 21 年前被巴基斯坦军队占领的拉达克的 Kargil 的所有印度哨所。
1999 年 7 月 26 日，陆军宣布了 "Vijay 行动" 的成功结束。
在拉达克寒冷的高地进行的近 3 个月的战斗夺去了 500 多名印度士兵的生命。
今天早些时候，国防部长 Rajnath Singh 、他的下级部长 Shripad Naik 、国防参谋长 Bipin Rawat 将军、陆军总司令 M M Naravane 、空军总司令 R K S Bhadauria 和海军上将 Karambir Singh 也在国家战争纪念碑的 Amar Jawan Jyoti 致敬。
在卡吉尔之后的几十年里，印度与巴基斯坦之间的关系在一系列恐怖袭击之后一直很紧张。
印度坚持认为，谈判和恐怖不能携手并进，巴基斯坦需要拆除从其领土上运作的所有恐怖营地。
网上贷款机构警告中小企业贷款计划可能会错过这个目标
小企业部门，往往得不到大银行的服务，已越来越多地转向在线贷款机构，以满足其资金需求。
然而， Callaghan 先生说，与大银行相比，在线贷款机构处于不利地位，因为它们无法获得相同价格的融资，因此警告称，中小型企业担保计划没有获得牵引力。
他说：“我认为，这可能错过了所有打电话给我们的人的目标，他们期望他们能获得非常便宜的资金，而不是政府支持 50% 的贷款。”
“所以他们打电话给他们，他们感到非常失望，因为他们的期望已经在那里，因为那里有折扣定价，我们看我们的资金成本根本没有改变。”
Callaghan 先生补充说，如果该公司能够获得更廉价的资金，并将其传递给小企业，该计划将是一个 “没有头脑的人”。
他说：“虽然有 22 个国家的主要银行获得了较低的成本融资，但它们的风险较低，因此它们实际上不可能以同样的方式进行贷款，他们无法获得数据，除非你拥有房产，否则他们无法舒适。
以墨尔本为基地的 Moula 也参与了该计划，首席执行官阿瑞斯说，政府计划中隐含的 50% 担保的好处应该传递给小企业，但不同的贷款机构以不同的方式处理这个问题。
他说：“我可以理解，有些人可能没有通过这种成本结构。”
“这可能取决于他们的资金结构，也可能是他们贷款的类别以及他们如何评估这些类别中的风险的一个功能。”
他不会详细说明 Moula 在该计划下发放的贷款数量，但他表示，修改后的计划是 "核心承认需要改变什么" ，以便为放款人和借款人提供更多的灵活性。
不过，他说，他主要关注的是运营中的 “两速经济”，以及这对小企业的影响。
他说：“Moula 在小企业方面必须面对的最大问题是众所周知的悬崖，以及如何管理这个悬崖。”
“一般来说，就需求而言，我们没有回到 COVID 前的水平，尽管胃口越来越大。”
ASX 上市的在线贷款机构 Prospa 也不会详细说明它根据该计划发放的贷款数额，因为它说这些信息具有商业敏感性，但首席执行官格雷格？莫赫尔 (Greg Mosshal) 表示，政府对该计划的延长是
他说：“我们支持对该计划的任何改进，使小企业能够获得满足其需求的广泛的融资产品，包括短期的灵活现金流产品。”
维吉尼亚海滩上的南方纪念碑
弗吉尼亚海滩 — — 弗吉尼亚海滩 — — 星期六，在市议会一致投票后不到两天的时间里，弗吉尼亚海滩从公共场所拆除了一个 115 岁的南方联邦纪念碑。
据媒体报道，周六上午，工人们拆除了 27 英尺（ 8.2 米）高的纪念碑。
它是 1905 年安装的，站在旧的安妮公主县法院外，在同一地点举行奴隶拍卖。
安理会在星期四晚上一致投票开始了取消进程。
该委员会听取了几十名发言者的发言，并决定纪念碑被许多人认为是分裂性的，是对过去的痛苦的提醒。
这座雕像最近被完全覆盖了，在其他联邦纪念碑最近的抗议和破坏之后，它周围有一个上锁的大门。
纪念碑将被保存下来。
现在，这座城市必须等待历史团体或其他可能想夺取纪念碑的实体的任何提议。
随着抗议活动的继续，警察尝试了新的、低致命的工具
由于波特兰和全国各地的执法和抗议者之间的暴力冲突仍在继续，辩论围绕着警察如何削减致命武力展开。
一些公司正在加紧提供新的高科技工具，如远程手铐，供警察使用，而不是像胡椒喷雾剂、橡皮子弹和闪光手榴弹等更危险的选择。
人权组织大赦国际从 5 月 26 日至 6 月 5 日分析了 500 起抗议活动的视频，发现 40 个州和哥伦比亚特区发生了 125 起过度使用武力的事件。
大赦国际的武器调查人员布莱恩・卡斯特纳说：“我们看到了一种滥用催泪瓦斯、胡椒喷雾剂、胡椒球、 40 毫米弹丸的行为，基本上都是以不适当的方式使用的低致命武器的每一种组合。
不过，有些人坚持认为，有选择对于避免枪支的需要是重要的。
“所有这些装置都应该是警察使用的，而不是火器使用的致命武力，因为它是美国唯一的职业，公民给予你生命的权利，” 前纽约警察局副检查专员科利・波盖说。
其中一个最新的工具叫做 Bola Wrap ，一个手持设备，它射出一个 8 英尺高的 Kevlar 绳索，它包裹着一个嫌疑犯。
还有一些远程声学器件，也叫声炮，用激光加热一个人的皮肤，用泡沫和粉笔，臭炸弹，当然还有泰瑟枪制造的新射弹。
制造泰瑟枪的公司 Axon 的股价上涨了 18% 以上，在警察杀害乔治・弗洛伊德之后的暴力日子里，抗议活动达到了历史新高。
预计到 2023 年，非致命性武器市场将达到 118.5 亿美元。
观看视频，看看新的高科技工具警察使用的是不致命的武力，他们是如何监管的，以及他们所服务的社区的未来的利害关系。
联合国说，阿富汗有数千名反巴基斯坦激进分子
伊斯兰堡：联合国的一份报告说， 6 ， 000 多名巴基斯坦反叛分子藏身于阿富汗，其中大部分属于负责袭击巴基斯坦军事和平民目标的巴基斯坦塔利班集团。
本周公布的报告称，该组织被称为 Tehreek - e - Taliban (TTP) ，与伊斯兰国家集团的阿富汗附属机构有联系。
TTP 的一些成员甚至加入了其总部设在阿富汗东部的附属机构。
阿富汗政府周日没有回应美联社的置评要求。
报告说，在阿富汗，被称为霍拉桑省的 IS ，受到阿富汗安全部队以及美国和北约部队的沉重打击，甚至有时也受到阿富汗塔利班的打击。
该报告是由联合国分析和制裁监测小组编写的，该小组跟踪世界各地的恐怖主义团体。
该报告估计，阿富汗境内的 IS 成员为 2200 人，虽然其领导能力已被耗尽，但仍在其领导人中计算叙利亚国民 Abu Said Mohammad al - Khorasani 。
报告还说，监测组收到情报说，两名伊斯兰国家高级指挥官 Abu Qutaibah 和 Abu Hajar al - 伊拉克最近从中东抵达阿富汗。
" (伊斯兰国) 虽然在领土撤退时仍有能力在该国各地，包括在喀布尔进行高调攻击。
它还旨在吸引那些反对与美国达成协议的塔利班战士，” 报告说，提到 2 月与塔利班签署的美国和平协议。
这项协议是为了让美国结束其在阿富汗的 19 年参与，并呼吁塔利班保证其领土不会被恐怖主义集团使用。
预计这笔交易还将保证塔利班全面参与反 IS 的斗争。
该协议的第二部分，也许是最关键的部分，要求塔利班与喀布尔的政治领导人进行会谈。
星期六晚些时候，美国国务院发表声明说，其和平特使哈利勒扎德（ Zalmay Khalilzad ）再次在该地区穿梭，试图启动这些谈判。
美国支持的协议要求阿富汗政府释放 5 ， 000 名塔利班囚犯和塔利班，释放 1 ， 000 名政府和军事人员，作为所谓的 “善意姿态”。
到目前为止，政府拒绝释放近 600 名塔利班囚犯，他们称这是高调的罪犯，并提供了免费的替代办法。
塔利班拒绝了。
美国国务院的声明说：“双方比以往任何时候都更接近阿富汗内部谈判的开始，这是结束阿富汗长达 40 年之久的战争的关键一步。”
"虽然在交换囚犯方面取得了重大进展，但这一问题需要作出更多努力才能全面解决" 。
塔利班政治发言人本周早些时候说，它准备在本月末的伊斯兰节日宰牲节结束后与喀布尔的政治领导人举行会谈，提供囚犯释放。
巴基斯坦的一大担忧是，阿富汗境内有一些好战分子，特别是与塔利班或伊斯兰祈祷团有关的好战分子，以及与路支省解放军有关的好战分子，路支省解放军本月对信德省南部和路支省西南部的高调袭击负有责任。
本月，巴基斯坦西南部路支省与反叛分子作战时，几名巴基斯坦军事人员被杀。
TTP 对 2014 年巴基斯坦最可怕的袭击之一负责，当时巴基斯坦军队的一所学校遭到袭击， 140 人被杀。
大多数是学生，有些是 5 岁的年轻人。
报告说：“在阿富汗，对两国构成威胁的巴基斯坦外国恐怖主义战斗人员的总数估计在 6 ， 000 至 6 ， 500 人之间，其中大部分是 TTP 。
英国顶级银行汇丰否认在美国调查中 “设置陷阱” 中国的华为
总部设在伦敦的跨国银行汇丰 (HSBC) 对社交媒体说，这并不像中国媒体所声称的那样，“编造证据” 反对华为，这导致了该公司在加拿大的首席财务官被捕。
出贷人说，它的行动并没有触发美国对世界上最大的电信网络设备供应商的调查，因为华为涉嫌违反美国对伊朗的制裁，在 2016 年底银行介入之前就开始了。
该银行在上周六表示，“汇丰对华为没有任何敌意，也没有 “框架” 华为。
“为回应美国司法部 [ 美国司法部] 的信息要求，汇丰集团只提供了客观事实。
汇丰银行没有 “编造” 证据或 “隐瞒” 事实。
该职位在平台上被封锁，并指出它 "违反了规章" ，现在还没有。
该声明不久后，包括国有报纸在内的多家中国媒体都指责汇丰 “阴谋” 与华盛顿 “阴谋”，为华为设置了陷阱。
该公司在外交丑闻的震中已经超过一年半，因为华为 CFO Meng Wanzhou 于 2018 年 12 月根据美国的逮捕令在加拿大被捕。
孟蒙被控利用空壳公司违反对伊朗的制裁而面临欺诈指控，据称他向银行撒谎说华为与伊朗公司 Skycom 之间的联系。
根据《环球时报》引用的新证据，汇丰 (HSBC) 很清楚中国公司与 Skycom 的关系。
据报道，该银行选择与美国政府 “串通”，在 2012 年逃避更严厉的惩罚，当时银行不得不承认洗钱和违反制裁的行为，包括对伊朗的限制。
当时它被命令支付约 19 亿美元的罚款，并防止任何类似的不当行为。
该报纸在其一篇关于此事的文章中表示：“证据表明，汇丰银行理解了这一关系，但故意将其客户的机密商业文件卖给了美国方面，这样美国政府就可以忽略英国银行自己的不当行为，而不是根据 2012 年推迟起诉协议来惩罚它。
在一个含蓄的警告中，北京控制的报纸补充说，如果被证明犯有这种 “串通” 罪，出贷人可能会面临中国的 “严厉惩罚”，这是汇丰的主要市场之一。
这并不是著名银行最近几周首次出现火灾。
上个月，汇丰 (HSBC) 因支持香港的新国家安全法而受到抨击。香港的业务开始于香港，占其利润的一半以上。
该银行面临着来自西方的批评 — — 来自西方的批评，美国国务卿庞培 (Mike Pomepo) 称，该银行的支持率为 “公司头”，而中国方面则表示，其支持 “来迟”。
安哥拉：分配给卫生部的 Pedal  医院
罗安达 -- -- 共和国总统若昂・洛伦索本周五决定，将正在罗安达建造的佩德罗・玛丽亚・通哈・佩达莱医院的监督权移交给卫生部。
在一份说明中，共和国总统新闻办公室通报说，这项措施的目的是落实政府的原则，即建立和扩大公立医院网络，以确保向人民提供更好的医疗和药品。
该文件写道： "在这种特殊情况下，想法是向安哥拉人提供一个参考医院，有区别，配备了现代技术，并在诊断和治疗高度复杂的疾病方面有很高的准确性" 。
它强调，安哥拉国家元首的决定也考虑到了该国的人口增长，这促使人们对各种专业的优质保健服务产生了 "巨大需求" 。
该说明继续指出，这一要求的理由是，在医院中纳入了专门治疗复杂疾病、教学和研究、与眼科有关的干预措施以及产妇 - 婴儿医学，这些领域的战略和管理应当由卫生部负责。
阿尔及利亚： Mahmoud Guemama 的死亡 ---- 阿尔及利亚，一个爱国者，承诺的好战分子，总统特布布恩。
阿尔及尔 ---- 共和国总统 Abdelmadjid Tebboune 向星期五去世的人民国民议会成员 Mujahed Mahmoud Guemama 致以哀悼，他在信中说，阿尔及利亚 "失去了一名爱国者和一名致力于其人民和民族事业的好战分子" 。
今天，阿尔及利亚因圣战者 Mahmoud Guemama 的死亡而损失，他是一名爱国主义者和致力于其人民和国家事业的好战分子，他从未动摇过，他的决心从他与英勇的圣战者兄弟一起拿起武器的那一刻起，一直保持不变，直到他在我们只能听命于上帝意愿的这一悲伤日子里的最后一口气， " Tebboune 总统在他的吊致词中写道。
“已故的 Mahmoud Guemama ，和平在他身上，属于一个独特的忠实爱国好战分子，他们为自己的家园而牺牲。
“死者毕生致力于解放阿尔及利亚，摆脱苦的殖民主义的折磨， 1960 年在历史悠久的维拉亚六世的塔哈特训练营中加入了革命的峰。”
他说：“已故总统因他的好战性和他对巩固一个繁荣和统一的阿尔及利亚形象的承诺而闻名。
“在遥远的南方，已故的 Mahmoud Guemama 作为调解人享有很高的声誉，在发生不和的情况下，干预同一国家的兄弟和解， " 总统在他的致辞中补充说。
共和国总统写道： "所有这些品质和价值观使已故的 Mahmoud Guemama 赢得了 Tamanrasset 人民的尊重和信任，他们选择他在全国人民议会中代表他们若干任期，在此期间，他是该地区关切的问题和人民愿望的大使和捍卫者，甚至是所有阿尔及利亚人的代表和发言人" 。
" 所有表示哀悼的人都不足以向圣战者 Mahmoud Guemama 致敬，愿他平安。
他今天是在阿尔及利亚需要他的时候离开我们的。
“我祈求万能的上帝以的慈悲包围死者，在的巨大天堂里迎接他，伴随着 shuhadaa 和美德。
我还祈求上帝给予他的家人和爱的人耐心和安慰 … … 除了上帝，没有力量或力量，” 共和国总统总结道。
冠状病毒旅行更新：哪些国家对保加利亚人入境有旅行限制
实行旅行限制的国家越来越多。截至本周，捷克共和国希望对保加利亚季节性工人进行冠状病毒检测。丹麦只允许保加利亚人在其领土上有地址登记、就业合同或证明商务旅行的文件。
截至今天，在过去 14 天内访问过保加利亚和罗马尼亚的人在意大利必须接受强制检疫。在芬兰，入境只是出于 "有效的理由" 。
强制性的家庭检疫在奥地利，尽管负 PCR 测试。这已经是那些进入德国所需。对于未来 14 天，进入罗马尼亚南部被拒绝没有充分的理由。和希腊已经收紧了措施，更沿其陆地边界 .
据外交部宣布，从星期二起，从保加利亚到希腊的飞机将不得不向希腊边境当局提出一个负面的结果，那就是对冠状病毒的 PCR 测试，在他们进入我们的南部邻居之前的 72 小时内进行。
他们补充说，只有持有这种测试证书的乘客才可进入该国。必须以英文颁发，并载有旅客护照或身份证的三个名称和号码。我们南部邻国的当局将不接受不符合这些要求的证书
" 旅行者应在实验室接受 RT - PCR 检测，从口腔或鼻腔分泌物。如果冠状病毒检测是在国家参考实验室、国家卫生实验室或经相关国家认证机构认证的私人实验室（不一定专门针对 COVID - 19 ）进行的，则冠状病毒检测将得到承认。
这项措施不适用于希腊公民、居住在希腊的公民和出于重要专业原因的旅行者。
希腊外交部还宣布， 7 月 28 日星期二和 7 月 29 日星期三，希腊主管当局将在抵达希腊后对他们的旅行进行测试。
要求乘坐飞机前往希腊的公民至少提前 24 小时填写电子旅客定位表（ PLF ），生成 QR 码，并在进入希腊时提交给希腊当局，这项要求仍然有效。更多信息发布在 travel . gov . gr
目前，保加利亚和希腊之间的陆地边界要求没有变化。外交部解释说， "跨越陆地边界前往希腊的旅客，不论其国籍如何，还必须填写电子旅客定位表 (PLF) ，在抵达前至少 24 小时生成 QR 码" 。
关闭伊林登，卡皮坦 Petko Voyvoda 和 Makaza 检查站增加了 Petrich 附近的边境交通。过渡没有问题。没有卡车队列。所有等待在希腊出海的人。旅行者等待大约一个半小时才能穿过塔。
保加利亚 - 希腊边界的三个点正在运作。只有 "Ilinden - Exohi" 和 Ivaylovgrad 的这一部分被关闭。
多米尼克・卡明斯被 SAS 扣为人质。
总理的首席顾问上周在参观基地时经历了经验
多米尼克・卡明斯被人用步枪扣为人质的想法可能是一些骚扰公务员的秘密品味。
但是，总理毫不妥协的首席顾问上周在访问 SAS 总部斯特林线期间刚刚经历了这一经历。
《星期日邮报》可以透露，他周三访问的部分内容涉及到 “杀戮之家”，精英士兵在那里磨练他们对付恐怖分子的技能。
赫雷福德基地的导游还包括视察该团的军事装备，并介绍最近的行动，包括消除伊拉克境内伊斯兰国家恐怖分子的努力。
斯特林线的高姿态来访者提供了一个不同寻常的欢迎会 — — 在 “杀戮之家” — — 一座两层楼的大楼里， SAS 在那里进行了近四分之一的战斗。
以前的客人包括戴安娜王，她的头发在 1983 年的一次运动中被一枚手榴弹引起的火花引起了火灾。
据了解，卡明斯先生是以直升机的名字命名的，以纪念该团的创始人大卫・斯特灵上校的名字命名的。
他还访问了邻近的 Pontrilas 军队训练区，其他绝密部队驻扎在那里。
这次访问是他访问英国高度机密的英国安全设施的一部分，这在政客和军事首脑中引起了轰动。
在本月早些时候公布他的计划消息时，保守党的支持者托拜厄斯・埃尔伍德 (Tobias Elwood) 说，议员们应该有同样的机会向他询问国防和安全问题，因为他们为部长和公务员提供了机会。
由政治家任命的特别顾问很少被要求向选定的委员会提供证据。
据了解， SAS 高级军官利用星期三的活动来强调维持皇家海军陆战队和伞兵团人员人数的重要性。
据报告，这些部队提供了大多数特种部队的部队，可以缩减或合并，以节省资金。
一位国防消息人士说：“在 250 人的 SAS 中，超过一半的士兵以前是帕拉斯，而更小的特别船只服务（ SBS ）在没有皇家海军陆战队的支持下无法继续。
“所以卡明斯被告知，这些单位必须全部保存。”
卡明斯先生抱怨说，军事采购 “继续浪费了数十亿英镑”，他最近出席了在 MI5 和 MI6 总部举行的会议，还计划访问位于多特的普尔的 SBS 总部，以及位于威尔特郡波顿唐的政府绝密实验室。
昨晚，国防部没有回应置评请求。
“星期天上午”：庆祝 Rodgers & Hart
在 2020 年，由一个音乐剧最传奇的二重奏，理查德・罗杰斯和洛伦兹・哈特，首次专业合作的百周年纪念日。
为了纪念他们的歌曲创作遗产，百老汇明星 Jelani Alladin （“冰冻”，“大力神”）和 Christiani Pitts （“金刚”，“布朗克斯故事”），以及舞者 Richard Riaz Yoder （“你好，多莉！”，“Shuffle Along”），介绍了 Rodgers & Hart 标准 “The Lady Is a Tramp” 的现代风格，特别为 “星期天早上” 的观众录制。
由鼓手布莱恩・卡特主持的音乐指导和安排。
消防员在 Lassen 县的上衣上取得了进展
在萨克拉门托东北部的 Lassen 县，消防员们在两次野火中丧生。
据路透社 1 月 23 日报道，在 Adin 以南开始的黄金大火中，有 40% 的人继续威胁房屋和牧场以及农业、牲畜和木材的运营。
大火烧毁了四天后，大火烧毁了 21000 英亩土地，摧毁了 7 所房屋，并将两名消防队员送到医院。
一夜之间，消防员们利用温和的环境来建造和加强控制线。
但是阵风和低湿度预计将在周六举行。
Susanville 的西部，一个名为 Hog 火灾的小火灾摧毁了两个建筑，消耗了大约 10 ， 000 英亩。
根据加州林业和消防部的数据，消防队员们在夜间清理并加强了控制线。
到了星期六的早晨，它已经包含了 45% ，并且已经燃烧了 6 天。
在白天的高温下，在苏珊维尔地区气温超过 90 度的温度下，燃烧的斑块有燃烧的危险。
虽然一些居民被允许返回家园，但两个消防区的一些地区仍然处于强制疏散令之下。
两名消防队员在金火中受伤，已从医院释放。
苏格兰 - 英格兰联盟链桥 200 岁
连接苏格兰和英格兰的一座桥梁已经在 100 万英镑的整修前已经变成了 200 岁了。
在诺森伯兰，联盟链桥从苏格兰边境的渔夫克河穿过河，穿过河。
在 1820 年开业时，它是世界上最长的锻铁吊桥，跨度为 449ft （ 137m ）。
它也是英国第一座同类车辆桥梁。
这座桥是由英国皇家海军军官塞缪尔・布朗设计的。
他在受到皇家海军舰艇损失的影响后，获得了专利，并生产了铁链，这些船只已经脱离了绳索。
联盟链桥和苏格兰土木工程师学会（ Ice ）的朋友们一直在纪念该过境点的 200 周年。
朋友小组的罗伯特・亨特说：“这是世界上最具有历史意义的桥梁之一，也是一个迷人的工程。
“我们计划了一些庆祝活动来纪念这个机会，但不幸的是，他们不得不推迟。
“然而，这项耗资 1000 万英镑的整修工程即将开始，这是最好的生日礼物，并将确保后代能够享受这座桥的辉煌。”
苏格兰冰总监汉纳・史密斯称这座桥是苏格兰工程遗产中 “经常被忽视” 的一部分。
她说：“我们知道它在全世界都很有名，而且很快就会开始整修。”
据报道，朝鲜宣布紧急状态为 Covid - 19 案件
据官方媒体周日报道，朝鲜领导人金正日 (Kim Jong - un) 本月在非法跨越边境后被怀疑从韩国返回后，召开了紧急政治局会议。
如果得到证实，这将是朝鲜当局正式承认的第一个病例，朝鲜当局迄今表示，朝鲜没有确诊的冠状病毒病例。
据国家通讯社 KCNA 报道，金宣布进入紧急状态，并对边境城市开城实施封锁，称这是 “恶性病毒进入该国的危急局势”。
据 KCNA 说，三年前叛逃到南朝鲜的一个人越过了坚固的边界，将两个朝鲜的症状与建议 Covid - 19 的症状分开。
KCNA 说：“在开城发生的紧急事件发生在开城，三年前，一名被怀疑感染了这种病毒的人在非法跨越分界线后，于 7 月 19 日返回。
KCNA 没有具体提到此人是否接受了检测，但他说， "对此人上呼吸道器官和血液的分泌进行了几次体检，结果不确定" ，这促使官员对此人进行隔离，并调查他可能与之接触的任何人。
朝鲜已经从俄罗斯和其他国家收到了数以千计的冠状病毒检测包，并实施了严格的边境关闭。
这个神秘国家的成千上万的人被隔离了，但最近的限制有所缓解。
在最近几个星期里，朝鲜还加紧了一项批评叛逃者到韩国的运动，称韩国为 “人渣”，并呼吁韩国打击向朝鲜发送宣传信息和粮食援助的团体。
金下令对边界沿线的军事单位进行调查，该部队涉嫌 "实施严厉惩罚并采取必要措施" 。
对澳大利亚民主的威胁比中国更接近国内
但是，英联邦议会最近通过的一系列措施或待决措施引起了人们对我们自己的、本土的独裁主义的关注。
这些措施包括推出面部识别技术，迫使科技公司解密其客户计算机系统中的信息，迫使科技公司在不通知信息所有者的情况下提供客户的云信息，并扩大安全情报组织的强制性提问权力。
这些措施引起了关于公民与政府之间边界的严重问题，但《安全情报组织法案》尤其令人担忧。
与其他五眼国家 ---- 美国、加拿大、联合王国和新西兰 ---- 不同的是，在 9 月 11 日之后，安全情报组织被授权就恐怖主义罪行对人们进行长达 7 天的强制性质询。
虽然人们可能会认为，与恐怖主义罪行有关的极端暴力为非凡的权力辩护 ---- 极端暴力至少为这些非凡的权力提供了一条光明的界线。
当然，这不能说该法案中使用了 "全面和模糊" 的定义，以触发强制性质疑权：处理损害澳大利亚 "与另一国的政治、军事或经济关系" 的信息；或与外国势力合作进行秘密或欺骗性的活动， "损害澳大利亚的利益" 。
很难想象比这更多的 “全面和模糊” 的国家安全立法。
安全情报组织将被允许对任何人提出这些问题，而不仅仅是嫌疑犯。
这包括记者、商人、大学学者和工作人员、律师、公民、居民和来访者。
安全情报组织必须表明，质疑将 "大大有助于收集关于外国干涉的情报" ，而这似乎是该法案的主要目标。
然后，该人可以被审问多达 40 小时 (不包括休息时间) 。
如果该人拒绝出席，他们将被逮捕。
拒绝回答或提供虚假或误导的答复将判处最长 5 年徒刑。
这项法案推翻了我们法律制度中的根本规则 — — 实际上受到美国宪法的保护。
人们 ---- 包括已经面临指控的人 ---- 将被迫提供可能被用来起诉他们的证据。
他们可以有律师在场，但律师只能澄清含糊不清或不清楚的问题。
新的法案将决定向总检察长发出审问令。
正如情报和安全总监所指出的那样，这 "偏离了其他五眼司法管辖区对外部授权要求增加的趋势" 。
它还违反了权力分立原则，即法院审查执行政府的行动。
新的法案还提议将审问权扩大到至少 14 岁的儿童，但仅限于那些从事或可能从事不利于保护澳大利亚和人民免遭政治动机暴力的活动的儿童。
即使我们的情报机构是世界上最好的情报机构，它也赋予了一个权力，强迫任何人质疑 "损害澳大利亚与另一个国家的经济关系" 的信息，或 "损害澳大利亚利益" 的活动。
我们孤军奋战。
没有其他五眼国家，甚至连恐怖主义罪行都没有。
真正自由的民主国家反对独裁措施。
我们的安全机构在窃听东帝汶议会、审判证人 K 和 Bernard Collery 、秘密审判和监禁一名前情报官员、最近对两名记者执行的搜查令，以及其中一人因涉嫌在阿富汗境内谋杀澳大利亚士兵的故事而受到指控的前景等方面的行为表明，我们为什么不应该放松警惕。
母亲的尸体， 2 个婴儿被发现在池塘里
当局从格鲁吉亚的一个池塘里救出了一辆水下车辆，发现了一名妇女和她的双胞胎 10 个月大的孩子的尸体。
据《奥古斯塔纪事报》报道，里士满县警察局长办公室称，周五下午，机组人员在奥古斯塔市市长池塘里发现了这辆车。
里士满县验尸官马克・鲍恩说，所有 3 名受害者都在现场死亡。
当局认定这些尸体是 25 岁的 Shaquia Philpot 和她的婴儿 Caysen 和 Cassius Williams 。
官员们没有透露家庭如何在池塘里结束的细节。
一位在该地区捕鱼的证人发现了这辆车，鲍恩说。
这些尸体将被送到格鲁吉亚调查局进行尸检。
此案仍在调查中。
“波斯人” 评论：埃斯库罗斯的古老的缺陷
在 “波斯人” 中几乎没有什么行动，甚至连一个阴谋都没有。
然而，这个国家剧院的希腊生产释放了烈风的声音和愤怒。在它的高峰期，该节目击中像一个打击的太阳丛，带走你的呼吸 - 影响只是通过观看在线稍显迟。

该剧讲述了萨拉米斯（ Salamis ）的余波，这是一场海战，在这场海战中，超过 2 , 500 年前的希腊人将强大的波斯军队赶下台。在我们的视野即将结束的时候，几乎加入现场观众观看（副标题）希腊的现场演员，就像他们表演千年古老的戏剧一样，这是完全令人晕的
埃斯库罗斯本人曾在萨拉曼战役中战斗过，但他的剧本却有一个扭曲：这位获胜的老手把他的故事定在了失败中，对他最近的敌人的痛苦表现出了相当同情的
一群波斯人穿着长长的黄褐色裙子和白色纽扣式衬衫，开始了诉讼程序。他们在首都焦急地等待着国王 Xerxes 的消息， Xerxes 正在与雅典一起离开。
作为希腊最伟大的舞台演员之一，科尼奥杜知道自己的角色，她在前希腊国家剧院（ National Theatre of Greece ）中指挥并主演了 2006 年在纽约城中心演出的《波斯人》，她在主持诉讼程序时似乎一点也不做。在大多数情况下，她站在循环舞台的中间，毫不费力地将愤怒和痛苦的愤怒和痛苦投射到了家庭军队所遭受的灾难的范围中。
每个人的忧虑都被一个从前线回来的使者（ Argyris Pandazaras ）在痛苦的细节中证实了。在一个令人难以置信的场景中，他重新计算了这场战斗，当合唱成员在他周围跳舞时，他疯狂地鞭打自己，而乔尔戈斯・普里奥斯的无人驾驶飞机的得分也肯定是震耳欲的。
后来，他们加入了 Atossa 的死丈夫（ Nikos Karathanos ），从地狱召唤出来， Xerxes （ Argyris Xafis ），他以某种方式从飞机残骸中幸存下来。他的外衣上的细绳（ Eva Nathena 的精美服装总是有助于讲故事）。这些人物在集体哀悼的行为中，共同哀悼失去的生命和破坏。
我们在美国看到的一些古典戏剧试图以某种方式使它更容易获得。这通常是用相对自然主义的线条读物进行的，目的是使文本更少外国化，更容易消化。但 Lignadis 和他的剧团完全拥护宣言，这听起来有点强迫现代耳朵，但突出了文本的律力量。虽然从技术上说，它们并不歌唱，例如，四个主角基本上交付了叹调，实现了一种感觉到其他世界的咒语力量。
不过，我们永远不会忘记，这出戏的根源在于人类的情绪。
埃及开始为参议院选举登记海外选民的数据
根据 NEA 的官方网站，国家选举管理局（ NEA ）于周六开始登记选民的数据，开始在 8 月 9 日和 10 日举行的参议院选举中投票。
从 7 月 25 日至 7 月 31 日，选民必须在 NEA 的网站上登记他们的数据和与他们在海外居住的外交使团。
NEA 还发布了一个视频，解释了选民可以通过电子邮件远程投票的步骤，作为防止冠状病毒流行的预防措施的一部分。
NEA 说，参议院候选人竞选宣传的法律期间从 7 月 26 日至 8 月 8 日。
移民和埃及侨民事务部长 Nabila Makram 呼吁海外的埃及选民参加选举，作为他们的宪法权利。
6 月 17 日，埃及众议院批准了一项设立参议院的法律，该参议院将作为议会上院运作。
该法律以三分之二多数票通过，有 4 名议员反对。
参议院将由 300 名议员组成，其中 100 名由非公开名单制度选出， 100 名由个人制度选出， 100 名由共和国总统任命。
参议院的议员任期为五年，从第一次会议之日起算。新的议会将在任期结束前 60 天内选出。
200 多名消防员对 Karen Fire Burning 在 Jurupa Valley - CBS Los Angeles 的反应
JURUPA VALLEY (CBSLA) ---- 星期六下午，在 Jurupa Valley 发生了一场野火，导致 200 多名消防员作出反应。
据报道， Karen 火灾发生在下午 3 点之后，在 Sierra Avenue 和 Karen Lane 。
截至下午 8 时，大火从大约 5 - 10 英亩增加到大约 250 英亩
最后一次检查的封锁是 50% 和 225 名消防员从 Cal Fire 、 Riverside 县消防部门、 Corona 消防部门和 San Bernardino 县消防部门与大火搏斗。
在火灾方面取得的进展已经停止，但预计资源将在夜间继续监测情况。
没有伤亡报告，也没有下令疏散。
阿姆斯特朗和圣贝纳迪诺县之间的塞拉利昂大道已经关闭。
在感染病例中，以色列冠状病毒病例高达 60 ， 000 例
耶路撒冷 (路透社) ---- 在政府努力遏制感染率复苏的过程中，在以色列检测冠状病毒阳性的人数在星期六达到 60 ， 000 人。
据卫生部报告，最新的每日数据显示，新感染病例为 1 ， 770 例，使病例总数达到 60 ， 496 例。
以色列有 900 万人口，据报因这一流行病而死亡的总人数为 455 人。
以色列是最早在全国实施封锁的国家之一，最初成功地遏制了疫情的爆发。
每天都有数百件数字下降到低两位数。
对经济损失的担忧，政府放松了这些限制 — — 过于迅速，一些官员已经承认了 — — 并且感染率再度上升。
对各经济部门的零星关闭加深了公众的烦恼，引发了每天的示威。
小心园艺的头，看上去太好了
对植物科学家来说，承认这可能是件令人尴尬的事情，但我是一个花园头的吸盘人。
我喜欢认为这是因为我是开放的，或者仅仅是非理性的乐观，特别是在植物世界里的许多事情往往是非常违反直觉的。
但我并不羞于说我在园艺方面已经为他们的一生中的几十个人倒下了。
虽然我坚信尝试为自己着想的价值，但如果你不喜欢用困难的方式学习，这也是我遇到的一些最常见的花园头。
首先，也许是最严重的罪犯，移植了番茄土豆植物。
作为一个革命性的突破，将西红柿植株移植到马铃薯根部实际上是一种古老的植物性好奇，至少可以追溯到 20 世纪 20 年代。
因为他们都来自同一个家庭，并且有类似的内部 “管道”，你确实可以创造出这样的外科手术增强的奇迹。
但问题在于：创造像水果和根这样的资源密集型结构需要大量的新陈代谢能量，如果植物试图同时利用有限的能量，它们必然会分裂。
这意味着这些移植的植物的产量很糟糕，也不像你在营销图片中所看到的那样。
然后是这样的事实，庄以不同的速度成熟，所以为了收获土豆，你必须在西红柿成熟之前杀死这些植物。
在营销图像的问题上，这里也有很多不愉快的交易。
我见过玫瑰花，在一些主要的目录中，在它们的枝条上有一些生理上不可能的水果。
我甚至看过我的 Instagram 帐户上的照片，并被购物网络用作他们的审判理由。
可悲的是，少数骑士公司的工作意味着你必须以非常怀疑的目光看待广告形象，特别是在线广告。
如果它看上去太好了，那可能是真的。
说到这里，蓝色在植物界是比较罕见的，所以如果你看到一个令人眼花乱的新海螺，兰花或仙人掌，在最强烈的 “消毒剂” 蓝色的阴影中闪亮，它几乎肯定是被喷射或染色的。
这将是很好的，只要供应商明确了这一点，但他们很少这样做。
蓝色的子兰花将恢复到原来的白色，但喷洒仙人掌和海燕，涂于一层淡紫色的染料中，不太可能长期存活。
最后，我不得不放弃盆景包，甚至更糟糕的是盆景种子，这预示着微型树将从他们的包里发芽。
盆景不是植物的种类。
它是一种训练技术，用来给遥远的山顶上的古树带来幻觉。
它们几乎总是从成熟的灌木开始，这些灌木被砍头和新的生长。
我知道我会继续为头而跌倒，这也是实验乐趣的一部分。
但是，这些步骤，你可能会发现一个实际上有机会兑现承诺的人。
西班牙检疫：你需要在西班牙检疫？
不 — — 但如果你今晚午夜后从西班牙回来，你将不得不在家中隔离 14 天。
英国司法秘书 Humza Yousaf 说：“本周早些时候，当数据显示病毒的传播有所改善时，就决定豁免西班牙。
但显然，最新数据让我们担心推翻这一决定。
"我们理解这将是令人失望的。然而，我们始终清楚地看到，我们正在密切监测所有国家的大流行病局势，我们可能需要在病毒死灰复燃的情况下，将一个国家从免于检疫要求的地方名单中删除" 。
“它仍然活跃，仍然是致命的。抑制病毒，防止其传播和保护公众健康是我们的首要任务。”
在抵达西班牙的英国旅客中，没有任何规则已经宣布，但如果你要前往西班牙，你应该检查你所在地区的地方法规。
西班牙副紧急卫生主任玛丽亚・何塞・塞拉说：
“我们有重要的爆发。这可能是第二波。我们将不得不看看未来几周会发生什么。”
巴基斯坦的伊玛目 - Ul - Haq Declared 在受伤后的伤势
巴基斯坦和英格兰将在 3 次测试和许多 T20IS 中互相对峙。
巴基斯坦击球员伊玛目 - 哈吉已经被球队的医生宣布为合适的球员，他的左手被击中左手边，而在德比中的阵容中，他的比赛非常激烈。
“左手击球员在第二天的比赛开始前参加了热身赛，” 巴基斯坦板球委员会（ PCB ）在一份声明中表示。
在比赛的第一天，他的左手被击中了他的左手边，而他的左手却被击中了。
星期五晚上，伊玛目被 Shah 的一个球击中左手，但在上午参加了一个热身赛，并将在第三天恢复他的收入。
超过 30 名员工在泰米尔纳德邦的单一银行分行检测冠状病毒阳性
该银行和当地公民机构的官员说，在泰米尔纳德邦 Tiruchirappalli 的一家国家银行主要分支机构中，至少有 38 名员工对冠状病毒检测出阳性。
据官员说，访问该银行的客户也被告知自愿参加冠状病毒检测。
早些时候，一名患有其他并发症的高级官员死于 COVID - 19 。
有关官员说，最近在银行进行了大规模的医疗检查后，出现了积极的病例。
高级银行官员说，消毒过程已经完成，银行可能从明天开始恢复营业。
公司的卫生官员与访问银行的客户保持联系。
在马哈拉施特拉邦之后，泰米尔纳德邦的病毒病例最高，据报道，截至周六，该病毒的病例总数为 2 ， 06 ， 737 例。
印度总理在有争议的地点参加寺庙的开创性工作
新德里（ AP ） — 印度总理莫迪将于下月在印度北部的一个有争议的地方参加一个印度寺庙的开创性仪式。
这个仪式定于 8 月 5 日举行，组织者说，对于印度教徒来说，这在逻辑上是吉利的，但这也标志着印度议会取消了其唯一穆斯林占多数的查和克什米尔邦的半自治地位。
对于莫迪的印度教民族主义印度人民党（ Bharatiya Janata Party ）或印度人民党（ BJP ）的支持者和反对者来说，象征主义是不可能的。
由于印度的冠状病毒仍在肆虐，据报道，印度是世界上第三大病例，因此将在国家电视台现场直播这一仪式，根据 Vishwa Hindu Parishad 或与印度人民党结盟的世界印度教组织，与会者和观众的人数将受到限制。
该组织的发言人 Vinod Bansal 在周六的新闻发布会上说，这座庙宇将成为 “一个持久而不的社会和谐、民族团结、融合和觉醒的中心”，或者是印度教的生活方式。
在印度人民党的压倒性选举胜利后，去年解决了一个世纪之久的争议。
11 月，最高法院作出了有利于寺庙信任的裁决，称穆斯林的请愿将在另一个地点占地 5 英亩。
印度强硬派长期以来一直认为， Mughal 穆斯林侵略者在古老的 Ayodya 市的一座庙宇的顶部建造了一座清真寺。
1992 年 12 月，清真寺被毁后发生的骚乱引发了社区暴力，约有 2000 人被杀，其中大部分是穆斯林。
与此同时，拆除法院案件的审判继续在特别法庭审理。
来自莫迪的家乡古吉拉特邦艾哈迈达巴德的一位建筑师提出了一个高耸的砂岩结构 161 英尺（ 49 米），上面有五个顶。
据印度新闻通讯社报道，北方邦首席部长和印度教侣 Yangi Adityanath 要求 Ayodhya 在莫迪的访问前举行一次特殊的清洁和净化仪式，并在莫迪的访问前，为该市的所有寺庙提供照明灯。
Adityanath 说，这次比赛标志着 “500 年斗争” 的结束。