Dominic Raab ：政府不能为西班牙的检疫决定道歉
Dominic Raab 为政府决定在短时间内重新引入西班牙检疫措施进行了辩护。
部长们星期六宣布，在午夜之前没有从西班牙及其岛屿返回的度假者将被迫自我隔离 14 天。
该国已被列入唐宁街认为安全访问的 “旅游走廊” 国家名单，但最近冠状病毒病例的激增引发了人们对第二波疾病的担忧。
星期天，外交大臣为突然重新施加限制辩解，认为这是一个 “实时反应”，以应对该地区报告的感染病例激增。
他说，当时的情况是昨天下午评估的， "我们尽快作出决定" 。
“我们不能为这样做道歉，” 他补充说。
我们必须能够采取迅速、果断的行动，特别是在与西班牙或某个特定国家相关的本地化或国际上，我们认为我们必须采取行动。 "
“否则，我们就有可能再次感染到英国，这可能是第二次浪潮，然后再一次封锁。”
西班牙度假者被迫隔离的交通部长
该决定是在西班牙连续两天记录了 900 多个新的 Covid - 19 病例后做出的。
外交大臣承认，许多游客没有时间取消或改变他们的计划。
他说：“我知道这对那些在西班牙或一直在考虑的人来说是破坏性的，但我们必须能够采取迅速果断的行动来保护英国。”
“我们在降低病毒传播和防止病毒在英国重新占据方面取得了这样的进展。”
影子健康秘书乔纳森？艾利沃斯谴责政府对这项措施的 “坦率的袖标” 处理。
他说，唐宁街的突然决定让度假者感到困惑和不安。
工党议员对 Sophy Ridge 说：“我理解他们为什么做出了决定，但当然，在过去 24 小时里做出这一决定的方式实在是不光彩的。
他说：“西班牙的度假者们现在感到困惑和不安，有的人打算去西班牙度假，而像特内里费岛这样的岛屿也很困惑，他们不知道他们的雇主是否允许他们接受两个星期的隔离。
政府只是说， "我们希望雇主合作" 。
"在过去 24 小时内作出这一决定的方式实在令人费解。"
西班牙在检疫名单上对度假者意味着什么？
他敦促部长们 “澄清” 那些被要求隔离的人是否会得到财政支持，如果他们的雇主拒绝在检疫期间支付他们的工资。
他补充说，还需要明确的信息， "对于那些目前居住在西班牙的度假者，他们为自己的家庭度假而适当地积蓄了一年，因为他们感到困惑和痛苦" 。
他强调：“这一决定的沟通方式显然引起了焦虑。”
Raab 先生说，在新的指导下，任何工人都不应该受到雇主的惩罚，包括支付病假工资。
他说：“我们正在改变规则 — — 法律在度假者和旅行者方面有所改变 — — 当然，我们希望雇主们能让那些因为法律需要的灵活性而不得不隔离的员工。
“如果有人遵守有关检疫和自我隔离的法律，他们就不会受到惩罚。”
美国 “失败” 阻碍了对冠状病毒药物的搜索
英国方案的专家警告说，全球生产有用的抗 Covid 药物的努力正受到美国的阻碍，因为研究人员正在以 “任意的、不吉利的方式” 测试药物。
英国的复苏试验方案涉及到数百家英国医院的 12 ， 000 名病人，已经确定了一个有前途的新药物来解决这一疾病，并强调了另外两个以前被认为是潜在的救生员 — — 因为它是无用的。
但美国医疗系统未能与这一产出相匹配，这意味着其他有前途的治疗方法仍有待评估。
特别是，康复血浆（从 Covid - 19 患者身上提取的血浆，其中包含可以保护他人免受疾病侵袭的抗体）仍有待在大规模随机试验中进行适当测试。
“在美国，成千上万的人已经获得了康复血浆，但这些治疗方法并不是随机的，” 康复计划的创始人之一马丁・兰雷教授说。
“他们只是给个人康复血浆，希望它能发挥作用。已经提供了大量的血浆，他们仍然不知道它是否有助于或伤害或没有影响，” Landray 补充说，建立大规模药物试验的专家。
美国没有进行大规模的随机试验，最终提供了不良药品
随机药物试验是确定有用药物的黄金标准。
他们消除了可能导致临床医生判断的无意识偏见。
成千上万的人得到了一种药物，成千上万的人得到了安慰剂。
没有人知道他们得到了什么。
然后比较结果和治疗效果。
通过这种方式， Recovery 能够证明类固醇地塞米松使 Covid - 19 呼吸机患者的死亡人数减少了三分之一。
该研究还表明，大量使用的药物氯 — — 以及药物洛匹那韦和利托那韦的联合治疗 — — 对挽救患者的生命没有任何影响。
至关重要的是，这些试验需要大量的病人，没有一家医院有足够的时间进行这种研究。
英国拥有一个关键优势 — — 一个集中的国家卫生服务机构。
相反，美国的医疗服务是支离破碎的，它在指出可能的治疗方面唯一的成功是强调了昂贵的药物 remdesivir 对于加速一些 Covid - 19 患者的恢复的效用。
兰雷补充说：“在美国，有大量的小型药物试验，涉及几十人或几百名病人，但没有任何物质。”
“他们没有进行大规模的随机试验，最终提供了不良药物。这使得药物实践更加糟糕，患者的结果更加糟糕。”
Landray 说，在使用康复血浆时，这种失败特别令人恼怒，许多医生认为这可能在治疗严重疾病 Covid - 19 患者方面发挥关键作用。
他补充说：“如果你看看美国，大量的这种治疗方法都是随意使用的。与那里发生的事情相比，英国超越了衡量。”
传染病专家和康复方案的另一位创始人彼得・霍比教授说：
“有报告称，有 20 , 000 名患者在一个队列中获得康复血浆，但这些患者中没有一个是随机的。如果他们将这些患者纳入随机试验，我们现在可以对康复血浆的有效性有一个明确的答案。”
霍比补充说，英国复苏已经启动了对康复血浆的随机试验，但预计直到今年晚些时候才会有结果。
沙门氏菌疫情使 23 个州的 212 人患病
7 月 25 日（ UPI ） ---- 疾病控制和预防中心正在调查沙门氏菌的爆发，在 23 个州有 212 人患病。
在星期五的新闻发布会上，疾病防治中心报告说，自周二疫情最新情况以来，已有 87 人生病。
该机构称，人们开始出现与沙门氏菌菌株有关的症状，在 6 月 19 日至 7 月 11 日期间，沙门氏菌的症状可能需要 2 至 4 周
自疫情爆发以来，已有 31 人住院治疗，但没有死亡报告。
根据 CDC 的数据，尚未确定沙门氏菌菌株的具体来源。
它没有发布任何反对食用或食用特定食品的建议，也没有指定可能出售受污染产品的零售商。
俄勒冈州的沙门氏菌病例最多，有 51 例感染，犹他州紧随其后，有 40 例报告病例。
根据 CDC 的数据，沙门氏菌是一种细菌、食源性疾病，每年造成 135 万人感染， 26500 人住院， 420 人死亡。
沙门氏菌感染最常见的症状是腹泻、发烧和胃，这些症状可以在接触后 6 小时至 6 天之间开始。
这种疾病通常持续 4 至 7 天，大多数人在没有治疗的情况下康复，但有些病例需要住院治疗。
在加州的狗公园里，一对夫妇在吃午饭时不戴口罩
有面具，然后就有攻击。
一对加利福尼亚夫妇和他们的小狗一起在狗公园吃午饭时，一个愤怒的女人用胡椒粉喷他们拒绝掩盖 … … 吃的时候。
奥勃良和丈夫贾雷特・凯利说，他们周四在圣地亚哥的 Dusty Rhodes 狗公园吃了一口，他们的 3 个月大的幼被拖住了。
当一个 “随机的老太太” 走近时，这对夫妇带着面具去吃，称他们为 “白痴”，而不是掩盖，即使 “你不能戴面具，同时吃东西”。
奥勃良告诉这名妇女离开公园，停止骚扰她，这时，这名妇女在这对夫妇身上释放了一种可能。
一名旁观者拍摄的录像片段开始时，凯利从女人身上摔跤，并在脸上给他的麻烦注入了剂量。
当攻击者和她的狗走开时，奥勃良可以听到哭泣的声音。
奥勃良在 Facebook 上分享了视频，并告诉美国广播公司 10 她想看这个女人 “进监狱”。
即使在新鲜空气中，口罩也是强制性的。
这些口罩只能在选择的几次，包括在吃或喝的时候被移除。
然而，在国家的冠状病毒指南中没有任何地方说旁观者可以使用非致命性武器来执行这一政策。
即使在目前的 “面具羞辱” 时代，这仍然是一种犯罪，处以 1000 美元罚款或 3 年以下监禁。
平，免费教育 Indore Egg 卖家 Paras Raykar 的购物车被推翻据称超过卢比 . 100 贿赂
据指称，雷卡的手推车运载鸡蛋的手推车星期四被 Indore 的公民官员推翻。
两天后，一名 13 岁的鸡蛋销售商的推车被民间官员推翻的故事在社交媒体上传播开来，这位印多尔的男孩得到了全国人民的压倒性支持，帮助他们从损失中恢复过来，并设法重新开始他们的业务。
这个男孩的家庭还声称，包括国会领导人拉胡尔・甘地和德里首席部长阿尔维斯德・基雅瓦尔在内的政客们已经向他们伸出援助之手，并表示支持。
男孩的家庭还得到了一套公寓，并主动提出照顾家庭中子女的教育费用。
Paras Raykar 携带鸡蛋的手推车据称于周四被 Indore 的公民官员推翻，政府在那里实施了 “左右” 规则，以便在冠状病毒大流行期间错开开店。
这名男孩声称，官员们在上午警告他要脱掉他的手推车或支付 100 卢比，因为贿赂已经在社交媒体上传播。
当他拒绝时，官员们把他的车倒过来，摧毁了所有的鸡蛋，男孩声称。
这个男孩还声称，他的每日销售量由于大流行病而下降，他的股票损失将给他带来额外的财政负担，在视频中。
自周四以来，这个男孩的家庭一直被全国人民的支持所压倒，其中许多人提供现金和实物帮助。
家庭也得到当地人的帮助。
前首席部长迪格维贾亚・辛格（ Digvijaya Singh ）提供了财政支持和帮助，让孩子们上大学，而印度人民党（ Indore ， Ramesh Mendola ）的司法机构则保证在 Pradhan Mantri Awas Yojana 的领导下为孩子
Indore 新闻俱乐部也向男孩提供了口粮和钱。
国会领导人拉胡尔・甘地的办公室和德里首席部长阿尔维斯德・基列瓦尔也提供了帮助。
" 我们被全国人民的支持所压倒。
(印度人民党司法协助) Ramesh Mendola 在 Pradhan Mantri Awas Yojana 下保证了一套公寓。
他还提供了一个周期和 2500 卢比。
Digvijaya Singh 提供了 10000 卢比，并保证照顾这两名儿童的教育。
拉胡尔・甘地的办公室也呼吁并提供支持。
德里首席部长 Arvind Kejriwal 的一名妇女呼吁并提供帮助。
Jyothiraditya Scindia 也提供了支持， " Paras 的祖父说。
美国内政大臣普里蒂・帕特尔要求推特和 Instagram 对 “可恶的” 威利・推特做出解释
普里蒂・帕特尔要求推特和 Instagram 在删除威利所做的 "可恶" 职位的时间长度上作出解释。
警方目前正在调查一系列关于格里姆艺术家社交媒体账户的反犹太主义评论。
内政大臣在星期天推特：“威利的反犹太主义职位令人憎恶。
" 他们不应该能够在 Twitter 和 Instagram 上停留这么久，我已经要求他们做一个完整的解释。
社交媒体公司必须更快地采取行动，从他们的平台上消除这种令人发指的仇恨。 "
推特被指控 “无视反犹太主义”，因为威利的推特在首次发布后 12 小时内仍清晰可见。
此后，一些推特被删除， 41 岁的人已被该网站发布了 7 天禁令。
推特此前曾表示，威利的账户被暂时锁定 “违反我们的仇恨行为政策”，而 Facebook 则表示 “在 Instagram 没有仇恨言论的地方”。
大都会警察局周六说：“Met 极其严肃地对待所有反犹太主义的报道。相关材料正在评估中。”
与此同时，威利的管理公司 A - List Management 与明星 “断绝了一切联系”。
这位艺术家现在的前经理约翰・伍尔夫是犹太人，他在 Twitter 上写道：“今天，我们在 @ A _ ListMGMT 与他断绝了一切联系。社会上没有反犹太主义的地方。”
他早些时候曾说过，他不支持或宽恕威利张贴的内容，但他会私下跟他说话，并 “帮助教育他”。
然而，在 Instagram 的一个视频中，威利似乎说是他与他的管理层断绝了联系。
其他议员批评 Twitter 允许 Twitter 保持可见。
工党议员 Jess Phillips 周六说：“刚刚看到所有威利的东西。为什么地球上有 @ Twitter 留下了这样公然的反犹主义和仇恨？它击中所有危险的节拍，犹太人得到的东西，你没有得到，他们在控制，他们认为他们更好 … 这是危险的东西。当然，它应该下来。”
议员尼尔・科伊尔补充说：“他的管理层似乎能够更快地采取行动，而不是 “推特”（ Twitter ）再次强调，立法（包括在线危害法案）应该确保社交媒体平台不被用来传播仇恨。
政府反犹太主义问题独立顾问约翰？曼恩 (John Mann) 表示，这些推特 “恰恰说明了为什么法律需要改变，以使他们处于合理的地位。”
与此同时，反对反犹太主义运动要求警方调查威利的内容，并呼吁关闭他的社交媒体账户，“防止进一步涌入反犹太毒液”。
威利，被称为格里姆的教父，他的真名是理查德・考伊，他在 2018 年获得了音乐服务的 MBE 。
Kudlow 说，下一个冠状病毒刺激法案将包括更多的检查，延长暂停驱逐
白宫经济顾问 Larry Kudlow 周日承诺，联邦政府将延长暂停驱逐令，并发出新一轮检查，作为下一个冠状病毒刺激计划的一部分。
Kudlow 的评论是在白宫希望削减工资税的一周后发表的。
Kudlow 在 CNN 的 “国情咨文” 上说：“有一张 1200 美元的支票即将到来。这将是新计划的一部分。我更希望在这张支票的基础上削减工资税。”
"但是，无论从政治角度讲，它都是行不通的。"
虽然没有正式宣布任何协议，但财政部长史蒂夫・姆努钦和白宫工作人员马克・梅多斯最近一直在国会山与国会领导人讨论新的一揽子救助计划的细节。
在结束联邦政府提供的额外 600 美元失业救济金时， Kudlow 认为额外的钱正在伤害小企业雇用工人。
他说：“我们有大量的调查、电话和投诉，小商店和企业，餐馆不能雇佣人们回来。”
“他们走得太远了。也许去年三月，这是必要的，但实际上，人们不回去工作会带来后果。”
在《福克斯星期天新闻》当天早些时候，玛努钦说得更直率些：“我认为工人和美国人理解你不应该花更多的钱呆在家里而不是工作。”
马努钦说，新法案将提供更多的失业救济金，但指出这将低于根据《 CARES 法》发放的款项。
他说，有些工人的收入超过了他们在工作中的收入。
因此，当企业重新开业时，一些雇员没有动力重返工作岗位。
这位秘书说，特朗普政府和参议院共和党在同一页面上有 1 万亿美元的一揽子计划，但他指出，为了迅速通过一项法案，更难以与民主党谈判的问题可能会被搁置到另一项法案中。
女王和亚当・兰伯特：布莱恩 5 月庆祝罗杰・泰勒的生日
女王传奇今天和滚石乐队的前锋米克・贾格尔一起分享他的生日，他现在已经 77 岁了。
布莱恩 5 月 19 日上周末庆祝了他的 73 岁生日，并感谢粉丝们的生日祝福。
这位摇滚明星在他和他的妻子安妮塔・多布森的故事中写道：“我的生日晚餐 — — 是安妮塔创造的 — — 我们打扮得呆在家里！”
埃及法院将谋杀三名儿童的男子提交精神病评估
南 Minya 检方总检察长 Tamer Motea 于上周日判处一名农民四天监禁，等待调查他为何杀害他的三个孩子，同时还将他提交精神病委员会。
7 月 24 日， 56 岁的 Mohamed Ali 把他的孩子 Khadiga 、 4 岁、 Mena 、 8 岁和 Omar 扔在 Mallawi 火车站的一列移动火车前。
在调查期间，阿里被发现语无伦次，导致怀疑他患有精神崩溃。
他的妻子否认她曾遭受过任何问题，并将他的行为归因于心理问题。
来自 Massart Mallawi 的村民没有谈论这一事件，只向儿童家庭表示慰问。
10 月，全国儿童和母亲委员会顾问 Khalid Darwish 说，大约 93% 的 1 岁至 14 岁的埃及儿童遭受暴力。
他补充说，起诉是消除虐待儿童行为的最重要支柱之一，强调了理事会与公诉机关在这方面合作的重要性。
根据全国儿童和母亲理事会编写的一份研究报告，儿童在本应安全的地方，如家庭、学校或俱乐部，遭受暴力，并遭受本应照顾他们的人，如父母或教师的暴力。
美联社报道白宫新闻秘书 Kayleigh McEnany 为 “政治” 简报会，但记者们一直在问政治问题 ---- 美国新闻
美联社指责白宫新闻秘书 Kayleigh McEnany 担心媒体，让她的简报政治而不是信息 — — 显然忘记了记者选择问题。
美国最大的新闻机构美联社周六的一篇文章说，白宫新闻发布会可能是一个 “破碎的传统”，因为 McEnany 为他们做了 “一个精简的、完整的总统竞选连任的广告，一个攻击媒体的场所，一个相对较轻的关于政府正在做什么的信息论坛”。
最后一种说法是无可争议的，因为在简报会上几乎没有透露任何新的信息。
美联社没有提到的是，在简报会上几乎没有任何新的信息。
记者们经常使用白宫的压力来吸引人们的注意力，这是 CNN 的吉姆・阿科斯塔完善的艺术形式。
他们超越了典型的对抗性媒体管理关系，互相重复，提出的问题只是为了诋毁唐纳德・特朗普总统。
在某些情况下，他们把自己当作新闻，比如当 CBS 新闻记者魏佳回应特朗普的 “问中国” 时，他对种族主义做出了一个不太微妙的暗示：“先生，你为什么特别对我说？”
7 月 6 日的简报提供了一个最好的例子，说明简报会如何不再是美国人的有意义信息的来源。
当天上午，特朗普在推特上说，纳斯卡的电视收视率受到了对司机 Bubba Wallace 的仇恨犯罪的虚假指控的伤害，并决定禁止在其事件中展示联盟旗帜。
可想而知，大多数问题都是在记者问麦克恩的问题后，记者问了麦克恩的问题，目的是让她说特朗普支持南军的旗帜。
麦克恩尼没有提供记者想要的答案 — — 这听上去会伤害特朗普 — — 但她一再回应说，奥巴马总统没有在南军旗帜上采取立场，他的信息的要点是纳斯卡球迷被错误地描述为种族主义者。
美联社说，她在简报会上听起来 “恼怒”。
美联社记者乔纳森？卡尔 (Jonathan Karl) 本月早些时候发表了《华盛顿邮报》专栏文章，他也是白宫通讯员协会的主席。
卡尔认为，“否认现实，纯粹出于政治目的使用白宫讲台是对公众信任的侵犯。”
然而，麦克恩尼的机智和好斗的风格使她成为一些特朗普支持者的英雄，因为她在 4 月接任新闻秘书后，于 5 月 1 日做了第一次简报。
在她被任命之前一年多的时间里，记者们一直缺席。
与华盛顿政治生活的其他方面一样，白宫新闻秘书与媒体的关系在特朗普时代发生了巨大变化。
这一变化来自双方，并预示着麦克恩尼的到来。
在 2018 年 4 月的白宫通讯员晚宴上，喜剧演员米歇尔・沃尔夫（ Michelle Wolf ）的前新闻秘书莎拉・哈卡比・桑德斯（ Sarah Huckabee Sanders ）如此恶毒，甚至连 MSNBC 主持人米卡・布热津斯基（ M
美联社白宫记者吉尔・科文在第一次简报会上问：“你保证永远不会从那个讲台上对我们撒谎吗？”
福克斯新闻政治分析家休姆 (Brit Hume) 在 1989 年至 1996 年期间担任美国广播公司首席白宫记者，他说，由于他们对特朗普的蔑视，记者们今天在简报室里展示了 “侵略行为”。
这是因为他们的反特朗普焦点，他本周在福克斯的塔克 Carlson Tonight 节目中说，记者们忽视了收集政策新闻。
“这不仅仅是一场游戏，” 休姆说，这些压力机的预期目的。
" 这不仅仅是试图让公职人员难堪，而是提取信息。
在加州抗议期间，法院放火焚烧
奥克兰警方说，加州的新教教徒放火焚烧了一个法院，在周六晚些时候举行和平示威后，损坏了一个警察局，并袭击了警察。
奥克兰部门在 Twitter 上说，示威者打破了窗户，喷涂涂鸦，燃放烟花，并向军官发射激光。
一些推特呼吁和平，并要求组织者 "帮助我们为示威者提供安全的空间和安全的场所" 。
抗议活动于周六晚上早些时候开始，类似于在俄勒冈波特兰市成立的一个团体，类似于在俄勒冈波特兰市成立的一个团体。
唐纳德・特朗普总统已经派出联邦特工镇压自乔治・弗洛伊德于 5 月 25 日在明尼阿波利斯去世以来夜间发生的抗议活动。
奥克兰的抗议活动以和平方式开始，但后来演变成暴力。
下午 11 时 30 分左右，警察宣布 "非法集会" ，警察要求人群散开。
据报道，大火发生在 Alameda 县高级法院，不久后就被控制住了。
警方说，有一次抗议者 “打破窗户，对居民进行种族诽谤”。
该部门发布的照片显示，在警察大楼里，玻璃和油漆都被打碎了。
联合国高级官员以飞行问题为由访问巴基斯坦
伊斯兰堡 (美联社) — — 即将上任的联合国大会主席星期天宣布，由于一些技术飞行问题，他推迟了对巴基斯坦的预定访问。
土耳其外交官 Volkan Bozkir 上个月当选为联合国大会第 75 届会议主席，定于星期天抵达伊斯兰堡。
但在 Twitter 帖子中，他表示，对巴基斯坦首都的访问必须等待。
巴基斯坦外交部长 Shah Mahmood Queshi 在回应 Bozkir 时说， "我期待着欢迎你尽快访问巴基斯坦，以便进行建设性和富有成果的访问" 。
一天早些时候，兴高采烈的库雷希在宣布此次访问时，曾希望他能与包括克什米尔在内的 Bozkir 讨论一系列问题，克什米尔在巴基斯坦和邻国印度之间分裂，双方都声称。
自 1947 年脱离英国统治以来，巴基斯坦和印度在有争议地区进行了三次战争。
双方经常在克什米尔交火，造成双方部队和平民伤亡。
巴基斯坦希望联合国发挥作用，根据其决议解决克什米尔问题，允许生活在喜马拉雅地区的人民决定他们是否愿意与印度、巴基斯坦合并，或者他们是否愿意独立。
保罗・帕格巴在曼联封印后暗示了他的未来
曼联球星保罗・帕格巴曾建议他今年夏天将留在俱乐部，因为红魔在前四强封杀了一个位置。
在弗兰克・兰帕德的切尔西之前， 2 比 0 战胜了莱斯特，这意味着曼联排名第三。
曼联在 12 场比赛前 14 分，但一场轰轰烈烈的比赛中，红魔在前 4 名的比赛中完成了比赛。
在过去两年中， Pogba 曾两次要求离开俱乐部，预计今年夏天将离开俱乐部。
然而，这场大流行病意味着很少有俱乐部在今年夏天花费大笔资金，也没有买家可以将转帐费和 Pogba 的工资结合起来，以吸引他离开老特拉福德。
这一澄清在最近几个星期帮助了 Pogba ，因为他的表演以及他的身体语言都有了改善。
这位法国人已经放弃了最新的暗示，他将在他的 Instagram 在他的 2 - 0 获胜后，在俱乐部里呆在俱乐部里。
虽然 Pogba 可能只是在庆祝俱乐部重返赛场，但许多球迷认为这是一个强有力的建议，他仍将在俱乐部与欧洲竞争。
Pogba 有一年的时间来经营他的现有交易，尽管俱乐部可以延长 12 个月的时间，这意味着他实际上有两年的时间。
曼联热衷于扩大 Pogba 的交易，他们希望在下个赛季之前澄清他的处境。
Pogba 在俱乐部里感觉很舒服，并因布鲁诺・费尔南德斯的到来而受到鼓舞。
这位葡萄牙剧作家在老特拉福德已经被发现了，他的到来使 Pogba 能够在更深层次的中场位置上踢球，这也改善了他的情绪。
沃特福德在英超联赛中被英超联赛降级
沃特福德的一些球员跪下来，其他人则毫不迟疑地跑到了隧道里。
在英超联赛的 5 年时间里，哨声刚刚吹响，没有人能说，当这个场合要求他们向阿森纳投掷厨房水槽时，他们就没有打架了。
在过去的五年里，这是一个充满了脆、紧迫和侵略的表现，这标志着他们的最佳工作，但为时已晚，几乎彻底改革了当天的三个目标赤字的战斗也是如此。
如果埃米利亚诺・马丁内斯（ Emiliano Mart í nez ）没有出色地拯救了丹尼・威尔贝克的后脚跟 16 分钟，他的前队友在他的前队友们在两个安全目标的范围内进行了攻击后不久，他们就有可能在未来的
最后，他们落后了，他们的看守经理海登？莫林 (Hayden Mullins) 可能会反映出，如果他的团队以前曾展示过类似的应用程序，他将永远不会得到最不受欢迎的任务。
在整个赛季，他们还不够好，但也没有雇用他们的组织。
一个糟糕的运动可能不会破坏一个帝国，但是波佐家族所建立的基础也没有提供任何保证，他们将从第二层直接返回。
很难摆脱沃特福德对经理的习惯已经脱离了道路的感觉。
他们的下一个永久性 — — 也许是最松散的 — — 任命将是 8 年来的第 12 次，只有如此多的新鲜空气，新的扫才能打扫。
特洛伊・德莱伊面临降级，尽管在阿联酋受到了冷嘲热讽。
球员们将离开， Isma  la Sarr 在这里再次展示他将在 9 月参加比赛，这是不可思议的，而稳定的手应该是一个优先事项。
在一次遭遇中，米克尔・阿泰塔（ Mikel Arteta ）描述了 “一场篮球赛”，但这并没有什么稳定的地方，尽管它当然是为了很好的娱乐。
阿泰塔后来说，沃特福德的前锋是 “作弊”，尽管他很快就澄清了这是 “赌博，站在前面” 的足球术语。
他们当然需要：任何一个战斗点可能最终足够的建议很快就会被苏格兰化，他们可能想知道如果他们没有义务进行追赶，事情会发生什么。
相反，他们几乎立即承认了一个点球。
克雷格・道森在 40 秒内就不经意地塞进了 Alexandre Lacazette ，但它花了近三分钟的时间才有信心给予点球。
沃特福德聚集在一起，毫不留情地施加压力，以电形式在右边，并接近罗伯特・佩雷拉和特洛伊・德莱伊。
但随后，欧米朗将基伦・提尔尼排在第一位，而在第一杯比赛中，这场比赛非常古怪，以至于阿泰塔是经理撕裂了他的球员，尽管阿森纳的优势。
随后，欧米朗控制了蒂尔尼的长球，并改变了一个高超的间接踢腿，他的一个目标是金色的靴子，如果福斯特没有阻止最后一次机会，他将与杰米・沃迪分享一个奖项。
沃特福德似乎已经完成了任务，但他们坚持了下来，在大卫・路易斯为威尔贝克的专辑制作了另一个轻率的罚球区挑战之后，德妮在休息前就在自己的点球大战中被罚出场。
德妮，在本赛季的大部分时间里，步行受伤，他把自己拖到球场周围，一直处于角斗士状态。
他可能会吞掉亚当・马斯纳在第二个时期错过的机会，而更多的空缺也被拒绝了。
威尔贝克第一次被优秀的马丁内斯挫败了，阿泰塔证实将在周六的足总杯决赛中首发出场，然后在他们的脚上，整个沃特福德特遣队在他们的脚上转换了一个来自萨尔的十字架。
但是沃特福德的前景在他的下一次努力被击退时消失了，而从上到下的自我反省需要广泛。
著名的塔霍湖受到气候变化的污染
加利福尼亚州的南湖塔霍湖 — — 尽管有这种流行病，即使在一个工作日，人们仍然在塔霍湖的教皇海滩。
“我喜欢露营，骑自行车，在湖边游泳，” 一个叫达科塔的女孩说。
他说：“这是每个人都想参观的美丽的东西。”
这就是为什么 Matt Meunier 的潜水业务仍然强劲，甚至在大流行病中也是如此。
他说，他认为 “非常清晰。我认为太浩湖是该国最干净、最美妙的湖泊。”
现在坏消息是：塔霍湖并不像 20 多年前搬到这里时那样干净，也不那么清楚。
Meunier 说：“我们注意到越来越多的东西在岩石上。”
“你在岩石上得到这种奇怪的水藻。”
科学家认为，气候变化影响了水温，从而影响了清晰度。
每年有 1500 万人和他们留下的垃圾一起参观这个湖。
Meunier 说，潜水旅行清理湖底发现了旧垃圾。
“当我说旧垃圾时，我指的是 60 年代， 70 年代，” Meunier 说。
“啤酒罐，汽水罐，教堂钥匙罐从过去的日子。”
科学家们每年都会通过投掷一个白色圆盘来监测塔霍湖的清晰度，然后测量他们能看到它的程度。
加州大学戴维斯分校教授杰夫・施劳德说，这是一个 “重要的指标，说明这个湖是多么健康。”
去年测量时，湖的清晰度约为 80 英尺。
这意味着你可以看到 80 英尺的圆盘。
但是，考虑到这一点，大约 20 年前，湖泊的清晰度是 100 英尺。
这就是科学家试图扭转的趋势。
但是他们正在对抗气候变化的影响，湖周围的发展，以及 1960 年代在湖中增加的一些东西：一种微小的侵入性虾，用来喂鱼。
这没用。
他说：“一旦虾进来了，湖里突然没有天然的清洁工。”
世界各地的湖泊和水体也面临类似的挑战。
Schladow 说 : "这里的教训是，如果你不能在太浩湖做到这一点，那么全国各地的河流、河口、溪流和湖泊永远不会得到同样程度的关注、同样水平的资源，还有什么希望呢？"
Meunier 说，他 “充满希望” 是因为 “如果我们的大流行有一线希望，我认为它表明，如果我们减轻这种压力，人类的压力，摆脱这种压力，让它发生，大自然就会恢复并治愈自己。现在那里有事实。”
由充电器签署的 4 份草案中的 QB Herbert
美国加利福尼亚州的 COSTA MESA 公司已经签署了其中的 4 项草案，其中包括四分卫贾斯汀・赫伯特，并同意与他们的其他两名成员达成一致。
当他们向训练营报告物理和设备训练营时，查察队在周六的课程中获得了合同。
与被选中第六名的赫伯特一起，该小组宣布了广泛的接收器乔里德（第五轮）和 KJ Hill （第七轮）的签名，以及第六轮安全 Alohi Gilman 。
他们已经同意了第一轮后卫肯尼斯・穆雷的条件，并跑回了第四轮中被选中的约书亚・凯利。
赫伯特在俄勒冈开始了 42 场比赛，创下了 29 - 13 的记录，其中 10 ， 541 码的传球和 108 次触底得分
上个赛季他带领球杆参加了 Pat - 12 冠军，在 14 场比赛中投掷了 32 次触击和 6 次拦截。
他在玫瑰碗中赢得了威斯康星州的冠军，他在那里跑了 3 次，并被命名为进攻 MVP 。
赫伯特将与经验丰富的 Tylog 泰勒竞争开始工作。
在菲利普・里弗斯在 14 个赛季后通过自由代理离开后，查察队将有一个新的四分卫。
在洛杉矶与新英格兰进行交易后，穆雷是第 23 位，他将返回第一轮。
上个赛季，他是美联社的第三小组成员，他领导了搜狐队的 102 次比赛，其中包括 69 次独奏。
今年夏季，巴塞罗那将出售 “Coutinho 、 Dembele 、 Rakic 和 Vidal”，所有这些都被列入了转会名单
据报道，今年夏季，巴塞罗那将被称为销售俱乐部。
至少有 12 名一线队明星已经被拉西加巨人转移名单，声称玛卡。
据报道， Philippe Coutinho 已被巴塞罗那转让
其中包括英超目标 Philippe Coutinho 、 Ousmane Dembele 、 Ivan Rakic 和 Samuel Umtiti 。
Coutinho 和 Umtiti 都与阿森纳的转会联系在一起，巴西也被切尔西盯上了。
虽然曼联和托特纳姆据说是在争夺拉科的服务。
法国世界杯冠军德贝莱，他在诺坎普的比赛中苦苦挣扎，最近与 Neymar 互换交易中的 PSG 联系在一起。
其他被认为多余的行为者包括 Neto 、 Nelson Semedo 、 Junior Firpo 、 Arturo Vidal 、 Martin Braithwaite 、 Carles Alena 、 Rafinha Alcantara 和 Jean - Clair Todibo 。
巴塞罗那希望一个明确的计划不仅能增加他们的财政状况，而且还能帮助他们未来的转会业务。
据说 Ousmane Dembele 也是多余的
根据西班牙报纸的报道，巴塞罗那已经确定了他们下个赛季的转会目标 — — 阿根廷前锋劳塔罗・马丁内斯在他们的热门名单中名列前茅。
但国际米兰继续要求在与加泰罗尼亚人谈判之前满足他的 1 ， 100 万英镑的释放条款。
巴塞罗那必须在购买之前卖出，但仍然相信他们可以与意甲球队达成交易。
巴塞罗那 “让阿森纳菲利普・库欣霍交换坏男孩 Guendouzi”，因为枪手试图卸下中场球员
汽车穿过人群，抗议者在科罗拉多州开枪
在反对种族不公正的示威中，一辆汽车穿过人群，一名抗议者在丹佛郊区的奥罗拉郊区被枪杀。
奥罗拉警察局在 Twitter 上说，抗议者星期六在 225 号州际公路上行走，当时一辆汽车开过。
警方说，一名抗议者开枪射击，至少有一人被送往医院，病情稳定。
当局说，该车辆被拖走，他们正在调查。
警方称，抗议者还打破了法院的窗户，并在一个办公室发生火灾。
当局说，非法集会被宣布，警察命令抗议者离开该地区。
由于联邦官员被派去镇压俄勒冈波特兰的示威，最近反对种族不公正的抗议活动加剧了紧张局势。
警方宣布星期六在西雅图发生骚乱。
5 月 25 日，明尼苏达州一名黑人男子乔治・弗洛伊德（ George Floyd ）死亡，他的脖子上有一名白人军官，他的脖子上有一个膝盖，他的脖子上有一个膝盖，他的脖子上有一个膝盖，
在科罗拉多州，抗议者一直在提请注意 Elijah McClin 的死亡，他在 2019 年 8 月在 Aurora 街上行走时被警察截住，当时 911 打电话者称他可疑。
警察将他安置在一个禁闭室里，医护人员服用了 500 毫克的氯胺酮，一种镇静剂，使他平静下来。
他进行了心脏骤停，后来被宣布为脑死亡，并失去了生命支持。
劳工反犹太主义告密者要求 Corbyn 被驱逐或面临诉讼
据报道，劳工可能需要支付 3300 万英镑至 8800 万英镑的损失。
现在，领导人基尔・斯塔默面临着驱逐柯比先生的压力。
昨晚前政党工作人员表示，如果柯比先生被逐出该党，他们将放弃法律诉讼。
工党迄今拒绝就这一需求发表评论。
然而，工党议员乔恩・崔基特说：“这是一个荒唐的需求。”
柯比的支持者说，斯塔默需要专注于解决保守党处理冠状病毒的问题，而不是回到工党的内部分裂。
前工党消息人士告诉《每日邮报》，即使 Starmer 先生驱逐了 Corbyn 先生，他们也会采取法律行动。
“我的意思是，他真的，他使工党再次具有竞争力。
“政策上还有很长的路要走，但他取得了一个令人印象深刻的开端，他必须面对这样的局面：对于许多真正放弃工党的人来说，选民们，我认为他们现在再次更加同情地看待这个问题，他们认为他是一个严肃的人物。”
布莱尔确实担心工党仍然被视为提高税收的政党。
他说：“当你加入工党时，我在税收方面的经验非常小心，因为那里的公众不会坐在那里担心你是否会增税，他们可能担心你会增税，所以你必须注意到这一点。”
Covid - 19 将永久改变世界经济（意见）
病毒筛查很可能成为我们生活的一部分，就像 9 / 11 之后的安全措施一样。
重要的是投资于检测未来病毒爆发所需的基础设施。
这种投资保护经济，以防 Covid - 19 的免疫力是暂时的。
许多经济体在疫情期间采用了德国的短期工作补贴（ Kurzarbeit ）。
这项政策使工人减少了工作时间和工资，政府补偿了工资的一些短缺。
通过保持企业和工人之间的匹配，经济为迅速复苏做好了更好的准备。
必须改进这些政策的执行情况，并使其成为我国经济复苏工具包的永久组成部分。
远程工作可能变得更加常见。
我们有一些证据表明，在家工作至少和在办公室工作一样有成效。
然而，许多公司不愿意接受远程工作。
现在许多人都尝试了很好的结果，远程工作可能会留在这里。
大流行病危机加快了数字化转型的步伐，电子商务进一步扩展，采用远程医疗、视频会议、在线教学和金融技术的步伐加快。
拥有国际供应链的公司正在处理短缺和瓶颈问题。
我们很可能会看到这些公司中的许多公司将他们的一些产品重新生产。
不幸的是，这一趋势不会创造很多就业机会，因为大部分生产可能是自动化的。
在危机期间，政府在扮演保险公司和投资者的角色后将变得更大。
公共债务将膨胀，给全世界带来金融挑战。
从 Covid - 19 疫情中最重要的教训是合作解决影响全人类的问题的重要性。
我们比分裂更团结。
广告牌巨头们推动机场、议会的折扣
哦！今年早些时候，媒体筹集了资金，以提供更多的财务确定性，因为疫情开始吓到广告主。
消息人士说，这些公司正在讨论如何通过减少其运营地点的租金或取消或减少最低收入保障来抵消大幅下降，而这通常是在首次签署协议时引入的。
一个消息来源指出，大型广告牌公司可能已经保证了其收入预测的 85% 的租金。
有些合同有条款规定，如果某一地区的人数减少一定比例，就可以减少最低限度的保证，但目前尚不清楚这一条件是否属于广告牌公司与其房东之间的任何合同。
与此同时，这些公司向广告客户提供大量折扣，以填补广告牌上的可用插槽，并给他们尽可能多的钱。
悉尼《生物多样性公约》和外部郊区的广告牌通常主办 6 个广告，正在努力填补所有可用的插槽。
但是一些网站 — — 比如哦！媒体在悉尼机场的 40 x 10 米广告牌 — — 已经升级了。
哦！媒体拒绝发表评论，但在今年 5 月的麦格理澳大利亚会议上，它提出了超过 2 ， 000 万美元的固定租金支出节余。
JC Decaux 拒绝对此发表评论。
机场和公共交通是广告牌公司利润丰厚的广告合同。
根据 2019 年户外媒体协会报告，包括机场在内的交通收入为 1.694 亿美元，而街道家具以及公共汽车和有轨电车以外的收入为 2.665 亿美元。
JC Decaux 公司与悉尼机场、雅拉电车、珀斯机场和悉尼巴士公司签订了合同。
哦！媒体在 Qantas 休息室、悉尼机场、阿德莱德机场、达尔文机场以及悉尼和墨尔本的火车站等地区都有广告牌。
在这一流行病期间，墨尔本机场和悉尼火车公司的招标工作一直在进行，尚未作出正式决定。
墨尔本是澳大利亚第二大机场合同，冠状病毒前每年价值数千万。
在今年 2 月的全年业绩中，媒体称，它从 “苍蝇” 类别中产生了 6 ， 590 万美元，主要来自悉尼机场的收入。
由 Adshel 以前拥有的铁路合同和街道家具组成的 "通勤" 收入为 2.348 亿美元。
根据提交给澳大利亚证券和投资委员会的 2018 年财务业绩， JC Decaux 澳大利亚 2018 年的运输收入为 3770 万美元。
但这两个数字今年可能会大幅减少。
标准媒体指数数据显示， 5 个主要广告代理集团中的 4 个集团的支出情况显示， 6 月份户外广告市场暴跌 68% 。
相比之下， 6 月中期结果显示，数字支出下降了 37% ，而都市电台则下降了 48% 。
6 月份，都市电视台下降了 34% ，报纸支出下降了 49% ，杂志支出下降了 66% 。
冠状病毒：来自西班牙的旅客被告知检疫
根据新的冠状病毒旅行规定，从西班牙抵达英国的旅客现在必须隔离 14 天。
据报道，西班牙冠状病毒病例激增后，他们于周六公布，上周五公布了 900 多例新病例。
西班牙官员也警告说，随着主要城市出现案件激增，第二波可能即将到来。
包括英国航空公司在内的航空公司都批评这些新措施是对英国度假者的 “又一次打击”。
目前在西班牙度假的人已被运输部建议遵守当地规则，正常返回家园，并检查外交部的旅行咨询网站，以了解更多信息。
外交部对前往西班牙大陆的所有基本旅行提供咨询，但检疫措施适用于从西班牙大陆、加那利群岛和巴利阿里群岛返回的人，如 Majorca 和 Ibiza 。
外事处的咨询意见对旅行保险有影响。
在受新规则影响的人当中，交通部长格兰特・斯普，他周六开始在西班牙度假。
预计他将按计划继续旅行，并根据关于他返回的指导意见隔离。
英国旅行者的检疫措施于 6 月初首次出台。
但在航空和旅游业的压力下，政府和权力下放的政府公布了免于这些规则的国家名单。
英国航空公司表示，对政府旅行建议和规则的最新变化感到 “失望”，尽管航空公司表示，其航班仍在继续运营。
它表示，此举 “使数以千计的英国人的旅行计划陷入混乱”。
机场运营人协会说，新措施将 “进一步损害航空部门已经脆弱的重启，而航空部门仍然面临历史上最大的挑战。”
英国最大的旅游运营商 Tui 周日取消了飞往西班牙大陆和加那利群岛的航班。
目前正在度假的客户将能够返回他们预定的航班回家。
不过，预算航空公司 EasyJet 说，它 “失望”，并将在未来几天内运营一个完整的时间表。
该公司在一份声明中说：“不再希望旅行的客户可以在没有更改费用的情况下转移航班，或者收到一张预订价值的凭证。”
英国旅行社协会发言人说，政府的检疫规则变化 “令人失望”。
他说 : "我们建议政府考虑取消往返于感染率较低的某些地区，或前往巴利阿里群岛或加那利群岛等地的航班的检疫规定，这些地区与西班牙大陆不同，以避免对英国入境和出境旅游业造成进一步损害。"
到目前为止，西班牙已经有 28000 多人死于冠状病毒。
周四，它发现，自封锁结束以来，感染人数的每日增幅最大。
加泰罗尼亚已成为打击夜生活的最新地区。
位于巴塞罗那的富裕的东北部地区命令所有夜总会关闭两个星期，并在更大的巴塞罗那地区对酒吧实行午夜宵禁。
英国广播公司在马德里的 Guy Hedgecoe 说，年轻人之间的传染是一个特别令人担忧的问题，因为他们晚上在城市里聚集了大量的城市。
法国警告其公民不要前往加泰罗尼亚，而挪威则表示将开始隔离来自西班牙的人。
政府敦促雇主 “了解那些从西班牙返回的人，他们现在需要自我孤立。”
但是工党的影子内政大臣尼克・托马斯 - 西蒙兹呼吁政府详细解释它将如何支持受影响的人，并补充说这一消息将 “对那些在西班牙被抓获或计划旅行的家庭产生深刻的影响”。
苏格兰首席部长斯库辛格 (Nicola Sturgeon) 称，该决定是在周六早些时候审查最新数据后做出的。
她说：“这加强了这一点，即这些问题必须在短时间内改变，因此我的建议是对非必要的国外旅行持谨慎态度。”
来自汉普郡的约翰？布莱克莫尔（ JohnBlackmore ）将与他的妻子和两个年幼的孩子一起飞往西班牙的家人。
但新规则意味着他不得不取消，因为担心他妻子的雇主无法让她在返回时额外休息两周。
他说，他认为他们不太可能得到航班退款，因为它没有被取消。
“我很伤心，” 他对 BBC 说。
“我在西班牙有一个家庭，他们自圣诞节以来就没有见到过他们唯一的孙子。”
来自南约克郡的露易丝？斯托斯塔德 (Lois Stothard) 告诉 BBC ，她已经预订了一个去塞维利亚度假的假期，这是对她男友 30 岁生日的一个惊喜 — — 因为她的男朋友 30 岁生日是在周日
她说：“我是一名关键工人 — — 我是一名教师 — — 我的男朋友有工作承诺，所以我们不能隔离 14 天。”
“我们无法收回任何资金，而改变公司想要的是我已经支付的费用的两倍。我非常失望和沮丧，因为我们已经准备好出发了。”
莱斯特高兴地击中欧洲足球的目标，他说金球奖得主杰米・沃迪
杰米・沃迪承认他对错过欧冠比赛感到失望，但他表示，莱斯特城实现了他们在欧洲资格赛中的早期目标。
Foxes 在 12 月排名第二，在关闭后足球重新开始，但他们只从最后 5 场比赛中拿下了 4 分，在英超联赛中完成了第五场比赛。
在曼联的最后一天，曼联将获得前四强的成绩，但 Brendan Rodgers 的球队遭受了 2 - 0 的损失，沃迪说这是最令人不快的方面。
他说：“这令人失望，更多的是我们最终输掉这场比赛的方式。”
" 但我们在更衣室里说过，我们为了符合欧洲的资格而闭门锁定目标，我们已经做到了这一点。
" 我们有机会晋级欧冠，这甚至更好，但我们会对此进行反思，并在明年变得更加强大。
“这很难接受，但我们的主要目标是欧洲，我们已经做到了这一点。”
虽然他的球队失败了，但沃迪自己在 33 岁的时候就结束了英超最佳射手的赛季，得分 23 次。
他向他的队友们致敬，他接受了这个奖项，并说尽管他的年龄提高了，但他在高层仍然有很多里程。
" 我很高兴，这一切都与团队有关。如果没有他们，我就不会处于目标的位置，我已经放弃了很多。
" 我现在休息一下，下赛季回来准备好了。
幸运的是，我没有感觉到我的年龄，我的腿仍然很好，触碰木头我没有受伤，所以要保持在这上面，明年我可以尽可能地恢复强壮。
“那里发生了什么？！” UFC 战斗机 Correia 在对手错误的想法结束后遭到猛烈攻击。
巴西裔美国人 Correia 是 UFC 的一名老手，但他因背弃对手 Pannie Kianzad 而犯了一个业余错误，错误地认为这一轮比赛在他们的比赛中结束，结果被贴上了标签。
在阿布扎比底牌摊牌的第一节即将结束时，这位 37 岁的科雷亚似乎误判了 10 秒的警告，认为这一轮的实际结束，他伸出了一只手套，然后转身回到基安扎德，回到了她的角落。
这位瑞典战士毫不犹豫地利用了他的对手，然后用右手打了她的对手，然后对他进行了一系列的打击。
在危险中出现的瞬间，巴西恢复了控制，以抑制威胁，并在该回合的实际结束之前恢复了对 Kianzad 的控制。
“那里发生了什么？哦，我的话，” ESPN 的评论团队听到了惊呼。
这仅仅是前平庸冠军竞争对手 Correia 的一个令人沮丧的夜晚的一部分，他在过去的 4 次比赛中获得了一致的决定失败，这是她在过去 4 次比赛中的第三次失利，并在 11 - 5 岁时创下了她的总体纪录。
在伊朗出生的 Kianzad ， 28 岁的 Kianzad ， 11 月在莫斯科的 UFC 作战之夜，她战胜了杰西卡 - 罗斯・克拉克，这是她的第二次胜利。
在 UFC 中， Kianzad 现在是 13 - 5 ， 2 - 1 ，因为被称为 “Banzai” 的女性的目标是提高 135 磅的排名。
在其他地方晚上，澳大利亚的罗伯特・惠特克淘汰英格兰的达伦・蒂尔在中量级主要事件，而俄罗斯出生的战斗机 Khamzat Chimaev 创造了历史，赢得了第二轮 10 在战斗岛天，在现代 UFC 胜利之间的最短时期 .
拉胡尔・甘地在拉贾斯坦邦问题上的讲话
国会的拉胡尔・甘地今天发布了一个视频，试图动员人民反对印度人民党在拉贾斯坦邦发生的事件。
他的印度帖子敦促人民 “团结和提高我们的民主声音”。
国会正计划在星期一就拉贾斯坦邦的局势举行一次全国性的抗议活动，在那里， Ashok Gehot 政府正在为生存而挣扎。
该党表示，抗议活动将在 Ram Nath Kovind 总统官的 Rashtrapati Bhavan 以外举行。
在视频中，国会指责印度人民党 “撕毁宪法，摧毁民主”，而整个国家都在对抗冠状病毒。
国会说，它在中央邦也做了同样的事情。
“我们要求立即召开一次大会，这是我们宪法权利的一部分，” 该党在视频中说。
拉贾斯坦邦州长 Kalraj Mishra 拒绝了一项启动大会会议的提案。
第二件是今天提交的，他说他正在审查。
在他的副手 Sachin 飞行员与支持他的大量 MLAs 的叛乱后， Gehot 先生的政府陷入了严重的危机。
该党未能取消反叛分子的资格，以降低集会中的多数席位。
飞行员先生被剥夺了他在政党和政府中的职位，他被拉贾斯坦邦高等法院暂时解除了资格，该法院认为，在关于他的权力的更大的宪法问题决定之前，议长不能采取任何行动。
这个问题明天将由最高法院审理，最高法院也将决定法院是否可以干预议长的裁决。
国会在 200 个成员的议会中只有一个席位。
小组试点声称支持 30 个 MLAS ，但到目前为止，证据只指向 19 个。
印度人民党有 72 人，包括盟友和家属，目前为 97 人。
如果法院决定支持试点，国会可能会失去它在 2018 年大会选举后在中心地带成立的三个政府中的第二。
3 月，在 Jyotiraditya Scindia 加入印度人民党后，它在中央邦失去了 Kamal Nath 领导的政府。
西雅图的抗议：火灾和佩珀喷雾，成千上万的 3 月通过城市
西雅图 — 在俄勒冈州波特兰市，抗议者和联邦当局之间的冲突不断升级数周后，周六西雅图动员了约 2000 人，游行穿过街道，与警方发生冲突。
警方说，有 3 名警察受伤，其中一名因腿部受伤而住院治疗， 16 名抗议者于傍晚时被捕。
抗议者手持 "联邦调查局回家" 等标语，高喊 "没有正义，没有和平" 的口号，在未来的一个青年拘留中心现场停下，点燃了那里的建筑物。一些人打碎了附近商店的窗户。
警察在国会山附近的人群中对峙，在他们开始拘留之前部署了闪光手榴弹和胡椒喷雾剂。
现年 52 岁的柯克兰德（ Kirkland ）的 Bipasha Mukherjee 说，自今年 5 月以来，她一直在街上抗议，并说她看到警察的这种侵略策略令她担忧。
“这不是我移民到的国家，” Mukherjee 女士说，他 30 多年前从印度来到这里，“感觉我们正在迅速成为一个法西斯国家和一个警察国家。”
西雅图的 Michaud Savage 说，抗议活动既针对地方当局，也针对在波特兰对长期抗议进行镇压的联邦官员。 Savage 先生说，波特兰的执法策略，包括使用催泪瓦斯和人群控制弹药，是危险和不恰当的。
萨维奇说：“这是一个非常暴力的方向，” 萨维奇说，他洗了他的胡椒喷雾剂，并在他的手臂上护理了一个闪光手榴弹的伤口。
今年 5 月，乔治・弗洛伊德在明尼阿波利斯被警察拘留时死亡，引发了大规模的抗议，这些抗议活动吸引了数百万人走上街头，但在大多数城市，这些示威活动都有所减少。
然而，西雅图和波特兰已经看到了大规模的示威活动。西雅图的抗议者一度对国会山附近的几个街区提出了要求，并宣布了一个自治区。在一系列枪击事件后，警方清理了该地区，抗议活动已经平息。
在特朗普总统发布行政命令保护塑像和联邦财产后，国土安全部向该市部署了战术小组，引发了一系列冲突，导致抗议者受伤，监察长进行了调查，当地领导人呼吁联邦特工人员离开。
该市的抗议人群已经膨胀到数千人，那里的示威活动仍在继续。本周，联邦官员向西雅图部署了一个战术小组，抗议者称这一事态发展是星期六示威的原因之一。
虽然波特兰的抗议活动集中在市中心，但周六的示威活动发生在市中心的核心地区，那里的联邦法院就在那里。
堪萨斯城市长欢迎联邦帮助解决谋杀问题，但担心特朗普的动机
堪萨斯城市长昆顿・卢卡斯 (Quinton Lucas) 周日质疑特朗普总统派遣联邦特工进入美国城市的动机 — — 他说，虽然他欢迎帮助解决中西部城市的一系列谋杀案，但他认为此举可能更多的是提振特朗普连任的机会。
奥巴马总统提到了乔治・弗洛伊德的抗议活动，他提到了 “黑人生活物质运动”，他在《福克斯星期天新闻》上说，最近关于种族不平等和警察暴行的抗议活动。
“堪萨斯城的情况并非如此。我们已经有了逐年增长 [ 但] 我们需要的帮助实际上是清理一些未解决的谋杀案。”
卢卡斯补充说：“让我们试着把重点放在解决谋杀问题上 … … 我认为如果你听最近的声明 … … 我们很高兴在有限的范围内与联邦特工合作。”
尽管他愿意让联邦特工与当地执法部门合作，但卢卡斯说，特朗普的言论 — — 特别是围绕联邦特工在俄勒冈州波特兰市采用的策略的争议 — — 导致他的许多选民对特工在城市街道上的存在表示担忧。
他说：“我们不需要的是来自联邦特工的更多燃料，我认为这是一个激动人心的政治问题。”
特朗普周三宣布，他将向芝加哥部署 100 名联邦特工，以帮助打击某些犯罪率上升 — — 此举标志着白宫干预地方执法的扩大，因为特朗普继续将自己定位为 “法律和秩序” 总统。
周三在芝加哥和其他美国城市宣布的特工 “激增” 是 “传奇行动” 的一部分 — — 以 4 岁的 Legend Taliferro 命名，他上个月晚些时候在堪萨斯城的公寓里睡觉时遭到了致命的枪击。
尽管派遣联邦探员协助地方执法并非史无前例 — — 总检察长比尔・巴尔 (Bill Barr) 在 12 月宣布了类似的针对 7 个暴力升级城市的增援行动 — — 派出联邦探员的类型以及他们的一些策略引起了州和地方议员的担忧。
从纽约到波特兰的一些议员反对特朗普政府将这些特工派往他们的城市，特别是在报告说，身份不明的联邦特工在波特兰拘留了抗议者，并将他们带走了没有标记的车辆。
自从乔治・弗洛伊德于 5 月 25 日在明尼阿波利斯警方拘留期间死亡以来，波特兰每天都遭到针对警察暴行和系统性种族主义的示威。
地方当局也抱怨说，激增只会加剧紧张局势，刑事司法专家说，这些努力无法解释，因为美国正经历着前所未有的时刻 — — 一场大流行病、历史性的失业以及对种族主义的大规模清算，以及警察如何对待有色人种。
为支持苏格兰活动而设立的 1000 万英镑基金
文化、社区和体育赛事的组织者将得到财政支持，同时他们仍然受到封锁限制的影响。
苏格兰政府的 1000 万英镑的一揽子融资计划也旨在帮助事件供应商。
政府说，它正在考虑未来如何安全地重启事件。
经济部长菲奥娜・希赛说，冠状病毒疫情对该部门产生了 “毁灭性影响”。
苏格兰的节日场景和体育赛事，如高地游戏，都受到了防止 Covid - 19 传播的限制的影响。
Heylop 女士说：“虽然我们已经采取了积极的步骤，推动事件的恢复，但大多数部门在未来一段时间内都无法运作。
" 我们与该行业就他们面临的挑战进行了密切和建设性的合作，他们就如何开始安全运营提出了一些创造性的想法。
除了提供即时支持外，其中一些资金将用于支持创新，并帮助活动行业的长期复苏。 "
事件行业咨询小组说，该部门是最先关闭的部门之一，并将成为最后一个完全摆脱这一部门的部门之一。
苏格兰证交会 (SEC) 驻格拉斯哥的首席执行官彼得？杜瑟尔 (Peter Duthie) 表示，这些事件每年为苏格兰经济带来 60 亿英镑。
他说：“政府为这一重要部门提供的额外资金是非常受欢迎的，也是非常需要的，无论是事件组织者还是更广泛的供应链企业，他们都受到长期封锁的持续影响。
Shivraj Singh Chouhan 在测试 Covid 阳性
中央邦首席部长 Shivraj Singh Chouhan 于周六证实他对 COVID - 19 检测呈阳性，并于周日上午在推特上表示，他 “很好”，并赞扬在冠状病毒战争中的一线工作人员。
首席部长还重申了他昨天的警告，当时他敦促人们遵循准则，如社会距离和使用口罩。
“我很好，我的朋友。冠状病毒战士的奉献精神，谁无私地冒着生命危险，值得称赞。我向所有国家的冠状病毒战士致敬，“先生 . Chouhan 推特从博帕尔的 Chirayu 医院，在那里他昨天入院 .
“保持两米的距离，经常洗手并戴口罩 - 这是我们必须避免冠状病毒的最大武器。我呼吁所有人 - 为自己和亲人使用这些武器，” 他说。
“你们都要小心，保持安全和健康。这是我向上帝祈祷，” Chouhan 先生补充道。
上周六， Chouhan 先生曾在 Twitter 上说，尽管他尽了最大的努力避免感染，但他还是检测出了病毒阳性，并警告说 “只是有点粗心就会引起冠状病毒。”
今天早上， Chouhan 先生说，尽管有感染的威胁，但 “没有必要害怕”，并敦促那些显示症状的人接受自己的测试。
他说：“如果你被感染，就不必担心。不要隐藏症状，而是立即告诉医生，这样就可以开始治疗。及时治疗会使你健康。”
中央邦有近 27000 例 COVID - 19 病例，其中 7600 多例活跃， 799 例死亡与病毒有关。
印度在过去几周内记录了 COVID - 19 病例激增，自 7 月 23 日以来每天检测到超过 45 , 000 例新病例。
确诊的冠状病毒病例总数正在迅速接近 14 万；其中超过 4.67 万是活跃病例，超过 32000 例是与该病毒有关的死亡病例。
案件数量激增，同时该国非封锁区的封锁准则错开放宽，促使印度在受影响最严重的国家名单上排名第三。
只有美国 (41.78 lakh 案件) 和巴西 (23.94 lakh 案件) 的情况更糟。
坎耶・韦斯特说，他可以打败乔・拜登的 “写作” - RT 美国新闻
在 Twitter 上播放他家庭的脏衣服时，说唱歌手坎耶・韦斯特再次为他赢得的总统竞选注入了活力，声称他可以单独以书面形式击败乔・拜登。
在宣布新专辑并透露他一直试图与妻子 Kim Kardashian 离婚两年后的几天里， Kanye West 在周六再次将注意力转向他的 2020 年总统竞选，宣布 “I CAN BEAT BIDEN OF WRITE INS”。
如果西方对竞选总统仍然是认真的，那么书面投票可能是他取得胜利的唯一途径，也可能是任何一种表现。
这位说唱歌手在 7 月 4 日宣布了他的候选资格，在截止日期之前，至少有六个州的候选人。
尽管如此，西方还是向前推进，并向联邦选举委员会提交了适当的文件，并设法在俄克拉何马州的选票上获得了他的名字。
自那时以来，他举行了一次竞选集会，其间他向一群穿着防弹背心的人群讲话，在没有麦克风或讲台的情况下发表演讲。
西方反对堕胎，当他发表亲基督教的信息时，他说会让媒体 “告诉你我疯了”。
这是事实，而西方的集会则被新闻网站和八杂志描述为宣传头、精神疾病的证据，或者两者兼而有之。
然而，最近的一项民意调查显示，西方在全国范围内的比例为 2% ，颈部和颈部与自由党的乔・乔根森（ Jo Jorgensen ）以及绿党的霍伊・霍金斯（ Howie
虽然他不太可能超过乔・拜登的 48% ，但他在理论上可以从拜登那里获得足够的选票，让他看到唐纳德・特朗普连任 — — 双方的专家都怀疑他的计划。
来自火星的岩石在地球上 60 万年后回家
本周，一小块岩石将被扔进太空，这是一次最奇怪的行星际航行。
一个微小的火星武岩大小的 10 便士硬币将于周四在美国机器人探测器上发射，并将在 7 个月的旅程中前往这颗红色星球。
这个非凡的奥德赛，相当于向纽卡斯尔发送煤炭的行星际，将成为美国宇航局即将到来的火星 2020 探险的一个关键部分。
太空工程师说，这块岩石是由伦敦自然历史博物馆捐赠的，它将被用来校准机器人探测器登陆后的探测器，并开始寻找地球上过去生命的迹象。
火星上的一些星是非常脆弱的，但是我们选择了这个，特别是因为它像旧靴子一样坚硬
" 当你打开仪器并在使用它们进行研究之前开始调整它们时，你就会在材料上校准它们，而这些材料就像你将要研究的未知物质一样。
那么，有什么比研究火星上的岩石更好呢？” 自然历史博物馆的石馆长卡罗琳・史密斯教授说。
科学家们相信，他们返回火星的岩石起源于地球，史密斯补充说，他也是火星 2020 科学团队的成员。
“被困在石中的微小气泡与火星大气层的成分完全相同，所以我们知道我们的岩石来自那里。”
据认为，火星石是在大约 60 万至 70 万年前一颗小行星或彗星坠入地球时产生的，它将碎片喷射到太空中。
其中一片废墟席卷了太阳系，最终坠毁在地球上。
这颗石 ---- 现在称为 SAU 008 ---- 于 1999 年在阿曼被发现，自那时以来一直在自然历史博物馆的照管下。
在安装在 Perseverance 探测器上的仪器中，有一种名为舍洛克的高精度激光，它将用于破译岩石的化学成分，并确定它们是否含有表明曾经存在或仍然存在于火星上的有机物质。
包含一块 SAU 008 是为了确保以最大的精度完成这项工作。
史密斯补充说：“我们所发送的岩石是专门选择的，因为它是化学方面的正确材料，但它也是非常坚硬的岩石。”
“我们拥有的一些火星石非常脆弱。这个石和旧靴子一样坚硬。”
一旦 Perseverance 选择了它能找到的最有前途的岩石，它就会将它们倾倒在火星表面的缓存中。
然后将由随后的机器人飞行任务检索，并将其发射到地球上进行分析。
在 Werribee 附近的 Mambourin 发现枪伤的男子
一名男子在墨尔本西部被枪击后被送往医院。
警察被叫到 Werribee 附近的 Mambourin ，大约晚上 8 点左右，他们发现一名 20 多岁的男子在 Yard St . 的下半身被怀疑有枪伤
这名男子因非生命威胁而被送进医院。
警方表示，调查仍在进行中。
星期天和奥立弗・斯潘塞说：“我不会穿好衣服，星期天是休息的。”
星期天是怎么开始的？
我跌跌撞撞地走下楼梯，在路上摔倒在狗身上，让我妻子喝杯茶。
如果我运气好的话，我们就会逃离伦敦到我们位于怀特岛的沿海房子。
我们两个人坐在一起，默默地看着水面。
听起来很平静 … …
直到早上 8 点，我们的两个或三个男孩在门上要求早餐。
它是咸肉和鸡蛋，菜和蘑菇给我们，如果天气好的话，我们就把孩子们踢出去。
我们会游泳，划桨，或者在美丽的夸尔修道院周围散步，它看上去就像铁龙游戏中的一些东西。
在封锁期间？
在头两个星期里，我完全否认，我无法相信我的生意被关闭了。
我对自己新种植的花园的生命或死亡感到困扰。
除此之外，我一直在厨房里尝试：浓郁风味的鱼和香菇肉汤以及双层奶油乳酪一直是我的突出表现。
你怎么放松一下？
我不会穿上衣服，星期天是穿休闲服，半裁剪的运动服和一件白色 T 恤。
吃了一顿烤鸡后，我会在花园里的一张躺椅上打儿。
我尽量不要喝酒：这有助于我的头脑清醒，在星期一之前打电话。
有一个星期天吗？
在一个漫长的星期六晚上，在我弟在纽约的 40 岁生日聚会上，在午夜时分，我怀孕的妻子决定我们最好走。
她决心要好好享受自己，告诉人们这毕竟是她的第三个。
我们离开了党，她直接进入了劳动。
星期天晚上？
到了晚上 7 点，我们收拾好了车，登上了渡轮到朴茨茅斯。
开车上 A3 , 我们回到伦敦一周：孩子们躺在床上，我狗，有一碗麦片。
我很高兴离开怀特岛回到城市，我知道如果我不这样做的话，我根本就不会有一个家。
肯尼亚警察在加里萨致命枪击后被捕
肯尼亚的两名警察因枪击事件而被捕，其中两人被打死。
枪击事件发生在星期六加里萨县东部的 Soko Ng ' ombe 市场，抗议逮捕一名涉嫌谋杀的男子。
这两名受害者被命名为 Aden Abdi Madobe 和 Muhiyadin Adow Shibin 。
肯尼亚警方已经开始调查枪击事件。
这将包括对军官枪支的 "法医分析" 。
Garissa MP Aden Duale 在 Facebook 上发表的一份声明中称，死亡 “令人发指”，并谴责 “警察暴行”。
活动家们对疫情期间的治安问题提出了关切。
据大赦国际称，自 3 月以来，肯尼亚官员因未能遵守宵禁和戴口罩等冠状病毒预防措施而杀害了 21 人。
本月早些时候，首都内罗毕的警察发射了催泪瓦斯，并逮捕了几名参加一年一度的萨巴岛游行的抗议者 — — 这是 30 年前开始的反对时任总统丹尼尔・阿拉普・莫伊独裁政权的抗议活动。
记者说，今年的事件因 Covid - 19 封锁期间警方镇压的愤怒而获得了额外的动力。
美国驻中国成都领事馆外的严密保安
由于美国工作人员准备离开中国成都市，美国驻成都市领事馆外的安全人员严密。
看到 3 辆移动的卡车进入大楼大院，而穿制服和便衣警察在街道两边排列着金属障碍物。
中国《环球时报》小报的编辑说，美国驻成都领事馆有 72 小时的时间关闭，或到 7 月 27 日星期一上午 10 时（格林尼治标准时间）。
中国指控成都领事馆的一些人员 “开展不符合他们身份的活动”。
中国外交部发言人王文没有透露任何细节，他说，这种活动干涉了中国的事务，损害了中国的安全利益。
中国关闭驻成都领事馆的命令是为了报复美国关闭中国驻得克萨斯州休斯顿领事馆的命令。
华盛顿命令中国关闭休斯顿办事处，“保护美国知识产权和美国人的私人信息”。
由于中国驻休斯顿领事馆的关闭于星期五生效，一群似乎是美国官员的人被发现通过后门闯入该设施。
王建民星期六说，违反了国际和双边协定，中国将作出反应，但没有具体说明如何。
针锋相对的封锁进一步加剧了两国之间在贸易和工业间谍活动以及人权等问题上的紧张关系。
Safari 公园用刀子、螺丝起子和 CHAINSAW 武装起来，“恶作剧的人给他们武器来破坏汽车”
在默西塞德郡的已知狩猎公园里的灵长类动物，人们早就知道有人在围栏里使用，撕掉挡风玻璃上的雨刷或镜子。
在默西塞德郡的已知狩猎公园里，手持刀子、螺丝起子、甚至链锯。
工人们担心恶作剧的人正在武装那些讨厌的灵长类动物，他们会对任何一个暂停和撕裂挡风玻璃刮水器和镜子的人进行攻击。
工人们现在担心他们携带着致命武器 “笑” 来支持他们的攻击，而类人甚至被人看到在工具箱周围到处乱扔。
一名公园工人告诉《星期日泰晤士报》：“我们不确定他们是否被一些想看到他们袭击汽车的客人提供武器，或者如果他们是用轻型货车和货车来捕鱼的话。”
“他们会真正进入人们的工具箱并随身携带。有人看到其中一只拖着链锯。”
另一位工人说：“是用刀子和螺丝刀找到的。我不知道是不是有些客人把它们送出去了。”
而的袭击是不可避免的，以至于英格兰西北部的机械师们都知道了这一点。
一位销售技工，大曼彻斯特说人们知道在公园里有什么期望，今年他有两个顾客成为的牺牲品。
他们补充说，有一分钟的孩子们想让猴子上车，而下一个孩子却没有车牌 — — 但这个问题为车库提供了 “好钱”。
Knowsley 于 6 月 15 日重新开放了 Covid - 19 安全措施，并坚持认为它与麦当劳一样安全，因为游客不会在五英里的野生动物园开车离开他们的车。
这个占地 550 英亩的公园，狮子，老虎，犀牛，野牛和骆驼，把武装类人的报告视为一个城市神话。
一位发言人说：“我们相信，这些故事中的许多故事都是夸张的，因为他们已经被翻新了，用点缀来使那些有时在围栏里发现的物体显得更加令人激动和令人难以置信。”
2012 年，现代汽车制造商现代公司在其新一代 i30 模型中释放了 40 只猴子，以证明它对有小孩的家庭有力量。
曼联，切尔西进入 CL ；伯恩茅斯，沃特福德从 EPL 下来
曼联和切尔西在周日的英超联赛最后一天以莱斯特为代价参加了欧冠比赛，而伯恩茅斯和沃特福德则被降格为 5 年的最佳状态。
曼联在莱斯特赢得了 2 - 0 的比赛，他的进球是布鲁诺・费尔南德斯和杰西・玲德的进球，让奥勒・贡纳尔・索尔斯克贾尔的球队获得
切尔西在进球后击败了沃尔弗鲁顿 2 - 0 ，并获得了梅森山的帮助，并在第四和最后的欧冠资格赛中完成了比赛。
相反，莱斯特将与托特纳姆一起在欧罗巴联赛中踢球，后者在水晶宫吸引了 1 - 1 ，以确保第六位 — — 在沃尔弗朗顿的目标差异上。
为了避免剩下的两个降级位置的战斗，阿斯顿维拉在第 84 分钟内得分，一分钟后承认，然后在西汉姆举行了 1 - 1 的比赛，以生存下去。
队长杰克・格雷莱什在他童年俱乐部的最后一场比赛中打进了维拉的进球。
伯恩茅斯做了它必须做的事情，打败了埃弗顿， 3 - 1 ，但最终在维拉后面的一个位置。
沃特福德在阿森纳输掉 3 - 2 后也被降级为下一个球队。
曼城通过了 100 个进球，以 5 比 0 的比分战胜了最后一个位置，已经被降级的诺里奇，这场比赛在 10 年后的英超联赛中标志着大卫席尔瓦的最后一场比赛。
凯文・德布恩获得了本赛季的 20 次援助，也两次得分。
利物浦以 3 比 1 的比分结束了冠军赛季，并完成了俱乐部创纪录的 99 分。
另外，南安普敦打败了谢菲尔德曼联 3 - 1 ，他和丹尼・因斯在本赛季的第 22 个进球得分。
这让他落后于莱斯特的杰米？沃迪，他赢得了金球奖，成为联盟的最佳射手。
格温妮丝・帕特洛希望孩子们有很好的 “价值”
格温妮丝・帕特洛曾说过，她想让孩子们有一个很好的道德操守，因为她试图 “不要把事情交给他们”。
帕特洛有两个孩子，苹果（ 16 岁）和摩西（ 14 岁），前夫克里斯・马丁和她希望他们有好的价值观，而不是靠父母的名望。
“这就是为什么我认为这很重要 … … 抚养一个有职业道德的孩子，他们的价值观与你的价值观相一致，或者他们自己的感觉，等等，” 她告诉罗伯・洛在他的播客上。
“事情的真相是门可以为你打开，但如果你想想所有尝试的人，就不会发生。”
她补充说：“作为你认为的父母，我所能为这些孩子做的就是教他们正确，教他们什么是工作。我真的试图不只是把事情交给他们。”
帕特洛还采取步骤，让她的孩子尽可能私人生活，并确保他们保持自己的社交媒体账户。
她说：“我不会让他们在任何社交媒体或任何类似的事情上公开露面，我尽量让他们远离公众的目光。”
“你知道，现在情况不同了，‘因为孩子们就像，‘我能有一个 YouTube 频道吗？’我就像，‘不，你不能。绝对不行。”
突尼斯内政部长任命新总理，在一个月内组建政府
奥巴马总统办公室称，在北非主要政党之间的政治紧张关系中，突尼斯内政部长 Hichem Mechichi 被任命为下一届政府。
这位 46 岁的律师接替了本月早些时候辞去总理职务的 Elyes Fakhfakh 。
但是， Mechichi 不是执政党向 Kais Saied 总统提出的名字之一。
在周六宣布后的一份声明中， Mechichi 说，他将 “努力组建一个符合所有突尼斯人期望的政府”。
在 2011 年革命引发的阿拉伯之春区域起义之后，突尼斯被赞扬为民主过渡的一个罕见的成功故事。
但其领导人一直在努力满足突尼斯人民的期望，本已脆弱的经济因 COVID - 19 疫情而被该国边境关闭而遭受重创。
该疾病在突尼斯造成近 50 人死亡， 1400 多人感染。
作为即将离任的政府的内政部长， Mechichi 一直是赛义德总统的顾问，处理法律事务。
他曾担任运输部的参谋长，并在社会事务部任职。
他现在有一个月的时间组建一个政府，政府将面临议会的信任投票，并需要绝对多数票才能成功。
否则，议会将被解散，新的选举将在三个月内举行。
在 10 月举行的最后一次选举中， Ennahdha 党登上榜首，但远远没有达到多数，最终同意加入联合政府。
Fakhfakh 在执政不到 5 个月后，于 7 月 15 日辞职，威胁到该国新的政治僵局，因为它与该流行病的经济影响进行了斗争。
辞职加深了与 Ennahdha 关于 Fakhfakh 利益冲突指控的政治争端。
自 10 月立法选举以来， 47 岁的即将离任的领导人与恩纳赫达之间的关系一直很紧张。
Fakhfakh 在同一天辞职，该党对他提出了不信任动议。
Ennahdha 最初提名一位独立的总理，但他未能赢得议会的支持，导致总统任命前财政部长 Fakhfakh 担任这一职务。
面对新选举的前景，恩纳赫达最终同意加入联合政府。
泰德・克鲁兹说，佩洛西的目标是 “在问题上铲现金，关闭美国”
华盛顿 — 共和党参议员泰德・克鲁兹（ Ted Cruz ）指责众议院议长南希・佩洛西（ Nancy Pelosi ）和众议院民主党人推动了一项冠状病毒救助计划，该计划的重点是 “在问题上铲现金，关闭美国”，因为关于下一步措施
在周日接受 “面对国家” 采访时，克鲁兹说，该国同时面临着两个危机：一场全球大流行病夺去了全世界 60 多万人的生命，以及美国的 “绝对经济灾难”
但是克鲁兹说，佩洛西在参议员面前出现了 “面对国家”，他 “没有把重点放在这两个人身上”。
“她的目标是在问题上铲现金，关闭美国，” 德州共和党说。
“特别是，你看看她试图推动的 3 万亿美元法案，这只是把钱铲给她的朋友，而不是真正解决问题。我们的目标应该是美国人想要恢复工作。他们希望能够养家糊口。”
参议院共和党和白宫上周花了时间谈判冠状病毒应对第四阶段的条款，他们预计将耗资 1 万亿美元。
上周末，白宫办公厅主任马克・米德和财政部长史蒂文・姆努钦回到国会山与参议院工作人员进行更多会谈，而姆努钦在周日的一次采访中告诉福克斯新闻，细节将由参议院多数党领袖麦康奈尔星期一公布。
议员们最紧迫的问题 — — 以及共和党和民主党之间争论的焦点 — — 是失业救济金的到期，而这一问题在本周末开始消失。
虽然民主党希望 “第四阶段” 冠状病毒一揽子计划能保持 600 美元的福利，但共和党呼吁削减开支，并认为一些美国人从失业中赚到的钱比他们的工资要多。
克鲁兹说，超过一半的美国人领取了更高的失业救济金，现在他们的工资比他们工作的时候要多，他说，他正在与得克萨斯州的小企业主交谈，他们正在重新雇用员工。
他说：“当然，他们不会回来了，因为联邦政府在某些情况下付给他们两倍的钱呆在家里。”
克鲁兹说，国会应该专注于通过一项复苏法案，通过放宽对小企业的税收和监管，使美国人更容易重返工作岗位：
他说：“而不是仅仅把数万亿美元推到门外，一项恢复法案将暂停工资税，这将提高美国每个工作的人的工资。这实际上让人们恢复工作。”
特朗普总统上周要求下一个一揽子援助计划包括削减工资税，但马努钦表示，这将不会成为立法的一部分，因为该提案在共和党中受到了批评。
特朗普承认，下一个法案将缺席工资税削减，但他试图将责任归咎于民主党。
克鲁兹上周反对下一个一揽子计划的成本，他说，他没有参加参议院共和党议员的措施。
但他也批评了民主党控制的众议院 5 月份通过的 3 万亿美元法案，并指责他的政治对手蓄意制定一项措施，在 11 月大选之前损害总统。
他说：“民主党唯一的目标是打败唐纳德・特朗普，他们冷嘲热讽地决定击败唐纳德・特朗普的最佳途径是关闭美国的每一个企业，关闭美国的每一所学校。”
“你知道，南希・佩洛西谈到了工作的男人和女人。她的建议是阻止工作的男人和女人工作。”
在婚姻披露后，坎耶西向妻子 Kim Kardashian 公开道歉
坎耶・韦斯特已经向妻子 Kim Kardashian 道歉，因为他公开了 “私事”。
这位说唱歌手在南卡罗来纳州的一次活动中透露，这对夫妇已经考虑流产他们的第一个孩子。
在经历了动荡的一周后，他对妻子和家人提出了一系列指控，西方现在已经向他道歉。
据报道，西方还在怀俄明州的牧场被贾斯汀比伯访问后，访问了医院的几个小时。
他说：“我想向我的妻子金道歉，因为他公开了一件私事。我没有像她那样掩盖她。”
「我知道我能做到，现在再来一次。」「我知道我能做到，现在再来一次。」
西方不稳定的推特，包括声称他的妻子试图让他被医生关起来，他对他的岳母克里斯・詹纳提出了一系列指控。
他还说，他曾试图与他于 2014 年结婚的 Kardashian West 离婚。
在担心丈夫的心态时，西方四个孩子的母亲卡迪亚西亚 (Kardashian West) 发表了一份冗长的声明，说她和她的家人 “无能为力” 干预，并提醒粉丝他患有双相情感障碍。
她说：“他是一个聪明但复杂的人，他是艺术家和黑人的压力，他经历了他母亲的痛苦损失，不得不面对因他的双极障碍而加剧的压力和孤立。”
她补充说，她以前没有讨论过他的状况，因为她 "非常保护我们的孩子和 Kanye 在他的健康方面的隐私权" 。
她补充说：“但今天，我觉得我应该对此发表评论，因为对心理健康的污名化和误解。”
在 7 月 19 日的一次事件中，西方提出了堕胎要求。
在大野田：警察：警察：警察
警方称，一名 37 岁的男子周日被捕，据称他杀死了他的兄弟，他的尸体一周前被发现倾倒在北方邦的一个偏远地区。
据官员称，被告告诉警方，他哥哥的酗酒和与她们共同家庭的女性成员的不当行为使他感到愤怒。
大约一星期前，在一个偏远地区的灌木丛附近发现了 Bhisham Singh 的尸体，他是大诺达的 Bisrakh 村的居民。
一名警察发言人说，该尸体有刺伤痕迹，在 Bisrakh 警察局提出了第一次飞行情报，并进行了调查。
“在调查过程中，证据把警察带到了那个人，他死了，他的兄弟 Deepak 和他受到审问。
当被问及时， Deepak 承认将他的兄弟刺死。
他告诉警方说， Bhisham 经常饮酒，在家里制造骚动，并与女性家庭成员行为不端，因为他决定杀死他的哥哥。
警方称，被告因谋杀和其他相关指控而被捕。
托尼・布莱尔发誓永远不会停止干涉英国政治，尽管英国退欧反弹严重
托尼・布莱尔承诺不停止干预英国政坛，因为他参与工党和反脱欧运动遭到了严重的抵制。
布莱尔已经离职十多年了，他告诉索菲・里奇《天空新闻》，他将 “永远不会” 停止在英国政坛讲话。
然而，这个有争议的政治人物承认 “很多观看这个节目的人可能认为我应该停止谈论事情。”
苏菲里奇对布莱尔说：“我总是觉得你不能让自己远离政治。
“你总是发布关于冠状病毒的报告，或者提出关于英国脱欧的争论。
“我只是想知道人们是否认为，为什么在担任总理十年后，你还在试图参与政治？
“呀，别说了，人家还不是为了方便你吗？
这位前总理拒绝了这一点，并发誓要尽可能长时间留在英国政坛。
他说：“这不是我想做的事情。很多观看的人可能认为这正是他应该做的事情，停止谈论事情，但我关心这个国家。”
" 我们正处于世界变革的巨大时刻，我所建立的研究所在世界各地都有作品。
“我知道我做了一些前任首相没有做的事情，但我预计未来还会有更多的人尝试去做。”
在接受采访时，布莱尔表示，英国和欧盟仍然可以在今年年底之前就英国退欧问题达成交易。
他说：“他们可以达成交易。但即使我们达成的交易也会很糟糕。”
这基本上将对欧洲有利，因为它将使货物贸易更加容易，但在服务问题上对我们来说非常不利。 "
这位前工党领袖还告诉天空新闻，英国将在可预见的未来生活在 COVID - 19 ，而不是消除它。
在 Tribute to Kargil Heroes 期间，总理纳伦德拉・莫迪・斯莱斯巴基斯坦试图 “回刺” 印度
巴基斯坦总理莫迪今天在卡吉尔战争 21 周年之际向武装部队表示敬意，尽管她试图保持友好关系，但巴基斯坦试图 “反刺” 印度。
莫迪在每月一次的广播讲话中说：“巴基斯坦采取了邪恶的计划来夺取印度的土地，并转移其正在进行的内部冲突。”
他说：“巴基斯坦厚颜无耻地试图占领印度领土，并偏离对自己内部动荡的关注。”
" 当时，印度正在努力改善与巴基斯坦的关系。
但正如人们所说，邪恶的本性是毫无理由地与每个人战斗。
这种性质的人只能想到做恶，甚至对那些试图行善的人。
这就是为什么尽管印度试图建立友好关系，但巴基斯坦还是支持印度。
他说：“你可以想象，敌人栖息在山上，而我们的部队正在从下面与他们战斗。但是，我们的部队士气高涨，我们的部队战胜了山区。”
“由于我们武装部队的勇气，印度在卡吉尔表现出了强大的力量，” 莫迪说，他回顾了自己对该地区的访问。
Kargil Diwas 每年都在庆祝，标志着印度军队夺回了 21 年前被巴基斯坦军队占领的拉达克卡吉尔的所有印度哨所。
1999 年 7 月 26 日，陆军宣布 “维贾伊行动” 圆满结束。
在拉达克结冰的高度近 3 个月的战斗夺去了 500 多名印度士兵的生命。
今天早些时候，国防部长 Rajnath Singh 、他的初级部长 Shripad Naik 、国防参谋长 Bipin Rawat 将军、陆军总司令 M M Naravane 、空军总司令 R K S Bhadauria 和海军总司令 Karambir Singh 也在国家战争纪念碑的 Amar Jawan Jyoti 致敬。
自卡吉尔以来的几十年里，印度 - 巴基斯坦关系在一系列恐怖袭击之后一直很紧张。
印度坚持认为，谈判和恐怖不能携手并进，巴基斯坦需要拆除从其领土上运作的所有恐怖营地。
网上贷款机构警告中小企业贷款计划可能会错过这个标志
通常由大银行服务不足的小企业部门越来越多地转向网上贷款机构，以满足其资金需求。
然而， Callaghan 先生说，与大银行相比，网上贷款机构处于不利地位，因为它们无法获得同样的低价融资，因此，中小企业担保计划没有获得牵引力。
他说：“我认为，这可能错过了所有打电话给我们的人，他们期望他们能获得非常便宜的资金，而不是政府支持 50% 的贷款。”
“所以他们打电话给他们，他们感到非常失望，因为人们期望那里有折扣定价，我们看看我们的融资成本，而这些成本根本没有改变。”
卡拉汉补充说，如果最后的技术人员能够获得更便宜的资金，并将其传递给小企业，该计划将是一个 “不需要考虑的人”。
他说 : "这是一个有点抓住 22 各大银行已经获得了低成本的资金，但他们更规避风险，所以他们实际上并没有出去以同样的方式贷款，他们无法获得数据，除非你有财产，他们不能得到舒适，" 他说 : "直到我们可以访问更便宜的资金，我认为有一个虚构出在市场上如何流行的方案将是。"
设在墨尔本的 Moula 也参与了该计划，首席执行官 Aris Allegos 说，政府计划中隐含的 50% 担保的好处应该传给小企业，但不同的贷款机构以不同的方式处理这一问题。
他说：“我可以理解，可能还有一些人没有通过这种成本结构。”
这可能取决于它们的供资结构，也可能取决于它们贷款的类别以及它们如何评估这些类别中的风险。 "
Allegos 先生不会提供根据该计划发放的 Moula 贷款数量的细节，但他表示，修订后的计划是 "对需要改变的核心认识" ，以便为放款人和借款人提供更多的灵活性。
不过，他说，他主要担心的是 “两速经济”，这将对小企业产生影响。
他说：“在小企业方面， Moula 必须面对的最大问题是众所周知的悬崖和如何管理悬崖。”
“一般来说，就需求而言，我们尚未恢复到 COVID 之前的水平，尽管食欲正在增长。”
ASX 上市的在线贷款机构 Prospa 也不会详细说明它根据该计划发放的贷款数额，因为它说这些信息具有商业敏感性，但首席执行官格雷格？莫沙尔 (Greg Moshal) 表示，政府延长该计划是受欢迎的。
他说：“我们支持对该计划的任何改进，使小企业能够获得满足其需求的广泛的融资产品，包括灵活的现金流产品。”
弗吉尼亚海滩拆除了联邦纪念碑
弗吉尼亚海滩 — — 弗吉尼亚海滩市星期六从公共场合拆除了一个 115 岁的联邦纪念碑，不到两天后，市议会一致投票通过了这一纪念碑。
据媒体报道，工人们在周六上午拿下了 27 英尺（ 8.2 米）高的纪念碑。
它安装于 1905 年，站在安妮公主县法院外，在曾经举行过奴隶拍卖的地方。
安理会星期四晚上一致表决开始搬迁进程。
该委员会听取了数十位发言者的发言，并决定这座纪念碑被许多人认为是分裂性的，也是对过去的痛苦提醒。
这座雕像最近被完全覆盖了，在最近的抗议和破坏其他联邦纪念碑的事件之后，它周围有一个上锁的门。
这座纪念碑现在将被保存下来。
这座城市现在必须等待历史团体或其他可能想夺取纪念碑的实体的任何提议。
随着抗议活动的继续，警察尝试了新的、不那么致命的工具
由于波特兰和全国各地的执法和抗议者之间继续发生暴力冲突，辩论围绕着警察如何削减致命武力展开。
一些公司正在加紧提供新的高科技工具，如远程手铐，供警察使用，而不是像胡椒喷雾剂、橡皮子弹和闪光手榴弹等更危险的选择。
人权组织大赦国际分析了 5 月 26 日至 6 月 5 日抗议活动的 500 个视频，发现 40 个州和哥伦比亚特区发生了 125 起过度武力事件。
大赦国际的武器调查人员布莱恩・卡斯特纳说：“我们看到滥用催泪瓦斯、胡椒喷雾剂、胡椒粉球、 40 毫米弹丸，基本上都是以不适当的方式使用非致命武器。”
不过，有些人坚持认为，有选择对于避免枪支的需要是重要的。
“所有这些装置都应该是手头上的，警察使用的不是致命的武力，而是枪支使用的武力，因为它是美国唯一的职业，公民给你的权利夺走你的生命，” 前纽约警察局副督察 Corey Pegues 说。
其中一个最新的工具叫做 Bola Wrap ，这是一个手持设备，它发射出一个 8 英尺的 Kevlar 线，它包裹着一个嫌疑犯。
有远程声学装置，也被称为声炮，使用激光加热人的皮肤的定向能量武器，像泡沫和粉笔，臭炸弹，当然还有泰瑟枪。
在警察杀害乔治・弗洛伊德之后，抗议演变成暴力日，导致泰瑟枪的公司 Axon 的股价上涨了 18% 以上，达到了历史新高。
到 2023 年，低致命性武器市场预计将达到 118.5 亿美元。
观看视频，看看新的高科技工具警察正在使用致命的武力，如何监管他们，以及他们所服务的治安和社区的未来。
联合国说，阿富汗数以千计的反巴基斯坦激进分子
伊斯兰堡：联合国的一份报告说， 6000 多名巴基斯坦反叛分子藏匿在阿富汗，其中大部分属于非法的巴基斯坦塔利班团体，负责袭击巴基斯坦军事和平民目标。
本周公布的报告称，该组织被称为 Tehreek - e - 塔利班（ TTP ），与伊斯兰国家集团的阿富汗附属机构建立了联系。
TTP 的一些成员甚至加入了总部设在阿富汗东部的附属机构。
阿富汗政府周日没有回应美联社的要求发表评论。
报告说，在阿富汗，被称为呼罗珊省的 IS ，受到阿富汗安全部队以及美国和北约部队的沉重打击，甚至有时也受到阿富汗塔利班的打击。
该报告是由联合国分析和制裁监测小组编写的，该小组跟踪世界各地的恐怖主义团体。
该报告估计阿富汗的成员人数为 2200 人，虽然其领导能力已经耗尽，但在其领导人中仍有叙利亚国民 Abu Said Mohammad al - Khorasani 。
报告还说，监测小组收到的情报说，两名伊斯兰国家高级指挥官 Abu Qutaibah 和 Abu Hajar al - 伊拉克最近从中东抵达阿富汗。
" 虽然在领土撤退时， (伊斯兰国) 仍然有能力在该国各地，包括喀布尔，进行高调袭击。
报道说，它还旨在吸引那些反对与美国达成协议的塔利班战士。” 报告说，美国在 2 月份与塔利班签署了一项和平协议。
这项协议的目的是让美国结束其在阿富汗的 19 年介入，并呼吁塔利班保证其领土不会被恐怖组织使用。
预计这笔交易还将保证塔利班全面参与反 IS 的斗争。
协议的第二部分，也许是最关键的部分，要求塔利班和喀布尔的政治领导人举行会谈。
星期六晚些时候，美国国务院发表声明说，其和平特使扎尔梅・哈利勒扎德再次穿梭于该地区，试图启动这些谈判，因为双方都在争夺囚犯释放计划，谈判一再推迟。
美国支持的协议要求阿富汗政府释放 5 ， 000 名塔利班囚犯和塔利班，释放 1 ， 000 名政府和军事人员，这是谈判前的一个所谓的良好姿态。
到目前为止，政府拒绝释放近 600 名塔利班囚犯，他们称他们为高调的罪犯，并提供了免费的替代办法。
塔利班拒绝了。
美国国务院的声明说：“各方比以往任何时候都更接近阿富汗内部谈判的开始，这是结束阿富汗 40 年战争的关键下一步。”
虽然在交换囚犯方面取得了重大进展，但这个问题需要更多的努力才能完全解决。 "
塔利班政治发言人本周早些时候说，它准备在本月底伊斯兰节日宰牲节后与喀布尔的政治领导人举行会谈，并提供囚犯释放。
巴基斯坦的一大担忧是阿富汗境内存在武装分子，特别是与 TTP 、 Jamaat - ul - Ahrar 或 Lashkar - e - Islam 有关的武装分子，以及路支解放军（ Baluchistan Liberation Army ）的武装分子，后者本月在信德省南部以及路支省西南部发动了高调袭击。
几个巴基斯坦军事人员本月在西南路支省与叛乱分子作战时被杀。
TTP 对 2014 年巴基斯坦最可怕的一次袭击负责，当时巴基斯坦军队的一所学校遭到袭击， 140 人被杀。
大多数是学生，有些是 5 岁的年轻人。
报告中说：“阿富汗境内对两国构成威胁的巴基斯坦外国恐怖主义战斗人员总数估计在 6000 至 6500 人之间，其中大部分是 TTP 。
英国顶级银行汇丰银行 (HSBC) 否认中国华为在美国调查中 “设置陷阱”
总部设在伦敦的跨国银行汇丰银行 (HSBC) 对社交媒体说，这并不像中国媒体所声称的那样，“编造证据” 反对华为，这导致了该公司在加拿大的首席财务长被捕。
在微信上发布的一篇目前不可用的帖子中，贷款人表示，其行为并未触发美国对全球最大电信网络设备供应商的调查，因为华为涉嫌违反美国对伊朗制裁的审查早在 2016 年底银行介入之前就已经开始。
该银行周六表示：“汇丰银行对华为没有任何敌意，也没有 “陷害” 华为，并补充说，它不会歪曲有关客户的任何事实。
" 为了回应美国司法部 [美国司法部] 关于提供信息的要求，汇丰银行集团只是提供了客观事实。
汇丰银行没有 “编造” 证据或 “隐瞒” 事实。
该职位在平台上被封锁，并注意到它 "违反条例" ，现在还没有。
该声明是在包括国有报纸在内的多家中国媒体发布后不久发表的，他们指责汇丰银行 “阴谋” 与华盛顿为华为设置陷阱。
自 2018 年 12 月华为首席财务官孟晚舟因美国逮捕令在加拿大被捕以来，该公司已成为外交丑闻的中心一年半。
Meng 被控利用空壳公司违反对伊朗的制裁，并据称就华为与伊朗公司 Skycom 之间的联系向银行撒谎。
根据《环球时报》引用的新证据，汇丰银行很清楚中国公司与 Skycom 的关系。
据报道，该银行选择与美国政府 “勾结”，以逃避 2012 年更严厉的惩罚，当时银行不得不承认洗钱和违反制裁的行为，包括对伊朗的限制。
当时命令它支付约 19 亿美元的罚款，并防止任何类似的不当行为。
“证据表明，汇丰银行理解这一关系，但故意将其客户的机密商业文件出售给美方，以便美国政府可以忽视英国银行自身的不当行为，而不是根据 2012 年递延起诉协议对其进行惩罚，” 该报在一篇关于此事的文章中说。
在一个含蓄的警告中，北京控制的报纸补充说，如果被证明犯有这种 “串通行为”，出贷人可能会面临中国的 “严厉惩罚”，而中国是汇丰银行的主要市场之一。
这并不是著名银行最近几周首次遭到解雇。
上个月，汇丰银行 (HSBC) 为支持香港新的国家安全法而被解雇，香港是其业务开始的城市，其利润占其利润的一半以上。
该银行面临着来自双方的批评 — — 来自西方，美国国务卿蓬佩奥称这是 “企业卑屈膝”，而东方，据报道，中国方面称其支持 “来迟”。
安哥拉： Pedal ó 医院分配给卫生部
罗安达 ---- 共和国总统若昂・洛伦索星期五决定将在罗安达建造的 Pedro Maria Tonha Pedal ó 医院的监督工作移交给卫生部。
共和国总统新闻办公室在一份说明中指出，这项措施旨在落实政府关于建设和扩大公立医院网络的原则，以确保向民众提供更好的医疗和药品。
"在这一具体情况下，这一想法是向安哥拉人提供一个参考医院，在诊断和治疗高度复杂的疾病方面有区别和配备现代技术和高精度" ，该文件写道。
它强调，安哥拉国家元首的决定还考虑到该国的人口增长，这促使人们对最多样化专业的优质保健服务提出了 "巨大需求" 。
该说明继续指出，这一要求是合理的，因为它被纳入专门治疗复杂疾病、教学和研究、与眼科和母婴医学有关的干预措施的医院，这些领域的战略和管理理应由卫生部负责。
阿尔及利亚： Mahmoud Guemama 之死 ---- 阿尔及利亚，一个爱国者，坚定的激进组织，塞总统特布恩。
阿尔及尔 - 共和国总统阿卜杜勒马吉德・特布恩向星期五去世的全国人民议会议员穆贾德・马哈茂德・古马马表示哀悼，他在信中说，阿尔及利亚 "失去了一位致力于其人民和国家事业的爱国者和好战分子" 。
圣战者马哈茂德・盖马马是一位爱国者，也是一位致力于其人民和国家事业的好战分子，他从未动摇过，从他与英勇的圣战者兄弟们一起拿起武器，直到我们只能听天由命的这一悲惨日子的最后一口气，他的决心始终保持不变， " 特布恩总统在其吊电文中写道。
共和国总统补充说： " 已故的马哈茂德・古马马，和平在他身上，属于为祖国牺牲自己的一代忠实的爱国好战分子。
"死者于 1960 年在具有历史意义的第六省塔哈特训练营加入革命行列，献出了自己的生命，使阿尔及利亚摆脱了卑鄙殖民主义的折磨" 。
特布恩总统说：“已故总统众所周知，他证明了他的好战性，并致力于锚定一个繁荣和统一的阿尔及利亚的形象。
"在遥远的南方，已故的 Mahmoud Guemama 作为调解人享有很高的声誉，只要发生不和的火灾，就干预同一国家的兄弟和解，" 总统在致辞中补充说。
共和国总统写道 : "所有这些品质和价值观赢得了已故马哈茂德・盖马马 (Mahmoud Guemama) 的尊重和信任，塔曼拉塞特 (Tamanrasset) 人民选择他在人民国民议会 (APN) 中代表他们担任多个任期，在此期间，他是该地区关切和人民愿望的大使和捍卫者，甚至是所有阿尔及利亚人的代表和发言人。"
" 所有表示哀悼都不足以向圣战者 Mahmoud Guemama 致敬，愿他安息。
他今天正值阿尔及利亚需要他的时候离开我们， " 总统说。
" 我祈求全能的上帝以他的神圣慈悲包围死者，欢迎他来到他广阔的天堂，与 shuhadaa 和美德一起。
我还祈求上帝给予他的家人和亲人耐心和安慰 … … 除了上帝以外，没有力量或力量，” 共和国总统总结道。
冠状病毒旅行更新：哪些国家在入境时对保加利亚人实行旅行限制
目前，越来越多的国家实行旅行限制。截至本周，捷克共和国希望对保加利亚季节性工人进行冠状病毒检测。丹麦只允许保加利亚人在其领土上进行地址登记、就业合同或证明商务旅行的文件。
截至今天，在过去 14 天内访问过保加利亚和罗马尼亚的人在意大利必须接受强制检疫。在芬兰，只有 “有效理由” 才能入境。
尽管 PCR 检测呈阴性，但奥地利仍然强制实行家庭检疫。对于那些进入德国的人来说，这已经是必要的。在接下来的 14 天内，没有充分理由拒绝进入罗马尼亚南部。希腊在其陆地边界沿线采取了更严格的措施。
外交部宣布，从周二开始，那些从保加利亚飞往希腊的飞机将不得不向希腊边境当局展示冠状病毒 PCR 检测的阴性结果，在他们进入我们的南部邻国之前长达 72 小时。
他们补充说，只有持有这种测试证书的乘客才能进入该国。该证书必须以英文签发，并附有旅客护照或身份证的三个姓名和号码。我们南部邻国当局将不接受不符合这些要求的证书
“旅客应在实验室进行 RT - PCR 检测，从口或鼻中提取分泌物。如果在国家参考实验室，国家卫生实验室或由相关国家认证机构认证的私人实验室进行冠状病毒检测（不一定专门针对 COVID - 19 ），则将识别冠状病毒检测。
这项措施不适用于希腊公民、居住在希腊的公民和出于重大职业原因的旅行者。
希腊外交部还宣布，在 7 月 28 日星期二和 7 月 29 日星期三，没有时间进行测试的乘客将在抵达希腊时接受希腊主管当局的测试。
乘飞机前往希腊的公民必须至少提前 24 小时填写生成 QR 码的电子乘客位置表 (PLF) ，并在进入希腊时出示给希腊当局，这一要求仍然有效。更多信息发布在 travel . gov . gr 上
目前，跨越保加利亚和希腊陆地边界的要求没有变化。 "跨越陆地边界前往希腊的旅客，无论其公民身份如何，都必须在抵达前至少 24 小时填写电子旅客本地化表 (PLF) , 生成 QR 码。"
Ilinden ， Kapitan Petko Voyvoda 和 Makaza 检查站的关闭增加了 Petrich 附近边境的交通。过渡没有问题。没有卡车排队。所有等待的人都在希腊出海。游客等待大约一个半小时才能穿过塔。
保加利亚 - 希腊边界上的三个点正在运作。只有 "Ilinden - Exohi" 和 Ivaylovgrad 的这一部分被关闭。
多米尼克・卡明斯被 SAS 扣为人质。
首相的首席顾问上周在参观基地期间经历了这一经历
多米尼克・卡明斯被人用步枪扣为人质的想法可能是一些骚扰公务员秘密品味的人之一。
但是，总理毫不妥协的首席顾问上周在访问 SAS 总部斯特林线期间刚刚经历了这一经历。
《星期日邮报》可以透露，他周三的部分访问涉及到 “杀戮之家”，那里的精英士兵磨练他们对付恐怖分子的技能。
对 Hereford 基地的导游还包括检查该团的军事装备和关于最近行动的简报，包括在伊拉克消除伊斯兰国家恐怖分子的努力。
对斯特林线的高调游客提供了一个不同寻常的欢迎会 — — 在 “杀戮之家”（ Killing House ）中出现，这是一栋两层楼高的建筑， SAS 在那里进行了
以前的客人包括戴安娜王，她的头发因 1983 年演习中投掷的一枚手榴弹而起火。
据了解，卡明斯先生到达了基地 — — 以该团的创始人大卫・斯特林上校的直升机命名。
他还访问了邻近的 Pontrilas 军训练区，那里有其他绝密部队。
此次访问是他访问英国高度机密的英国安全设施的一部分，这些设施在政客和军事首脑中引起了轩然大波。
本月早些时候，当他的计划消息出现时，保守党的支持者托拜厄斯・埃林伍德 (Tobias Elwood) 说，议员们应该有同样的机会向他询问国防和安全问题，因为他们是为部长和公务员提供的。
由政治家任命的特别顾问很少被要求向选定的委员会提供证据。
据了解，高级 SAS 官员利用周三的活动强调维持皇家海军陆战队和伞兵团人员人数的重要性。
据报告，这些部队提供了特种部队的大部分，可能会缩减或合并，以节省资金。
一位国防消息人士说：“在 250 人的 SAS 中，超过一半的士兵以前是帕拉斯，而在没有皇家海军陆战队的支持下，更小的特别船只服务（ SBS ）无法继续。
“所以卡明斯被告知，这些单元必须完整保存。”
Cummings 先生曾抱怨军事采购 "继续浪费数十亿英镑" , 他最近参加了在 MI5 和 MI6 总部举行的会议，还计划访问位于多塞特普尔的 SBS 总部，以及位于威尔特郡 Porton Down 的政府绝密实验室。
昨晚，国防部没有对提出评论的请求作出回应。
“星期天早上”：庆祝 Rodgers & Hart
2020 年是音乐剧最具传奇色彩的二重奏之一 Richard Rodgers 和 Lorenz Hart 首次专业合作百周年。
为了纪念他们的歌曲创作遗产，百老汇明星 Jelani Alladin （“Frozen”，“Hercules”）和 Christiani Pitts （“King Kong”，“A Bronx Tale”），以及舞者 Richard Riaz Yoder （“Hello , Dolly !”，“Shuffle Along”），展示了 Rodgers & Hart 标准 “The Lady Is a Tramp” 的现代表演，特别为 “ Sunday M
由鼓手布莱恩・卡特的音乐指导和安排，他与协助 Russell Hall 一起表演。
消防员在 Lassen 县的上衣上取得进展
在萨克拉门托东北部的 Lassen 县，消防员们正在对两次野火进行攻击，大火烧毁了 30 ， 000 英亩土地。
据路透社 1 月 23 日报道，据路透社 1 月 23 日报道，据路透社 1 月 23 日报道，据路透社 1 月 23 日报道，据路透社 1 月 23 日报道，据路透社 1 月 23 日报道，据路透社 1 月 23
大火烧毁了四天后，大火吞了 21000 英亩土地，摧毁了 7 所房屋，并将两名消防队员送到医院。
一夜之间，消防员们利用温和的条件来建造和加强控制线。
但是阵风和低湿度预计将在周六举行。
在 Susanville 的西部，一个名为 Hog 火灾的较小的火灾摧毁了两个建筑物，消耗了大约 10 ， 000 英亩。
根据加州林业和消防部的数据，由于消防员们努力清理和加强控制线，大火一夜之间平息了下来。
到了星期六早上，它已经燃烧了 45% ，已经燃烧了 6 天。
在白天的炎热中，在 Susanville 地区温度超过 90 度的情况下，燃烧的斑块有可能燃烧。
虽然一些居民被允许返回家园，但两个火灾区的一些地区仍然处于强制疏散令之下。
在黄金火灾中受伤的两名消防员已出院。
苏格兰 - 英格兰联合链桥 200 岁
连接苏格兰和英格兰的一座桥梁已经超过了 200 万英镑的整修。
在诺森伯兰，联盟链桥穿过苏格兰边境的渔夫河，从苏格兰边境到霍恩克里夫。
在 1820 年开业时，它是世界上最长的锻铁吊桥，跨度为 449 英尺（ 137m ）。
它也是英国第一座这种类型的汽车桥。
这座桥是由英国皇家海军军官塞缪尔・布朗设计的。
他在受到皇家海军船只损失的影响后，获得了专利，并生产了铁链。
联盟链桥和苏格兰土木工程师学会的朋友们一直在纪念该过境点 200 周年。
朋友小组的罗伯特・亨特说：“这确实是世界上最具历史意义的桥梁之一，也是一个迷人的工程。
" 我们计划了一些庆祝活动来纪念这个节日，但不幸的是，他们不得不推迟。
“然而，即将开始的 1000 万英镑的装修工程是最好的生日礼物，并将确保后代能够享受这座桥的辉煌。”
苏格兰冰导演汉纳・史密斯称这座桥是苏格兰工程遗产中 “经常被忽视” 的一部分。
她说：“我们知道它是世界闻名的，而且工作很快就会开始。”
朝鲜宣布紧急状态为 Covid - 19 病例报告
据官方媒体周日报道，朝鲜领导人金正恩在本月非法越境后从韩国返回后，召开了一次紧急政治局会议。
如果得到证实，这将是朝鲜当局正式承认的第一个病例，到目前为止，朝鲜还没有确诊的冠状病毒病例。
据国家通讯社 KCNA 报道，金正日宣布进入紧急状态，并对边境城市开城实施封锁，称这是 “恶性病毒进入该国的危急局势”。
据 KCNA 报道，一名三年前叛逃到韩国的人越过强化边境返回，这将南北韩分割开来，症状表明 Covid - 19 。
KCNA 说：“在开城市发生了一起紧急事件，三年前，一名被怀疑感染了恶性病毒的人在非法跨越分界线后，于 7 月 19 日返回。
KCNA 没有具体提到此人是否接受过检测，但表示 “对此人上呼吸器官和血液分泌的几次体检结果不确定”，促使官员隔离此人并调查他可能接触过的任何人。
朝鲜已经收到了来自俄罗斯和其他国家的数以千计的冠状病毒检测包，并实施了严格的边境封锁。
这个神秘国家数以千计的人被隔离，但最近限制有所缓解。
最近几周，朝鲜还加紧了一场批评韩国叛逃者为 “人渣” 的运动，并呼吁韩国打击向朝鲜发送宣传信息和粮食援助的团体。
Kim 命令对边境沿线的军事单位进行调查，因为该人涉嫌过境， "实施严厉惩罚并采取必要措施" 。
对澳大利亚民主的威胁比中国更接近国内
但是，联邦议会最近通过的一系列措施引起了人们对我们自己的、本土的独裁主义的担忧。
其中包括推出面部识别技术，迫使技术公司解密客户计算机系统上的信息，迫使技术公司在不通知信息所有者的情况下提供客户基于云的信息，并扩大安全情报组织的强制询问权。
这些措施引起了关于公民与政府之间边界的严重问题，但《安全情报组织法案》特别令人担忧。
与其他五眼国家 ---- 美国、加拿大、联合王国和新西兰 ---- 不同的是，在 9 月 11 日之后，安全情报组织被赋予权力，就恐怖主义罪行对人们进行长达 7 天的强制质询。
虽然人们可能承认，与恐怖主义罪行有关的极端暴力为非凡的权力提供了理由 ---- 极端暴力至少为这些非凡的权力提供了一条光明的边界。
对于该法案中用来触发强制质疑权的 "笼统和模糊" 定义，当然不能这样说：处理损害澳大利亚与另一国的 "政治、军事或经济关系" 的信息；或与外国势力合作进行秘密或欺骗性和 "损害澳大利亚利益" 的活动。
很难想象比这更多的 “全面和模糊” 的国家安全立法。
安全情报组织将被允许强制质疑任何人，而不仅仅是犯罪嫌疑人。
这包括记者、商界人士、大学学者和工作人员、律师、公民、居民和来访者。
情报组织只需要表明质疑将 "大大有助于收集关于外国干涉的情报" ，这似乎是该法案的主要目标。
然后可以对此人进行长达 40 小时的审问 (不包括休息时间) 。
如果该人拒绝出席，他们将被逮捕。
拒绝回答或提供虚假或误导的答复将判处最高 5 年徒刑。
在我们的法律制度中至关重要的规则 — — 实际上受到美国宪法的保护 — — 被这个法案推翻了。
人们 — — 包括已经面临指控的人 — — 将被迫提供可能被用来起诉他们的证据。
他们可以有律师在场，但律师仅限于澄清模棱两可或不清楚的问题。
新法案将签发质询令的决定移交给总检察长。
正如情报和安全监察长指出的那样，这 "背离了其他五眼司法管辖区增加外部授权要求的趋势" 。
它还违反了权力分立原则，即法院审查行政部门的行动。
新法案还提议将质疑权扩大到至少 14 岁的儿童，但只适用于那些从事或可能从事不利于保护澳大利亚和人民免遭政治动机暴力的活动的儿童。
即使我们的情报机构是世界上最好的情报机构，授予权力强制质疑任何人关于 "损害澳大利亚与另一国的经济关系" 的信息，或 "损害澳大利亚利益" 的活动超出了苍白的范围。
我们孤军奋战。
到目前为止，没有其他五眼国家，甚至连恐怖主义罪行都没有。
真正的自由民主国家反对独裁措施。
我们的安全机构在窃听东帝汶议会、审判证人 K 和 Bernard Collaery 、秘密审判和监禁一名前情报官员、最近对两名记者执行搜查令以及其中一名记者可能因澳大利亚士兵在阿富汗涉嫌谋杀的报道而受到指控等方面的行为，都表明我们为什么不应该放松警惕。
母亲的尸体， 2 个婴儿在水中发现
当局从乔治亚州的一个池塘里救出一辆水下车辆，发现一名妇女和她的双胞胎 10 个月大的孩子的尸体。
据《奥古斯塔纪事报》报道，里士满县治安官办公室称，机组人员于周五下午在奥古斯塔市市长的池塘里发现了这辆车。
里士满县验尸官马克・鲍恩说，所有三名受害者都在现场被宣布死亡。
当局认定这些尸体是 25 岁的 Shaquia Philpot 和她的婴儿 Caysen 和 Cassus Williams 。
官员们没有透露家庭如何在池塘里长大的细节。
鲍恩说，一名在该地区捕鱼的证人发现了这辆车。
这些尸体将送交格鲁吉亚调查局进行尸检。
此案仍在调查中。
《波斯人》评论：埃斯库罗斯的古老特质
在《波斯人》中，没有太多的行动，甚至连一个阴谋都没有。人们只是磨磨，谈论（当然是激烈的）发生在遥远的事件（承认是悲惨的）。
然而，这部希腊国家剧院的制作释放出强烈的声音和愤怒。在其高峰期，这场演出就像对太阳神经丛的打击，让你喘不过气来 — — 通过在线观看，这种影响只是略有减弱。
《波斯人》（ Dimitris Lignadis ）于公元前 472 年首次制作，被认为是现存最古老的希腊戏剧。这个季米特里斯・利纳迪斯（ Dimitris Lignadis ）舞台剧于周六在埃皮达鲁斯（ Epidaurus ）的古老圆形剧场现场转播；本着剧院的精神，在线上没有任何录音。该场地最初被认为是这座城市的 asclepeion （治疗中心）的一部分，因为希腊人认为身体和灵魂之间的平衡对健康至关重要。让我们
该节目讲述了萨拉米斯海战的后果，这场海战是 2500 年前寡不敌众的希腊人击溃强大的波斯军队的。在我们的视野即将结束的时候，几乎加入现场观众观看（副标题）希腊的现场演员表演数千年历史的戏剧，简直令人眩晕。
埃斯库罗斯自己曾在萨拉米斯战斗过，但他的剧本有一个转折：这位获胜的老战士把他的故事写在被打败的人身上，对他最近的敌人的痛苦表现出相当同情的目光。
一群身穿棕褐色长裙和白色纽扣衬衫的波斯男子开始了诉讼程序。他们在首都焦急地等待着他们的国王薛西斯的消息，他们的国王正在与雅典一起去。
走进薛西斯丧偶的母亲阿托莎王后 (Lydia Koniordou 饰) , 她穿着一件黑色的大礼服，而不是背对着她；她是一个穿着外骨骼面料的人，既脆弱又可怕。科尼奥杜是希腊最伟大的舞台女演员之一，她从内心深处了解这个角色 — — 她曾在希腊国家剧院早期的一部作品《波斯人》中担任导演和主演，这部作品于 2006 年在纽约市中心上演 — — 她在主持演出时似乎一点也不做。在大多数情况下，她站在圆形舞台的中央，毫不费力地投射出愤怒和痛苦的悲伤，因为这场灾难降临到了母国军队身上。
每个人所感受到的忧虑，在令人痛心的细节中，一个信使（ Argyris Pandazaras ）从前线回来，证实了这一点。在一个绝对令人难以置信的场景中，他讲述了这场战斗，随着合唱成员在他周围跳舞，乔尔戈斯・普利奥斯的无人机般的得分上升到震耳欲的水平，他疯狂地鞭打自己。
后来，阿托萨的已故丈夫尼科斯・卡拉塔诺斯 (Nikos Karathanos) 从黑社会召唤出来，以及不知何故从飞机残骸中幸存下来的泽克西斯 (Argyris Xafis) 加入了他们的行列。他的外衣标记血上的细绳 (Eva Nathena 的精美服装总是有助于讲故事) 。角色们在集体悼念仪式中共同哀悼失去的生命和破坏。
我们在美国看到的一些古典戏剧试图以某种方式使其更容易获得，这通常是通过相对自然主义的线条阅读来完成的，目的是使文本不那么陌生，更容易消化。但 Lignadis 和他的剧团完全接受《宣言》，这听起来可能有点强迫现代的耳朵，但却突出了文本的节奏力量。例如，虽然技术上他们不会唱歌，但四位主角基本上是传递叹调，实现了一种感觉超凡脱俗的咒语力量。
不过，我们永远不会忘记，这个游戏的根源在于人类的情绪。
埃及开始为参议院选举登记海外选民数据
根据 NEA 的官方网站，国家选举管理局（ NEA ）周六开始登记选民数据，开始在 8 月 9 日和 10 日举行的参议院选举中投票。
选民必须在 7 月 25 日至 7 月 31 日期间在 NEA 网站上登记他们的数据和驻外外交使团。
NEA 还发布了一个视频，解释选民可以通过电子邮件远程投票的步骤，作为应对冠状病毒大流行的预防措施的一部分。
NEA 说，参议院候选人选举宣传的法律期限从 7 月 26 日至 8 月 8 日。
移民和埃及侨民事务部长纳比拉・马克拉姆呼吁海外埃及选民参加选举，作为他们的宪法权利。
6 月 17 日，埃及众议院批准了一项设立参议院的法律，参议院将作为议会上院。
该法律以三分之二多数票通过，有 4 名议员反对。
参议院将由 300 名成员组成，其中 100 名成员由封闭式名单制度选举产生， 100 名成员由个人制度选举产生， 100 名成员由共和国总统任命。
参议院议员任期为五年，自第一次会议之日起。新议会将在任期结束前的六十天内选出。
200 多名消防员对 Karen Fire Burning 在 Jurupa Valley - CBS 洛杉矶的反应
JURUPA VALLEY （ CBSLA ） — — 周六下午，在 Jurupa Valley 发生了一场野火，导致 200 多名消防员的反应。
据报道， Karen 火灾发生在下午 3 点之后，在 Sierra Avenue 和 Karen Lane 。
大火从大约 5 - 10 英亩增加到下午 8 点左右
最后一次检查的遏制措施是 50% ， 225 名消防员来自 Cal Fire 、 Riverside 县消防部门、 Corona 消防部门和 San Bernardino 县消防部门，现场与大火搏斗。
在火灾方面取得的进展已经停止，但预计资源将在一夜之间保持下去，以监测情况。
没有伤亡或结构性破坏的报告，也没有下令疏散。
阿姆斯特朗与圣贝纳迪诺县之间的 Sierra Avenue 已经关闭。
以色列冠状病毒病例最高 60000 例感染激增
耶路撒冷（路透社） - 由于政府努力遏制感染率的上升，以色列冠状病毒检测呈阳性的人数在周六达到 6 万人。
据卫生部报告，最新的每日数据显示，新感染病例为 1 ， 770 例，使病例总数达到 60 ， 496 例。
以色列有 900 万人口，据报共有 455 人死于这一大流行病。
以色列是最早在全国范围内实行封锁的国家之一，最初成功地遏制了疫情。
每天都有数以百计的病例下降到两位数。
由于担心经济上的损失，政府放松了这些限制 — — 太快了，一些官员已经承认 — — 感染率也在上升。
对各经济部门的新的零星关闭加深了公众的烦恼，引发了每天的示威。
警惕那些看上去太精彩的园艺头
对于植物科学家来说，承认这可能是件令人尴尬的事情，但我是一个完全喜欢花园花招的人。
我喜欢认为这是因为我思想开放，或者只是不理性的乐观，特别是在植物世界里的许多事情往往是非常违反直觉的。
但我并不羞于说，我一生中在园艺方面已经为他们中的许多人跌倒了。
虽然我坚信为自己尝试事情的价值，但如果你不喜欢学习困难的方法，这里有一些我遇到的最常见的花园头。
首先，也许是最严重的罪犯，移植西红柿土豆植物。
作为一个革命性的突破，将西红柿植株移植到土豆根上，事实上是一种古老的植物好奇心，至少可追溯到 20 世纪 20 年代。
因为他们都来自同一个家庭，并且有着广泛相似的内部 “管道”，你确实可以创造出这样的外科手术增强的奇迹。
但问题在于：创建资源密集型结构（如水果和根）需要大量的代谢能量，如果植物试图同时使用它们有限的能量，就不可避免地会分裂。
这意味着这些嫁接植物的产量是可怕的，没有什么比你在营销图片中看到的。
然后是作物以不同的速度成熟的事实，所以要收获土豆，你必须在西红柿成熟之前杀死植物。
在营销图像的问题上，这里也有很多不愉快的交易。
我见过玫瑰 Photoshop 的天空蓝色和果树，在一些主要的目录中，它们的树枝上有生理上不可能的水果。
我甚至看到了我的 Instagram 帐户上的照片，并被购物网络用作审判理由的图像。
令人悲哀的是，少数骑士公司的工作意味着你必须以非常怀疑的眼光观看广告图像，特别是在线广告。
如果它看上去太完美了，那可能是真的。
说到这一点，蓝色在植物界是比较罕见的，所以如果你看到一个耀眼的新石、兰花或仙人掌，在最强烈的蓝色 “消毒剂” 阴影中闪耀，它几乎肯定是被喷或染色的。
这将是很好的，只要供应商明确了这一点，但他们很少这样做。
蓝色的子兰花将恢复到原来的白色，但喷洒仙人掌和海狮，涂在一层光抑制的染料中，不太可能长期存活。
最后，我必须悬挂盆景包，甚至更糟糕的是盆景种子，这种承诺的微型树将从它们的包中发芽。
盆景不是一种植物。
这是一种训练技术，用来给遥远的山顶上的古树带来幻觉。
它们几乎总是从成熟的灌木开始，这些灌木被黑客入侵和新的增长。
我知道我会继续寻找头，这是实验乐趣的一部分。
但是，在这些方面，你可能会发现一个实际上有机会兑现承诺的人。
西班牙检疫：在西班牙需要检疫吗？
没有 — — 但如果你今晚午夜后从西班牙回来，你将不得不在家里隔离 14 天。
英国司法大臣优素福说：“本周早些时候豁免西班牙的决定是在数据显示病毒传播有所改善的情况下做出的。
但显然，最新数据让我们担心推翻这一决定。
“我们理解这将令人失望。然而，我们一直很清楚，我们正在密切监测所有国家的疫情形势，如果病毒复发，我们可能会要求将一个国家从免于检疫要求的地点名单中删除。”
它仍然活跃，仍然是致命的。抑制病毒，防止病毒传播和保护公众健康是我们的首要任务。 "
抵达西班牙的英国旅客没有任何规则，但如果你要前往西班牙，你应该检查你所在地区的当地法规。
西班牙副紧急卫生主任玛丽亚・何塞・塞拉说：
“我们有重要的疫情爆发。这可能是第二波。我们必须看看未来几周会发生什么。”
巴基斯坦的 Imam - Ul - Haq Declared 适合 Bat
巴基斯坦和英格兰将在三个测试和许多 T20Is 中互相对峙。
巴基斯坦击球员伊玛目 - 哈吉已经被球队的医生宣布为合适的球棒，因为他在德比队的一场热身赛中被击中左手边。
巴基斯坦板球委员会（ PCB ）在一份声明中说：“左手击球员在第二天的比赛开始前参加了热身赛。”
在比赛的第一天， PCB 怀特的伊玛目被击中左手边，而在比赛的第一天，他的左手边被击中了。
星期五晚上，伊玛目被 Shah 的一个球击中左手边，被迫退休，但他能够参加上午的热身赛，并将在第三天恢复他的收入。
超过 30 名员工在泰米尔纳德邦单一银行分行检测冠状病毒阳性
泰米尔纳德邦 Tiruchirappalli 的一家国家银行主要分行至少有 38 名员工对冠状病毒检测呈阳性，该银行和当地公民机构的官员表示。
据有关官员透露，到访银行的客户也被告知自愿参加冠状病毒检测。
早些时候，一名患有其他并发症的分支机构高级官员死于 COVID - 19 。
有关官员说，最近在银行举行了大规模医疗检查营地后，出现了积极的病例。
高级银行官员说，消毒过程已经完成，银行可能会从明天恢复运营。
公司卫生官员正在与访问银行的客户保持联系。
泰米尔纳德邦在马哈拉施特拉邦之后的病毒病例最高，截至周六，共有 206737 例阳性病例。
印度总理出席在有争议的地点举行的寺庙奠基仪式
新德里 (美联社) - 印度总理纳伦德拉・莫迪将于下月出席在印度北部一个有争议的地点举行的印度教寺庙奠基仪式，据监督寺庙建设的信托机构称， 1992 年，印度强硬派拆毁了一座 16 世纪的清真寺。
该仪式定于 8 月 5 日举行，组织者说，在占星术上对印度教徒来说是吉利的，但这也标志着印度议会撤销其唯一穆斯林占多数的邦查和克什米尔半自治地位的一年。
莫迪的印度教民族主义印度人民党（ Bharatiya Janata Party ）或印度人民党（ BJP ）的支持者和反对者都不可能错过这一象征意义。印度人民党（ BJP ）几十年来的宣言包括承诺剥夺克什米尔的自治权，并在莫卧儿时代的清真寺曾经立的印度教神拉姆建造一座寺庙。
据世界印度教理事会（ Vishwa Hindu Parishad ）或世界印度教组织（ World Hindu Organization ，一个与印度人民党结盟的印度教民族主义组织）称，由于冠状病毒仍在印度肆虐，而印度的病例数量已位居世界第三，因此该仪式将在国家电视台现场直播，参与者和观众人数将受到限制。
该组织的发言人 Vinod Bansal 在周六的新闻发布会上说，这座庙宇将成为 “社会和谐、民族团结和融合的持久而不的中心，并唤醒印度的生活方式”。
在印度人民党的压倒性选举胜利后，去年解决了一个世纪之久的争议。
11 月，最高法院裁定支持寺庙的信任，称穆斯林的请愿将在另一个地点获得 5 英亩土地。
印度教徒强硬派长期以来一直认为， Mughal 穆斯林侵略者在古城 Ayodya 的一座古庙顶部建造了一座清真寺。
1992 年 12 月，清真寺被毁后发生的骚乱引发了社区暴力，约有 2000 人被杀，其中大部分是穆斯林。
与此同时，拆除法院案件的审判继续在特别法庭审理。
来自莫迪的家乡古吉拉特邦艾哈迈达巴德的一位建筑师提出了一座高耸的砂岩结构 161 英尺（ 49 米）高，有 5 个圆顶。
据印度新闻通讯社报道，北方邦首席部长和印度教僧侣 Yogi Adityanath 要求 Ayodhya 举行一次特别的清洁和净化仪式，并在莫迪访问之前为该市的所有寺庙点燃油灯。
Adityanath 说，这次事件标志着 “500 年斗争” 的结束。